[Renderer.Renderer]: Logging init. Renderer in mode 1
[Normalizer]: noise value: 1.303656
[Normalizer]: min value: 0.483278
[Normalizer]: max value: 1.658979
[Normalizer]: normalized value: 0.697777

[Normalizer]: noise value: 1.024747
[Normalizer]: min value: 0.483278
[Normalizer]: max value: 1.658979
[Normalizer]: normalized value: 0.460550

[Normalizer]: noise value: 1.083896
[Normalizer]: min value: 0.483278
[Normalizer]: max value: 1.658979
[Normalizer]: normalized value: 0.510859

[Normalizer]: noise value: 0.991657
[Normalizer]: min value: 0.483278
[Normalizer]: max value: 1.658979
[Normalizer]: normalized value: 0.432405

[Normalizer]: noise value: 1.219002
[Normalizer]: min value: 0.483278
[Normalizer]: max value: 1.658979
[Normalizer]: normalized value: 0.625775

[Normalizer]: noise value: 0.951705
[Normalizer]: min value: 0.483278
[Normalizer]: max value: 1.658979
[Normalizer]: normalized value: 0.398423

[Normalizer]: noise value: 0.904489
[Normalizer]: min value: 0.483278
[Normalizer]: max value: 1.658979
[Normalizer]: normalized value: 0.358263

[Normalizer]: noise value: 0.763206
[Normalizer]: min value: 0.483278
[Normalizer]: max value: 1.658979
[Normalizer]: normalized value: 0.238095

[Normalizer]: noise value: 1.094485
[Normalizer]: min value: 0.483278
[Normalizer]: max value: 1.658979
[Normalizer]: normalized value: 0.519866

[Normalizer]: noise value: 1.223619
[Normalizer]: min value: 0.483278
[Normalizer]: max value: 1.658979
[Normalizer]: normalized value: 0.629702

[Normalizer]: noise value: 1.334766
[Normalizer]: min value: 0.483278
[Normalizer]: max value: 1.658979
[Normalizer]: normalized value: 0.724238

[Normalizer]: noise value: 0.885868
[Normalizer]: min value: 0.483278
[Normalizer]: max value: 1.658979
[Normalizer]: normalized value: 0.342425

[Normalizer]: noise value: 0.985392
[Normalizer]: min value: 0.483278
[Normalizer]: max value: 1.658979
[Normalizer]: normalized value: 0.427076

[Normalizer]: noise value: 1.186850
[Normalizer]: min value: 0.483278
[Normalizer]: max value: 1.658979
[Normalizer]: normalized value: 0.598427

[Normalizer]: noise value: 1.265551
[Normalizer]: min value: 0.483278
[Normalizer]: max value: 1.658979
[Normalizer]: normalized value: 0.665367

[Normalizer]: noise value: 0.642186
[Normalizer]: min value: 0.483278
[Normalizer]: max value: 1.658979
[Normalizer]: normalized value: 0.135160

[Normalizer]: noise value: 0.989632
[Normalizer]: min value: 0.483278
[Normalizer]: max value: 1.658979
[Normalizer]: normalized value: 0.430683

[Normalizer]: noise value: 1.316985
[Normalizer]: min value: 0.483278
[Normalizer]: max value: 1.658979
[Normalizer]: normalized value: 0.709115

[Normalizer]: noise value: 0.865014
[Normalizer]: min value: 0.483278
[Normalizer]: max value: 1.658979
[Normalizer]: normalized value: 0.324688

[Normalizer]: noise value: 1.123848
[Normalizer]: min value: 0.483278
[Normalizer]: max value: 1.658979
[Normalizer]: normalized value: 0.544841

[Normalizer]: noise value: 1.308097
[Normalizer]: min value: 0.483278
[Normalizer]: max value: 1.658979
[Normalizer]: normalized value: 0.701555

[Normalizer]: noise value: 1.491998
[Normalizer]: min value: 0.483278
[Normalizer]: max value: 1.658979
[Normalizer]: normalized value: 0.857973

[Normalizer]: noise value: 1.071684
[Normalizer]: min value: 0.483278
[Normalizer]: max value: 1.658979
[Normalizer]: normalized value: 0.500472

[Normalizer]: noise value: 0.960852
[Normalizer]: min value: 0.483278
[Normalizer]: max value: 1.658979
[Normalizer]: normalized value: 0.406203

[Normalizer]: noise value: 1.640146
[Normalizer]: min value: 0.483278
[Normalizer]: max value: 1.658979
[Normalizer]: normalized value: 0.983981

[Normalizer]: noise value: 0.876952
[Normalizer]: min value: 0.483278
[Normalizer]: max value: 1.658979
[Normalizer]: normalized value: 0.334842

[Normalizer]: noise value: 1.012472
[Normalizer]: min value: 0.483278
[Normalizer]: max value: 1.658979
[Normalizer]: normalized value: 0.450109

[Normalizer]: noise value: 1.097829
[Normalizer]: min value: 0.483278
[Normalizer]: max value: 1.658979
[Normalizer]: normalized value: 0.522710

[Normalizer]: noise value: 0.824173
[Normalizer]: min value: 0.483278
[Normalizer]: max value: 1.658979
[Normalizer]: normalized value: 0.289950

[Normalizer]: noise value: 0.941958
[Normalizer]: min value: 0.483278
[Normalizer]: max value: 1.658979
[Normalizer]: normalized value: 0.390133

[Normalizer]: noise value: 1.158593
[Normalizer]: min value: 0.483278
[Normalizer]: max value: 1.658979
[Normalizer]: normalized value: 0.574393

[Normalizer]: noise value: 1.353234
[Normalizer]: min value: 0.483278
[Normalizer]: max value: 1.658979
[Normalizer]: normalized value: 0.739946

[Normalizer]: noise value: 1.452525
[Normalizer]: min value: 0.483278
[Normalizer]: max value: 1.658979
[Normalizer]: normalized value: 0.824399

[Normalizer]: noise value: 0.594295
[Normalizer]: min value: 0.483278
[Normalizer]: max value: 1.658979
[Normalizer]: normalized value: 0.094426

[Normalizer]: noise value: 0.994213
[Normalizer]: min value: 0.483278
[Normalizer]: max value: 1.658979
[Normalizer]: normalized value: 0.434578

[Normalizer]: noise value: 1.085050
[Normalizer]: min value: 0.483278
[Normalizer]: max value: 1.658979
[Normalizer]: normalized value: 0.511840

[Normalizer]: noise value: 1.502050
[Normalizer]: min value: 0.483278
[Normalizer]: max value: 1.658979
[Normalizer]: normalized value: 0.866523

[Normalizer]: noise value: 0.825440
[Normalizer]: min value: 0.483278
[Normalizer]: max value: 1.658979
[Normalizer]: normalized value: 0.291028

[Normalizer]: noise value: 1.143687
[Normalizer]: min value: 0.483278
[Normalizer]: max value: 1.658979
[Normalizer]: normalized value: 0.561715

[Normalizer]: noise value: 1.081621
[Normalizer]: min value: 0.483278
[Normalizer]: max value: 1.658979
[Normalizer]: normalized value: 0.508924

[Normalizer]: noise value: 1.029689
[Normalizer]: min value: 0.483278
[Normalizer]: max value: 1.658979
[Normalizer]: normalized value: 0.464753

[Normalizer]: noise value: 0.839460
[Normalizer]: min value: 0.483278
[Normalizer]: max value: 1.658979
[Normalizer]: normalized value: 0.302952

[Normalizer]: noise value: 0.849065
[Normalizer]: min value: 0.483278
[Normalizer]: max value: 1.658979
[Normalizer]: normalized value: 0.311122

[Normalizer]: noise value: 1.127581
[Normalizer]: min value: 0.483278
[Normalizer]: max value: 1.658979
[Normalizer]: normalized value: 0.548016

[Normalizer]: noise value: 1.010055
[Normalizer]: min value: 0.483278
[Normalizer]: max value: 1.658979
[Normalizer]: normalized value: 0.448053

[Normalizer]: noise value: 0.983628
[Normalizer]: min value: 0.483278
[Normalizer]: max value: 1.658979
[Normalizer]: normalized value: 0.425576

[Normalizer]: noise value: 1.233427
[Normalizer]: min value: 0.483278
[Normalizer]: max value: 1.658979
[Normalizer]: normalized value: 0.638044

[Normalizer]: noise value: 1.259687
[Normalizer]: min value: 0.483278
[Normalizer]: max value: 1.658979
[Normalizer]: normalized value: 0.660379

[Normalizer]: noise value: 0.910548
[Normalizer]: min value: 0.483278
[Normalizer]: max value: 1.658979
[Normalizer]: normalized value: 0.363417

[Normalizer]: noise value: 1.159953
[Normalizer]: min value: 0.483278
[Normalizer]: max value: 1.658979
[Normalizer]: normalized value: 0.575550

[Normalizer]: noise value: 0.869956
[Normalizer]: min value: 0.483278
[Normalizer]: max value: 1.658979
[Normalizer]: normalized value: 0.328891

[Normalizer]: noise value: 1.509600
[Normalizer]: min value: 0.483278
[Normalizer]: max value: 1.658979
[Normalizer]: normalized value: 0.872945

[Normalizer]: noise value: 1.251494
[Normalizer]: min value: 0.483278
[Normalizer]: max value: 1.658979
[Normalizer]: normalized value: 0.653410

[Normalizer]: noise value: 1.273113
[Normalizer]: min value: 0.483278
[Normalizer]: max value: 1.658979
[Normalizer]: normalized value: 0.671799

[Normalizer]: noise value: 0.878143
[Normalizer]: min value: 0.483278
[Normalizer]: max value: 1.658979
[Normalizer]: normalized value: 0.335855

[Normalizer]: noise value: 1.408648
[Normalizer]: min value: 0.483278
[Normalizer]: max value: 1.658979
[Normalizer]: normalized value: 0.787079

[Normalizer]: noise value: 0.962563
[Normalizer]: min value: 0.483278
[Normalizer]: max value: 1.658979
[Normalizer]: normalized value: 0.407659

[Normalizer]: noise value: 1.339223
[Normalizer]: min value: 0.483278
[Normalizer]: max value: 1.658979
[Normalizer]: normalized value: 0.728029

[Normalizer]: noise value: 1.104570
[Normalizer]: min value: 0.483278
[Normalizer]: max value: 1.658979
[Normalizer]: normalized value: 0.528444

[Normalizer]: noise value: 0.917137
[Normalizer]: min value: 0.483278
[Normalizer]: max value: 1.658979
[Normalizer]: normalized value: 0.369022

[Normalizer]: noise value: 0.837985
[Normalizer]: min value: 0.483278
[Normalizer]: max value: 1.658979
[Normalizer]: normalized value: 0.301698

[Normalizer]: noise value: 1.179582
[Normalizer]: min value: 0.483278
[Normalizer]: max value: 1.658979
[Normalizer]: normalized value: 0.592245

[Normalizer]: noise value: 1.421720
[Normalizer]: min value: 0.483278
[Normalizer]: max value: 1.658979
[Normalizer]: normalized value: 0.798198

[Normalizer]: noise value: 0.941641
[Normalizer]: min value: 0.483278
[Normalizer]: max value: 1.658979
[Normalizer]: normalized value: 0.389864

[Normalizer]: noise value: 0.918977
[Normalizer]: min value: 0.483278
[Normalizer]: max value: 1.658979
[Normalizer]: normalized value: 0.370586

[Normalizer]: noise value: 0.719399
[Normalizer]: min value: 0.483278
[Normalizer]: max value: 1.658979
[Normalizer]: normalized value: 0.200834

[Normalizer]: noise value: 1.070625
[Normalizer]: min value: 0.483278
[Normalizer]: max value: 1.658979
[Normalizer]: normalized value: 0.499571

[Normalizer]: noise value: 1.077743
[Normalizer]: min value: 0.483278
[Normalizer]: max value: 1.658979
[Normalizer]: normalized value: 0.505625

[Normalizer]: noise value: 1.027985
[Normalizer]: min value: 0.483278
[Normalizer]: max value: 1.658979
[Normalizer]: normalized value: 0.463304

[Normalizer]: noise value: 0.995130
[Normalizer]: min value: 0.483278
[Normalizer]: max value: 1.658979
[Normalizer]: normalized value: 0.435359

[Normalizer]: noise value: 1.150703
[Normalizer]: min value: 0.483278
[Normalizer]: max value: 1.658979
[Normalizer]: normalized value: 0.567682

[Normalizer]: noise value: 0.938401
[Normalizer]: min value: 0.483278
[Normalizer]: max value: 1.658979
[Normalizer]: normalized value: 0.387107

[Normalizer]: noise value: 0.880164
[Normalizer]: min value: 0.483278
[Normalizer]: max value: 1.658979
[Normalizer]: normalized value: 0.337573

[Normalizer]: noise value: 1.281945
[Normalizer]: min value: 0.483278
[Normalizer]: max value: 1.658979
[Normalizer]: normalized value: 0.679311

[Normalizer]: noise value: 1.500240
[Normalizer]: min value: 0.483278
[Normalizer]: max value: 1.658979
[Normalizer]: normalized value: 0.864983

[Normalizer]: noise value: 0.946796
[Normalizer]: min value: 0.483278
[Normalizer]: max value: 1.658979
[Normalizer]: normalized value: 0.394248

[Normalizer]: noise value: 0.799296
[Normalizer]: min value: 0.483278
[Normalizer]: max value: 1.658979
[Normalizer]: normalized value: 0.268791

[Normalizer]: noise value: 0.784357
[Normalizer]: min value: 0.483278
[Normalizer]: max value: 1.658979
[Normalizer]: normalized value: 0.256085

[Normalizer]: noise value: 0.927196
[Normalizer]: min value: 0.483278
[Normalizer]: max value: 1.658979
[Normalizer]: normalized value: 0.377577

[Normalizer]: noise value: 0.783348
[Normalizer]: min value: 0.483278
[Normalizer]: max value: 1.658979
[Normalizer]: normalized value: 0.255227

[Normalizer]: noise value: 1.125392
[Normalizer]: min value: 0.483278
[Normalizer]: max value: 1.658979
[Normalizer]: normalized value: 0.546154

[Normalizer]: noise value: 1.376663
[Normalizer]: min value: 0.483278
[Normalizer]: max value: 1.658979
[Normalizer]: normalized value: 0.759874

[Normalizer]: noise value: 1.141265
[Normalizer]: min value: 0.483278
[Normalizer]: max value: 1.658979
[Normalizer]: normalized value: 0.559655

[Normalizer]: noise value: 1.419756
[Normalizer]: min value: 0.483278
[Normalizer]: max value: 1.658979
[Normalizer]: normalized value: 0.796527

[Normalizer]: noise value: 1.551873
[Normalizer]: min value: 0.483278
[Normalizer]: max value: 1.658979
[Normalizer]: normalized value: 0.908900

[Normalizer]: noise value: 1.205662
[Normalizer]: min value: 0.483278
[Normalizer]: max value: 1.658979
[Normalizer]: normalized value: 0.614428

[Normalizer]: noise value: 0.976361
[Normalizer]: min value: 0.483278
[Normalizer]: max value: 1.658979
[Normalizer]: normalized value: 0.419394

[Normalizer]: noise value: 0.972303
[Normalizer]: min value: 0.483278
[Normalizer]: max value: 1.658979
[Normalizer]: normalized value: 0.415943

[Normalizer]: noise value: 1.321089
[Normalizer]: min value: 0.483278
[Normalizer]: max value: 1.658979
[Normalizer]: normalized value: 0.712605

[Normalizer]: noise value: 0.916313
[Normalizer]: min value: 0.483278
[Normalizer]: max value: 1.658979
[Normalizer]: normalized value: 0.368321

[Normalizer]: noise value: 1.137458
[Normalizer]: min value: 0.483278
[Normalizer]: max value: 1.658979
[Normalizer]: normalized value: 0.556416

[Normalizer]: noise value: 1.223067
[Normalizer]: min value: 0.483278
[Normalizer]: max value: 1.658979
[Normalizer]: normalized value: 0.629232

[Normalizer]: noise value: 1.565494
[Normalizer]: min value: 0.483278
[Normalizer]: max value: 1.658979
[Normalizer]: normalized value: 0.920486

[Normalizer]: noise value: 1.027459
[Normalizer]: min value: 0.483278
[Normalizer]: max value: 1.658979
[Normalizer]: normalized value: 0.462856

[Normalizer]: noise value: 1.178979
[Normalizer]: min value: 0.483278
[Normalizer]: max value: 1.658979
[Normalizer]: normalized value: 0.591732

[Normalizer]: noise value: 0.845071
[Normalizer]: min value: 0.483278
[Normalizer]: max value: 1.658979
[Normalizer]: normalized value: 0.307725

[Normalizer]: noise value: 0.806089
[Normalizer]: min value: 0.483278
[Normalizer]: max value: 1.658979
[Normalizer]: normalized value: 0.274569

[Normalizer]: noise value: 1.059568
[Normalizer]: min value: 0.483278
[Normalizer]: max value: 1.658979
[Normalizer]: normalized value: 0.490167

[Normalizer]: noise value: 1.381226
[Normalizer]: min value: 0.483278
[Normalizer]: max value: 1.658979
[Normalizer]: normalized value: 0.763755

[Normalizer]: noise value: 0.927616
[Normalizer]: min value: 0.483278
[Normalizer]: max value: 1.658979
[Normalizer]: normalized value: 0.377934

[Normalizer]: noise value: 1.121184
[Normalizer]: min value: 0.483278
[Normalizer]: max value: 1.658979
[Normalizer]: normalized value: 0.542575

[Normalizer]: noise value: 1.211693
[Normalizer]: min value: 0.483278
[Normalizer]: max value: 1.658979
[Normalizer]: normalized value: 0.619558

[Normalizer]: noise value: 1.082780
[Normalizer]: min value: 0.483278
[Normalizer]: max value: 1.658979
[Normalizer]: normalized value: 0.509910

[Normalizer]: noise value: 1.006283
[Normalizer]: min value: 0.483278
[Normalizer]: max value: 1.658979
[Normalizer]: normalized value: 0.444845

[Normalizer]: noise value: 1.369223
[Normalizer]: min value: 0.483278
[Normalizer]: max value: 1.658979
[Normalizer]: normalized value: 0.753546

[Normalizer]: noise value: 1.026697
[Normalizer]: min value: 0.483278
[Normalizer]: max value: 1.658979
[Normalizer]: normalized value: 0.462208

[Normalizer]: noise value: 1.417517
[Normalizer]: min value: 0.483278
[Normalizer]: max value: 1.658979
[Normalizer]: normalized value: 0.794623

[Normalizer]: noise value: 0.975478
[Normalizer]: min value: 0.483278
[Normalizer]: max value: 1.658979
[Normalizer]: normalized value: 0.418643

[Normalizer]: noise value: 0.888123
[Normalizer]: min value: 0.483278
[Normalizer]: max value: 1.658979
[Normalizer]: normalized value: 0.344343

[Normalizer]: noise value: 1.179711
[Normalizer]: min value: 0.483278
[Normalizer]: max value: 1.658979
[Normalizer]: normalized value: 0.592356

[Normalizer]: noise value: 1.007308
[Normalizer]: min value: 0.483278
[Normalizer]: max value: 1.658979
[Normalizer]: normalized value: 0.445717

[Normalizer]: noise value: 0.849240
[Normalizer]: min value: 0.483278
[Normalizer]: max value: 1.658979
[Normalizer]: normalized value: 0.311271

[Normalizer]: noise value: 1.132807
[Normalizer]: min value: 0.483278
[Normalizer]: max value: 1.658979
[Normalizer]: normalized value: 0.552461

[Normalizer]: noise value: 0.664013
[Normalizer]: min value: 0.483278
[Normalizer]: max value: 1.658979
[Normalizer]: normalized value: 0.153725

[Normalizer]: noise value: 1.339621
[Normalizer]: min value: 0.483278
[Normalizer]: max value: 1.658979
[Normalizer]: normalized value: 0.728368

[Normalizer]: noise value: 1.533809
[Normalizer]: min value: 0.483278
[Normalizer]: max value: 1.658979
[Normalizer]: normalized value: 0.893536

[Normalizer]: noise value: 1.354248
[Normalizer]: min value: 0.483278
[Normalizer]: max value: 1.658979
[Normalizer]: normalized value: 0.740809

[Normalizer]: noise value: 0.947972
[Normalizer]: min value: 0.483278
[Normalizer]: max value: 1.658979
[Normalizer]: normalized value: 0.395248

[Normalizer]: noise value: 1.394507
[Normalizer]: min value: 0.483278
[Normalizer]: max value: 1.658979
[Normalizer]: normalized value: 0.775052

[Normalizer]: noise value: 0.833408
[Normalizer]: min value: 0.483278
[Normalizer]: max value: 1.658979
[Normalizer]: normalized value: 0.297805

[Normalizer]: noise value: 1.073777
[Normalizer]: min value: 0.483278
[Normalizer]: max value: 1.658979
[Normalizer]: normalized value: 0.502253

[Normalizer]: noise value: 1.358079
[Normalizer]: min value: 0.483278
[Normalizer]: max value: 1.658979
[Normalizer]: normalized value: 0.744067

[Normalizer]: noise value: 0.649015
[Normalizer]: min value: 0.483278
[Normalizer]: max value: 1.658979
[Normalizer]: normalized value: 0.140968

[Normalizer]: noise value: 1.092704
[Normalizer]: min value: 0.483278
[Normalizer]: max value: 1.658979
[Normalizer]: normalized value: 0.518351

[Normalizer]: noise value: 1.049437
[Normalizer]: min value: 0.483278
[Normalizer]: max value: 1.658979
[Normalizer]: normalized value: 0.481550

[Normalizer]: noise value: 1.023901
[Normalizer]: min value: 0.483278
[Normalizer]: max value: 1.658979
[Normalizer]: normalized value: 0.459830

[Normalizer]: noise value: 1.126701
[Normalizer]: min value: 0.483278
[Normalizer]: max value: 1.658979
[Normalizer]: normalized value: 0.547267

[Normalizer]: noise value: 1.189423
[Normalizer]: min value: 0.483278
[Normalizer]: max value: 1.658979
[Normalizer]: normalized value: 0.600616

[Normalizer]: noise value: 1.331528
[Normalizer]: min value: 0.483278
[Normalizer]: max value: 1.658979
[Normalizer]: normalized value: 0.721485

[Normalizer]: noise value: 1.247163
[Normalizer]: min value: 0.483278
[Normalizer]: max value: 1.658979
[Normalizer]: normalized value: 0.649727

[Normalizer]: noise value: 0.984512
[Normalizer]: min value: 0.483278
[Normalizer]: max value: 1.658979
[Normalizer]: normalized value: 0.426327

[Normalizer]: noise value: 0.610692
[Normalizer]: min value: 0.483278
[Normalizer]: max value: 1.658979
[Normalizer]: normalized value: 0.108372

[Normalizer]: noise value: 0.973268
[Normalizer]: min value: 0.483278
[Normalizer]: max value: 1.658979
[Normalizer]: normalized value: 0.416764

[Normalizer]: noise value: 1.207334
[Normalizer]: min value: 0.483278
[Normalizer]: max value: 1.658979
[Normalizer]: normalized value: 0.615850

[Normalizer]: noise value: 0.646994
[Normalizer]: min value: 0.483278
[Normalizer]: max value: 1.658979
[Normalizer]: normalized value: 0.139250

[Normalizer]: noise value: 1.615142
[Normalizer]: min value: 0.483278
[Normalizer]: max value: 1.658979
[Normalizer]: normalized value: 0.962714

[Normalizer]: noise value: 1.109025
[Normalizer]: min value: 0.483278
[Normalizer]: max value: 1.658979
[Normalizer]: normalized value: 0.532233

[Normalizer]: noise value: 1.072114
[Normalizer]: min value: 0.483278
[Normalizer]: max value: 1.658979
[Normalizer]: normalized value: 0.500838

[Normalizer]: noise value: 0.891352
[Normalizer]: min value: 0.483278
[Normalizer]: max value: 1.658979
[Normalizer]: normalized value: 0.347090

[Normalizer]: noise value: 1.182588
[Normalizer]: min value: 0.483278
[Normalizer]: max value: 1.658979
[Normalizer]: normalized value: 0.594803

[Normalizer]: noise value: 1.054038
[Normalizer]: min value: 0.483278
[Normalizer]: max value: 1.658979
[Normalizer]: normalized value: 0.485464

[Normalizer]: noise value: 0.725613
[Normalizer]: min value: 0.483278
[Normalizer]: max value: 1.658979
[Normalizer]: normalized value: 0.206119

[Normalizer]: noise value: 0.659349
[Normalizer]: min value: 0.483278
[Normalizer]: max value: 1.658979
[Normalizer]: normalized value: 0.149758

[Normalizer]: noise value: 0.907430
[Normalizer]: min value: 0.483278
[Normalizer]: max value: 1.658979
[Normalizer]: normalized value: 0.360765

[Normalizer]: noise value: 0.924779
[Normalizer]: min value: 0.483278
[Normalizer]: max value: 1.658979
[Normalizer]: normalized value: 0.375522

[Normalizer]: noise value: 1.271921
[Normalizer]: min value: 0.483278
[Normalizer]: max value: 1.658979
[Normalizer]: normalized value: 0.670785

[Normalizer]: noise value: 1.144026
[Normalizer]: min value: 0.483278
[Normalizer]: max value: 1.658979
[Normalizer]: normalized value: 0.562003

[Normalizer]: noise value: 1.014502
[Normalizer]: min value: 0.483278
[Normalizer]: max value: 1.658979
[Normalizer]: normalized value: 0.451836

[Normalizer]: noise value: 1.184782
[Normalizer]: min value: 0.483278
[Normalizer]: max value: 1.658979
[Normalizer]: normalized value: 0.596669

[Normalizer]: noise value: 1.071905
[Normalizer]: min value: 0.483278
[Normalizer]: max value: 1.658979
[Normalizer]: normalized value: 0.500660

[Normalizer]: noise value: 1.294532
[Normalizer]: min value: 0.483278
[Normalizer]: max value: 1.658979
[Normalizer]: normalized value: 0.690017

[Normalizer]: noise value: 1.412941
[Normalizer]: min value: 0.483278
[Normalizer]: max value: 1.658979
[Normalizer]: normalized value: 0.790731

[Normalizer]: noise value: 0.893685
[Normalizer]: min value: 0.483278
[Normalizer]: max value: 1.658979
[Normalizer]: normalized value: 0.349074

[Normalizer]: noise value: 0.896823
[Normalizer]: min value: 0.483278
[Normalizer]: max value: 1.658979
[Normalizer]: normalized value: 0.351743

[Normalizer]: noise value: 1.225157
[Normalizer]: min value: 0.483278
[Normalizer]: max value: 1.658979
[Normalizer]: normalized value: 0.631010

[Normalizer]: noise value: 1.204356
[Normalizer]: min value: 0.483278
[Normalizer]: max value: 1.658979
[Normalizer]: normalized value: 0.613318

[Normalizer]: noise value: 1.193941
[Normalizer]: min value: 0.483278
[Normalizer]: max value: 1.658979
[Normalizer]: normalized value: 0.604459

[Normalizer]: noise value: 0.763611
[Normalizer]: min value: 0.483278
[Normalizer]: max value: 1.658979
[Normalizer]: normalized value: 0.238438

[Normalizer]: noise value: 1.122924
[Normalizer]: min value: 0.483278
[Normalizer]: max value: 1.658979
[Normalizer]: normalized value: 0.544055

[Normalizer]: noise value: 1.265448
[Normalizer]: min value: 0.483278
[Normalizer]: max value: 1.658979
[Normalizer]: normalized value: 0.665279

[Normalizer]: noise value: 1.276685
[Normalizer]: min value: 0.483278
[Normalizer]: max value: 1.658979
[Normalizer]: normalized value: 0.674837

[Normalizer]: noise value: 1.123816
[Normalizer]: min value: 0.483278
[Normalizer]: max value: 1.658979
[Normalizer]: normalized value: 0.544814

[Normalizer]: noise value: 1.124454
[Normalizer]: min value: 0.483278
[Normalizer]: max value: 1.658979
[Normalizer]: normalized value: 0.545356

[Normalizer]: noise value: 1.173392
[Normalizer]: min value: 0.483278
[Normalizer]: max value: 1.658979
[Normalizer]: normalized value: 0.586980

[Normalizer]: noise value: 0.970878
[Normalizer]: min value: 0.483278
[Normalizer]: max value: 1.658979
[Normalizer]: normalized value: 0.414731

[Normalizer]: noise value: 0.897756
[Normalizer]: min value: 0.483278
[Normalizer]: max value: 1.658979
[Normalizer]: normalized value: 0.352536

[Normalizer]: noise value: 1.245038
[Normalizer]: min value: 0.483278
[Normalizer]: max value: 1.658979
[Normalizer]: normalized value: 0.647920

[Normalizer]: noise value: 1.138370
[Normalizer]: min value: 0.483278
[Normalizer]: max value: 1.658979
[Normalizer]: normalized value: 0.557193

[Normalizer]: noise value: 0.934160
[Normalizer]: min value: 0.483278
[Normalizer]: max value: 1.658979
[Normalizer]: normalized value: 0.383500

[Normalizer]: noise value: 1.515821
[Normalizer]: min value: 0.483278
[Normalizer]: max value: 1.658979
[Normalizer]: normalized value: 0.878236

[Normalizer]: noise value: 1.120010
[Normalizer]: min value: 0.483278
[Normalizer]: max value: 1.658979
[Normalizer]: normalized value: 0.541576

[Normalizer]: noise value: 0.832415
[Normalizer]: min value: 0.483278
[Normalizer]: max value: 1.658979
[Normalizer]: normalized value: 0.296960

[Normalizer]: noise value: 1.106756
[Normalizer]: min value: 0.483278
[Normalizer]: max value: 1.658979
[Normalizer]: normalized value: 0.530303

[Normalizer]: noise value: 1.034124
[Normalizer]: min value: 0.483278
[Normalizer]: max value: 1.658979
[Normalizer]: normalized value: 0.468525

[Normalizer]: noise value: 0.890679
[Normalizer]: min value: 0.483278
[Normalizer]: max value: 1.658979
[Normalizer]: normalized value: 0.346517

[Normalizer]: noise value: 0.942090
[Normalizer]: min value: 0.483278
[Normalizer]: max value: 1.658979
[Normalizer]: normalized value: 0.390245

[Normalizer]: noise value: 1.143894
[Normalizer]: min value: 0.483278
[Normalizer]: max value: 1.658979
[Normalizer]: normalized value: 0.561891

[Normalizer]: noise value: 1.053447
[Normalizer]: min value: 0.483278
[Normalizer]: max value: 1.658979
[Normalizer]: normalized value: 0.484960

[Normalizer]: noise value: 1.254049
[Normalizer]: min value: 0.483278
[Normalizer]: max value: 1.658979
[Normalizer]: normalized value: 0.655584

[Normalizer]: noise value: 1.089001
[Normalizer]: min value: 0.483278
[Normalizer]: max value: 1.658979
[Normalizer]: normalized value: 0.515202

[Normalizer]: noise value: 1.313955
[Normalizer]: min value: 0.483278
[Normalizer]: max value: 1.658979
[Normalizer]: normalized value: 0.706537

[Normalizer]: noise value: 1.232723
[Normalizer]: min value: 0.483278
[Normalizer]: max value: 1.658979
[Normalizer]: normalized value: 0.637445

[Normalizer]: noise value: 1.000528
[Normalizer]: min value: 0.483278
[Normalizer]: max value: 1.658979
[Normalizer]: normalized value: 0.439950

[Normalizer]: noise value: 1.193226
[Normalizer]: min value: 0.483278
[Normalizer]: max value: 1.658979
[Normalizer]: normalized value: 0.603851

[Normalizer]: noise value: 1.330119
[Normalizer]: min value: 0.483278
[Normalizer]: max value: 1.658979
[Normalizer]: normalized value: 0.720286

[Normalizer]: noise value: 1.364965
[Normalizer]: min value: 0.483278
[Normalizer]: max value: 1.658979
[Normalizer]: normalized value: 0.749924

[Normalizer]: noise value: 0.574207
[Normalizer]: min value: 0.483278
[Normalizer]: max value: 1.658979
[Normalizer]: normalized value: 0.077340

[Normalizer]: noise value: 1.168593
[Normalizer]: min value: 0.483278
[Normalizer]: max value: 1.658979
[Normalizer]: normalized value: 0.582899

[Normalizer]: noise value: 1.171837
[Normalizer]: min value: 0.483278
[Normalizer]: max value: 1.658979
[Normalizer]: normalized value: 0.585658

[Normalizer]: noise value: 1.445914
[Normalizer]: min value: 0.483278
[Normalizer]: max value: 1.658979
[Normalizer]: normalized value: 0.818776

[Normalizer]: noise value: 1.019877
[Normalizer]: min value: 0.483278
[Normalizer]: max value: 1.658979
[Normalizer]: normalized value: 0.456407

[Normalizer]: noise value: 1.255836
[Normalizer]: min value: 0.483278
[Normalizer]: max value: 1.658979
[Normalizer]: normalized value: 0.657104

[Normalizer]: noise value: 0.977556
[Normalizer]: min value: 0.483278
[Normalizer]: max value: 1.658979
[Normalizer]: normalized value: 0.420411

[Normalizer]: noise value: 1.173114
[Normalizer]: min value: 0.483278
[Normalizer]: max value: 1.658979
[Normalizer]: normalized value: 0.586744

[Normalizer]: noise value: 1.222063
[Normalizer]: min value: 0.483278
[Normalizer]: max value: 1.658979
[Normalizer]: normalized value: 0.628378

[Normalizer]: noise value: 1.096536
[Normalizer]: min value: 0.483278
[Normalizer]: max value: 1.658979
[Normalizer]: normalized value: 0.521610

[Normalizer]: noise value: 1.438340
[Normalizer]: min value: 0.483278
[Normalizer]: max value: 1.658979
[Normalizer]: normalized value: 0.812334

[Normalizer]: noise value: 1.314506
[Normalizer]: min value: 0.483278
[Normalizer]: max value: 1.658979
[Normalizer]: normalized value: 0.707006

[Normalizer]: noise value: 1.119418
[Normalizer]: min value: 0.483278
[Normalizer]: max value: 1.658979
[Normalizer]: normalized value: 0.541073

[Normalizer]: noise value: 1.036194
[Normalizer]: min value: 0.483278
[Normalizer]: max value: 1.658979
[Normalizer]: normalized value: 0.470286

[Normalizer]: noise value: 1.029635
[Normalizer]: min value: 0.483278
[Normalizer]: max value: 1.658979
[Normalizer]: normalized value: 0.464707

[Normalizer]: noise value: 1.420013
[Normalizer]: min value: 0.483278
[Normalizer]: max value: 1.658979
[Normalizer]: normalized value: 0.796746

[Normalizer]: noise value: 1.360799
[Normalizer]: min value: 0.483278
[Normalizer]: max value: 1.658979
[Normalizer]: normalized value: 0.746381

[Normalizer]: noise value: 0.817775
[Normalizer]: min value: 0.483278
[Normalizer]: max value: 1.658979
[Normalizer]: normalized value: 0.284508

[Normalizer]: noise value: 0.937078
[Normalizer]: min value: 0.483278
[Normalizer]: max value: 1.658979
[Normalizer]: normalized value: 0.385983

[Normalizer]: noise value: 0.683107
[Normalizer]: min value: 0.483278
[Normalizer]: max value: 1.658979
[Normalizer]: normalized value: 0.169965

[Normalizer]: noise value: 1.110548
[Normalizer]: min value: 0.483278
[Normalizer]: max value: 1.658979
[Normalizer]: normalized value: 0.533528

[Normalizer]: noise value: 1.371051
[Normalizer]: min value: 0.483278
[Normalizer]: max value: 1.658979
[Normalizer]: normalized value: 0.755101

[Normalizer]: noise value: 0.978893
[Normalizer]: min value: 0.483278
[Normalizer]: max value: 1.658979
[Normalizer]: normalized value: 0.421549

[Normalizer]: noise value: 0.980047
[Normalizer]: min value: 0.483278
[Normalizer]: max value: 1.658979
[Normalizer]: normalized value: 0.422530

[Normalizer]: noise value: 0.968305
[Normalizer]: min value: 0.483278
[Normalizer]: max value: 1.658979
[Normalizer]: normalized value: 0.412542

[Normalizer]: noise value: 1.215588
[Normalizer]: min value: 0.483278
[Normalizer]: max value: 1.658979
[Normalizer]: normalized value: 0.622871

[Normalizer]: noise value: 1.049287
[Normalizer]: min value: 0.483278
[Normalizer]: max value: 1.658979
[Normalizer]: normalized value: 0.481423

[Normalizer]: noise value: 1.225664
[Normalizer]: min value: 0.483278
[Normalizer]: max value: 1.658979
[Normalizer]: normalized value: 0.631441

[Normalizer]: noise value: 1.333182
[Normalizer]: min value: 0.483278
[Normalizer]: max value: 1.658979
[Normalizer]: normalized value: 0.722891

[Normalizer]: noise value: 0.942933
[Normalizer]: min value: 0.483278
[Normalizer]: max value: 1.658979
[Normalizer]: normalized value: 0.390963

[Normalizer]: noise value: 1.569535
[Normalizer]: min value: 0.483278
[Normalizer]: max value: 1.658979
[Normalizer]: normalized value: 0.923923

[Normalizer]: noise value: 1.273432
[Normalizer]: min value: 0.483278
[Normalizer]: max value: 1.658979
[Normalizer]: normalized value: 0.672070

[Normalizer]: noise value: 0.947279
[Normalizer]: min value: 0.483278
[Normalizer]: max value: 1.658979
[Normalizer]: normalized value: 0.394658

[Normalizer]: noise value: 0.793997
[Normalizer]: min value: 0.483278
[Normalizer]: max value: 1.658979
[Normalizer]: normalized value: 0.264284

[Normalizer]: noise value: 0.909282
[Normalizer]: min value: 0.483278
[Normalizer]: max value: 1.658979
[Normalizer]: normalized value: 0.362341

[Normalizer]: noise value: 1.139599
[Normalizer]: min value: 0.483278
[Normalizer]: max value: 1.658979
[Normalizer]: normalized value: 0.558238

[Normalizer]: noise value: 0.868960
[Normalizer]: min value: 0.483278
[Normalizer]: max value: 1.658979
[Normalizer]: normalized value: 0.328044

[Normalizer]: noise value: 1.344861
[Normalizer]: min value: 0.483278
[Normalizer]: max value: 1.658979
[Normalizer]: normalized value: 0.732825

[Normalizer]: noise value: 0.908702
[Normalizer]: min value: 0.483278
[Normalizer]: max value: 1.658979
[Normalizer]: normalized value: 0.361847

[Normalizer]: noise value: 0.882243
[Normalizer]: min value: 0.483278
[Normalizer]: max value: 1.658979
[Normalizer]: normalized value: 0.339342

[Normalizer]: noise value: 0.993614
[Normalizer]: min value: 0.483278
[Normalizer]: max value: 1.658979
[Normalizer]: normalized value: 0.434069

[Normalizer]: noise value: 1.291473
[Normalizer]: min value: 0.483278
[Normalizer]: max value: 1.658979
[Normalizer]: normalized value: 0.687416

[Normalizer]: noise value: 1.201319
[Normalizer]: min value: 0.483278
[Normalizer]: max value: 1.658979
[Normalizer]: normalized value: 0.610734

[Normalizer]: noise value: 0.660940
[Normalizer]: min value: 0.483278
[Normalizer]: max value: 1.658979
[Normalizer]: normalized value: 0.151112

[Normalizer]: noise value: 1.110870
[Normalizer]: min value: 0.483278
[Normalizer]: max value: 1.658979
[Normalizer]: normalized value: 0.533802

[Normalizer]: noise value: 0.993674
[Normalizer]: min value: 0.483278
[Normalizer]: max value: 1.658979
[Normalizer]: normalized value: 0.434121

[Normalizer]: noise value: 1.113656
[Normalizer]: min value: 0.483278
[Normalizer]: max value: 1.658979
[Normalizer]: normalized value: 0.536172

[Normalizer]: noise value: 1.054261
[Normalizer]: min value: 0.483278
[Normalizer]: max value: 1.658979
[Normalizer]: normalized value: 0.485653

[Normalizer]: noise value: 1.040963
[Normalizer]: min value: 0.483278
[Normalizer]: max value: 1.658979
[Normalizer]: normalized value: 0.474342

[Normalizer]: noise value: 0.992918
[Normalizer]: min value: 0.483278
[Normalizer]: max value: 1.658979
[Normalizer]: normalized value: 0.433477

[Normalizer]: noise value: 0.867481
[Normalizer]: min value: 0.483278
[Normalizer]: max value: 1.658979
[Normalizer]: normalized value: 0.326786

[Normalizer]: noise value: 1.237225
[Normalizer]: min value: 0.483278
[Normalizer]: max value: 1.658979
[Normalizer]: normalized value: 0.641274

[Normalizer]: noise value: 0.981584
[Normalizer]: min value: 0.483278
[Normalizer]: max value: 1.658979
[Normalizer]: normalized value: 0.423837

[Normalizer]: noise value: 1.216769
[Normalizer]: min value: 0.483278
[Normalizer]: max value: 1.658979
[Normalizer]: normalized value: 0.623875

[Normalizer]: noise value: 0.966044
[Normalizer]: min value: 0.483278
[Normalizer]: max value: 1.658979
[Normalizer]: normalized value: 0.410619

[Normalizer]: noise value: 1.174572
[Normalizer]: min value: 0.483278
[Normalizer]: max value: 1.658979
[Normalizer]: normalized value: 0.587984

[Normalizer]: noise value: 1.184349
[Normalizer]: min value: 0.483278
[Normalizer]: max value: 1.658979
[Normalizer]: normalized value: 0.596300

[Normalizer]: noise value: 1.286262
[Normalizer]: min value: 0.483278
[Normalizer]: max value: 1.658979
[Normalizer]: normalized value: 0.682983

[Normalizer]: noise value: 1.198665
[Normalizer]: min value: 0.483278
[Normalizer]: max value: 1.658979
[Normalizer]: normalized value: 0.608477

[Normalizer]: noise value: 0.911131
[Normalizer]: min value: 0.483278
[Normalizer]: max value: 1.658979
[Normalizer]: normalized value: 0.363913

[Normalizer]: noise value: 1.146187
[Normalizer]: min value: 0.483278
[Normalizer]: max value: 1.658979
[Normalizer]: normalized value: 0.563841

[Normalizer]: noise value: 1.199986
[Normalizer]: min value: 0.483278
[Normalizer]: max value: 1.658979
[Normalizer]: normalized value: 0.609600

[Normalizer]: noise value: 1.073937
[Normalizer]: min value: 0.483278
[Normalizer]: max value: 1.658979
[Normalizer]: normalized value: 0.502388

[Normalizer]: noise value: 0.952234
[Normalizer]: min value: 0.483278
[Normalizer]: max value: 1.658979
[Normalizer]: normalized value: 0.398873

[Normalizer]: noise value: 1.323048
[Normalizer]: min value: 0.483278
[Normalizer]: max value: 1.658979
[Normalizer]: normalized value: 0.714271

[Normalizer]: noise value: 1.101528
[Normalizer]: min value: 0.483278
[Normalizer]: max value: 1.658979
[Normalizer]: normalized value: 0.525856

[Normalizer]: noise value: 0.944980
[Normalizer]: min value: 0.483278
[Normalizer]: max value: 1.658979
[Normalizer]: normalized value: 0.392704

[Normalizer]: noise value: 1.189617
[Normalizer]: min value: 0.483278
[Normalizer]: max value: 1.658979
[Normalizer]: normalized value: 0.600781

[Normalizer]: noise value: 1.035695
[Normalizer]: min value: 0.483278
[Normalizer]: max value: 1.658979
[Normalizer]: normalized value: 0.469862

[Normalizer]: noise value: 1.056358
[Normalizer]: min value: 0.483278
[Normalizer]: max value: 1.658979
[Normalizer]: normalized value: 0.487437

[Normalizer]: noise value: 1.211871
[Normalizer]: min value: 0.483278
[Normalizer]: max value: 1.658979
[Normalizer]: normalized value: 0.619709

[Normalizer]: noise value: 1.054229
[Normalizer]: min value: 0.483278
[Normalizer]: max value: 1.658979
[Normalizer]: normalized value: 0.485626

[Normalizer]: noise value: 1.282436
[Normalizer]: min value: 0.483278
[Normalizer]: max value: 1.658979
[Normalizer]: normalized value: 0.679729

[Normalizer]: noise value: 1.367389
[Normalizer]: min value: 0.483278
[Normalizer]: max value: 1.658979
[Normalizer]: normalized value: 0.751986

[Normalizer]: noise value: 1.131110
[Normalizer]: min value: 0.483278
[Normalizer]: max value: 1.658979
[Normalizer]: normalized value: 0.551018

[Normalizer]: noise value: 1.017879
[Normalizer]: min value: 0.483278
[Normalizer]: max value: 1.658979
[Normalizer]: normalized value: 0.454708

[Normalizer]: noise value: 1.037298
[Normalizer]: min value: 0.483278
[Normalizer]: max value: 1.658979
[Normalizer]: normalized value: 0.471225

[Normalizer]: noise value: 1.597499
[Normalizer]: min value: 0.483278
[Normalizer]: max value: 1.658979
[Normalizer]: normalized value: 0.947708

[Normalizer]: noise value: 1.194040
[Normalizer]: min value: 0.483278
[Normalizer]: max value: 1.658979
[Normalizer]: normalized value: 0.604543

[Normalizer]: noise value: 0.896344
[Normalizer]: min value: 0.483278
[Normalizer]: max value: 1.658979
[Normalizer]: normalized value: 0.351336

[Normalizer]: noise value: 0.642211
[Normalizer]: min value: 0.483278
[Normalizer]: max value: 1.658979
[Normalizer]: normalized value: 0.135182

[Normalizer]: noise value: 1.428475
[Normalizer]: min value: 0.483278
[Normalizer]: max value: 1.658979
[Normalizer]: normalized value: 0.803943

[Normalizer]: noise value: 0.882170
[Normalizer]: min value: 0.483278
[Normalizer]: max value: 1.658979
[Normalizer]: normalized value: 0.339280

[Normalizer]: noise value: 0.912250
[Normalizer]: min value: 0.483278
[Normalizer]: max value: 1.658979
[Normalizer]: normalized value: 0.364865

[Normalizer]: noise value: 1.100000
[Normalizer]: min value: 0.483278
[Normalizer]: max value: 1.658979
[Normalizer]: normalized value: 0.524557

[Normalizer]: noise value: 1.123410
[Normalizer]: min value: 0.483278
[Normalizer]: max value: 1.658979
[Normalizer]: normalized value: 0.544468

[Normalizer]: noise value: 1.147964
[Normalizer]: min value: 0.483278
[Normalizer]: max value: 1.658979
[Normalizer]: normalized value: 0.565353

[Normalizer]: noise value: 1.117363
[Normalizer]: min value: 0.483278
[Normalizer]: max value: 1.658979
[Normalizer]: normalized value: 0.539325

[Normalizer]: noise value: 1.032027
[Normalizer]: min value: 0.483278
[Normalizer]: max value: 1.658979
[Normalizer]: normalized value: 0.466742

[Normalizer]: noise value: 1.158593
[Normalizer]: min value: 0.483278
[Normalizer]: max value: 1.658979
[Normalizer]: normalized value: 0.574393

[Normalizer]: noise value: 1.262483
[Normalizer]: min value: 0.483278
[Normalizer]: max value: 1.658979
[Normalizer]: normalized value: 0.662757

[Normalizer]: noise value: 0.790752
[Normalizer]: min value: 0.483278
[Normalizer]: max value: 1.658979
[Normalizer]: normalized value: 0.261524

[Normalizer]: noise value: 1.052512
[Normalizer]: min value: 0.483278
[Normalizer]: max value: 1.658979
[Normalizer]: normalized value: 0.484166

[Normalizer]: noise value: 1.466626
[Normalizer]: min value: 0.483278
[Normalizer]: max value: 1.658979
[Normalizer]: normalized value: 0.836393

[Normalizer]: noise value: 1.334766
[Normalizer]: min value: 0.483278
[Normalizer]: max value: 1.658979
[Normalizer]: normalized value: 0.724238

[Normalizer]: noise value: 1.066497
[Normalizer]: min value: 0.483278
[Normalizer]: max value: 1.658979
[Normalizer]: normalized value: 0.496060

[Normalizer]: noise value: 1.293028
[Normalizer]: min value: 0.483278
[Normalizer]: max value: 1.658979
[Normalizer]: normalized value: 0.688738

[Normalizer]: noise value: 0.883512
[Normalizer]: min value: 0.483278
[Normalizer]: max value: 1.658979
[Normalizer]: normalized value: 0.340421

[Normalizer]: noise value: 0.936584
[Normalizer]: min value: 0.483278
[Normalizer]: max value: 1.658979
[Normalizer]: normalized value: 0.385562

[Normalizer]: noise value: 0.806641
[Normalizer]: min value: 0.483278
[Normalizer]: max value: 1.658979
[Normalizer]: normalized value: 0.275039

[Normalizer]: noise value: 1.491512
[Normalizer]: min value: 0.483278
[Normalizer]: max value: 1.658979
[Normalizer]: normalized value: 0.857560

[Normalizer]: noise value: 1.055147
[Normalizer]: min value: 0.483278
[Normalizer]: max value: 1.658979
[Normalizer]: normalized value: 0.486407

[Normalizer]: noise value: 0.968987
[Normalizer]: min value: 0.483278
[Normalizer]: max value: 1.658979
[Normalizer]: normalized value: 0.413123

[Normalizer]: noise value: 1.369480
[Normalizer]: min value: 0.483278
[Normalizer]: max value: 1.658979
[Normalizer]: normalized value: 0.753765

[Normalizer]: noise value: 0.806641
[Normalizer]: min value: 0.483278
[Normalizer]: max value: 1.658979
[Normalizer]: normalized value: 0.275039

[Normalizer]: noise value: 0.927818
[Normalizer]: min value: 0.483278
[Normalizer]: max value: 1.658979
[Normalizer]: normalized value: 0.378106

