[Renderer.Renderer]: Logging init. Renderer in mode 1
[Normalizer]: noise value: 1.025248
[Normalizer]: min value: 0.448547
[Normalizer]: max value: 1.779071
[Normalizer]: normalized value: 0.433439

[Normalizer]: noise value: 0.957450
[Normalizer]: min value: 0.448547
[Normalizer]: max value: 1.779071
[Normalizer]: normalized value: 0.382483

[Normalizer]: noise value: 1.049803
[Normalizer]: min value: 0.448547
[Normalizer]: max value: 1.779071
[Normalizer]: normalized value: 0.451894

[Normalizer]: noise value: 0.902828
[Normalizer]: min value: 0.448547
[Normalizer]: max value: 1.779071
[Normalizer]: normalized value: 0.341430

[Normalizer]: noise value: 1.087988
[Normalizer]: min value: 0.448547
[Normalizer]: max value: 1.779071
[Normalizer]: normalized value: 0.480593

[Normalizer]: noise value: 1.041407
[Normalizer]: min value: 0.448547
[Normalizer]: max value: 1.779071
[Normalizer]: normalized value: 0.445584

[Normalizer]: noise value: 1.528253
[Normalizer]: min value: 0.448547
[Normalizer]: max value: 1.779071
[Normalizer]: normalized value: 0.811489

[Normalizer]: noise value: 0.754415
[Normalizer]: min value: 0.448547
[Normalizer]: max value: 1.779071
[Normalizer]: normalized value: 0.229885

[Normalizer]: noise value: 1.282722
[Normalizer]: min value: 0.448547
[Normalizer]: max value: 1.779071
[Normalizer]: normalized value: 0.626952

[Normalizer]: noise value: 0.996940
[Normalizer]: min value: 0.448547
[Normalizer]: max value: 1.779071
[Normalizer]: normalized value: 0.412163

[Normalizer]: noise value: 1.397800
[Normalizer]: min value: 0.448547
[Normalizer]: max value: 1.779071
[Normalizer]: normalized value: 0.713443

[Normalizer]: noise value: 1.245063
[Normalizer]: min value: 0.448547
[Normalizer]: max value: 1.779071
[Normalizer]: normalized value: 0.598648

[Normalizer]: noise value: 1.102985
[Normalizer]: min value: 0.448547
[Normalizer]: max value: 1.779071
[Normalizer]: normalized value: 0.491865

[Normalizer]: noise value: 0.978403
[Normalizer]: min value: 0.448547
[Normalizer]: max value: 1.779071
[Normalizer]: normalized value: 0.398231

[Normalizer]: noise value: 1.215681
[Normalizer]: min value: 0.448547
[Normalizer]: max value: 1.779071
[Normalizer]: normalized value: 0.576566

[Normalizer]: noise value: 1.237786
[Normalizer]: min value: 0.448547
[Normalizer]: max value: 1.779071
[Normalizer]: normalized value: 0.593179

[Normalizer]: noise value: 1.458216
[Normalizer]: min value: 0.448547
[Normalizer]: max value: 1.779071
[Normalizer]: normalized value: 0.758851

[Normalizer]: noise value: 1.033554
[Normalizer]: min value: 0.448547
[Normalizer]: max value: 1.779071
[Normalizer]: normalized value: 0.439682

[Normalizer]: noise value: 0.990121
[Normalizer]: min value: 0.448547
[Normalizer]: max value: 1.779071
[Normalizer]: normalized value: 0.407038

[Normalizer]: noise value: 1.355345
[Normalizer]: min value: 0.448547
[Normalizer]: max value: 1.779071
[Normalizer]: normalized value: 0.681534

[Normalizer]: noise value: 1.334766
[Normalizer]: min value: 0.448547
[Normalizer]: max value: 1.779071
[Normalizer]: normalized value: 0.666068

[Normalizer]: noise value: 1.087784
[Normalizer]: min value: 0.448547
[Normalizer]: max value: 1.779071
[Normalizer]: normalized value: 0.480440

[Normalizer]: noise value: 1.362620
[Normalizer]: min value: 0.448547
[Normalizer]: max value: 1.779071
[Normalizer]: normalized value: 0.687002

[Normalizer]: noise value: 0.911158
[Normalizer]: min value: 0.448547
[Normalizer]: max value: 1.779071
[Normalizer]: normalized value: 0.347691

[Normalizer]: noise value: 0.979157
[Normalizer]: min value: 0.448547
[Normalizer]: max value: 1.779071
[Normalizer]: normalized value: 0.398797

[Normalizer]: noise value: 0.951705
[Normalizer]: min value: 0.448547
[Normalizer]: max value: 1.779071
[Normalizer]: normalized value: 0.378165

[Normalizer]: noise value: 1.161061
[Normalizer]: min value: 0.448547
[Normalizer]: max value: 1.779071
[Normalizer]: normalized value: 0.535514

[Normalizer]: noise value: 1.030713
[Normalizer]: min value: 0.448547
[Normalizer]: max value: 1.779071
[Normalizer]: normalized value: 0.437546

[Normalizer]: noise value: 1.388712
[Normalizer]: min value: 0.448547
[Normalizer]: max value: 1.779071
[Normalizer]: normalized value: 0.706612

[Normalizer]: noise value: 0.796253
[Normalizer]: min value: 0.448547
[Normalizer]: max value: 1.779071
[Normalizer]: normalized value: 0.261330

[Normalizer]: noise value: 0.891903
[Normalizer]: min value: 0.448547
[Normalizer]: max value: 1.779071
[Normalizer]: normalized value: 0.333219

[Normalizer]: noise value: 1.027065
[Normalizer]: min value: 0.448547
[Normalizer]: max value: 1.779071
[Normalizer]: normalized value: 0.434804

[Normalizer]: noise value: 1.456746
[Normalizer]: min value: 0.448547
[Normalizer]: max value: 1.779071
[Normalizer]: normalized value: 0.757745

[Normalizer]: noise value: 1.552496
[Normalizer]: min value: 0.448547
[Normalizer]: max value: 1.779071
[Normalizer]: normalized value: 0.829710

[Normalizer]: noise value: 1.234573
[Normalizer]: min value: 0.448547
[Normalizer]: max value: 1.779071
[Normalizer]: normalized value: 0.590764

[Normalizer]: noise value: 1.378408
[Normalizer]: min value: 0.448547
[Normalizer]: max value: 1.779071
[Normalizer]: normalized value: 0.698868

[Normalizer]: noise value: 0.994019
[Normalizer]: min value: 0.448547
[Normalizer]: max value: 1.779071
[Normalizer]: normalized value: 0.409968

[Normalizer]: noise value: 0.985818
[Normalizer]: min value: 0.448547
[Normalizer]: max value: 1.779071
[Normalizer]: normalized value: 0.403804

[Normalizer]: noise value: 1.166204
[Normalizer]: min value: 0.448547
[Normalizer]: max value: 1.779071
[Normalizer]: normalized value: 0.539379

[Normalizer]: noise value: 0.905996
[Normalizer]: min value: 0.448547
[Normalizer]: max value: 1.779071
[Normalizer]: normalized value: 0.343811

[Normalizer]: noise value: 0.896344
[Normalizer]: min value: 0.448547
[Normalizer]: max value: 1.779071
[Normalizer]: normalized value: 0.336557

[Normalizer]: noise value: 1.130270
[Normalizer]: min value: 0.448547
[Normalizer]: max value: 1.779071
[Normalizer]: normalized value: 0.512372

[Normalizer]: noise value: 1.029039
[Normalizer]: min value: 0.448547
[Normalizer]: max value: 1.779071
[Normalizer]: normalized value: 0.436288

[Normalizer]: noise value: 1.105680
[Normalizer]: min value: 0.448547
[Normalizer]: max value: 1.779071
[Normalizer]: normalized value: 0.493890

[Normalizer]: noise value: 1.323565
[Normalizer]: min value: 0.448547
[Normalizer]: max value: 1.779071
[Normalizer]: normalized value: 0.657649

[Normalizer]: noise value: 1.073331
[Normalizer]: min value: 0.448547
[Normalizer]: max value: 1.779071
[Normalizer]: normalized value: 0.469577

[Normalizer]: noise value: 1.199842
[Normalizer]: min value: 0.448547
[Normalizer]: max value: 1.779071
[Normalizer]: normalized value: 0.564661

[Normalizer]: noise value: 1.196380
[Normalizer]: min value: 0.448547
[Normalizer]: max value: 1.779071
[Normalizer]: normalized value: 0.562059

[Normalizer]: noise value: 0.784102
[Normalizer]: min value: 0.448547
[Normalizer]: max value: 1.779071
[Normalizer]: normalized value: 0.252197

[Normalizer]: noise value: 1.257732
[Normalizer]: min value: 0.448547
[Normalizer]: max value: 1.779071
[Normalizer]: normalized value: 0.608170

[Normalizer]: noise value: 1.378408
[Normalizer]: min value: 0.448547
[Normalizer]: max value: 1.779071
[Normalizer]: normalized value: 0.698868

[Normalizer]: noise value: 1.197429
[Normalizer]: min value: 0.448547
[Normalizer]: max value: 1.779071
[Normalizer]: normalized value: 0.562848

[Normalizer]: noise value: 0.660464
[Normalizer]: min value: 0.448547
[Normalizer]: max value: 1.779071
[Normalizer]: normalized value: 0.159273

[Normalizer]: noise value: 1.441516
[Normalizer]: min value: 0.448547
[Normalizer]: max value: 1.779071
[Normalizer]: normalized value: 0.746299

[Normalizer]: noise value: 0.928766
[Normalizer]: min value: 0.448547
[Normalizer]: max value: 1.779071
[Normalizer]: normalized value: 0.360925

[Normalizer]: noise value: 0.939986
[Normalizer]: min value: 0.448547
[Normalizer]: max value: 1.779071
[Normalizer]: normalized value: 0.369358

[Normalizer]: noise value: 1.164359
[Normalizer]: min value: 0.448547
[Normalizer]: max value: 1.779071
[Normalizer]: normalized value: 0.537992

[Normalizer]: noise value: 1.292802
[Normalizer]: min value: 0.448547
[Normalizer]: max value: 1.779071
[Normalizer]: normalized value: 0.634528

[Normalizer]: noise value: 1.076683
[Normalizer]: min value: 0.448547
[Normalizer]: max value: 1.779071
[Normalizer]: normalized value: 0.472097

[Normalizer]: noise value: 1.244396
[Normalizer]: min value: 0.448547
[Normalizer]: max value: 1.779071
[Normalizer]: normalized value: 0.598147

[Normalizer]: noise value: 0.896344
[Normalizer]: min value: 0.448547
[Normalizer]: max value: 1.779071
[Normalizer]: normalized value: 0.336557

[Normalizer]: noise value: 1.197466
[Normalizer]: min value: 0.448547
[Normalizer]: max value: 1.779071
[Normalizer]: normalized value: 0.562875

[Normalizer]: noise value: 1.179279
[Normalizer]: min value: 0.448547
[Normalizer]: max value: 1.779071
[Normalizer]: normalized value: 0.549206

[Normalizer]: noise value: 0.956919
[Normalizer]: min value: 0.448547
[Normalizer]: max value: 1.779071
[Normalizer]: normalized value: 0.382084

[Normalizer]: noise value: 1.232887
[Normalizer]: min value: 0.448547
[Normalizer]: max value: 1.779071
[Normalizer]: normalized value: 0.589497

[Normalizer]: noise value: 1.131110
[Normalizer]: min value: 0.448547
[Normalizer]: max value: 1.779071
[Normalizer]: normalized value: 0.513003

[Normalizer]: noise value: 1.211353
[Normalizer]: min value: 0.448547
[Normalizer]: max value: 1.779071
[Normalizer]: normalized value: 0.573313

[Normalizer]: noise value: 0.881384
[Normalizer]: min value: 0.448547
[Normalizer]: max value: 1.779071
[Normalizer]: normalized value: 0.325313

[Normalizer]: noise value: 0.705518
[Normalizer]: min value: 0.448547
[Normalizer]: max value: 1.779071
[Normalizer]: normalized value: 0.193135

[Normalizer]: noise value: 1.247914
[Normalizer]: min value: 0.448547
[Normalizer]: max value: 1.779071
[Normalizer]: normalized value: 0.600791

[Normalizer]: noise value: 1.058381
[Normalizer]: min value: 0.448547
[Normalizer]: max value: 1.779071
[Normalizer]: normalized value: 0.458341

[Normalizer]: noise value: 0.745866
[Normalizer]: min value: 0.448547
[Normalizer]: max value: 1.779071
[Normalizer]: normalized value: 0.223460

[Normalizer]: noise value: 1.279036
[Normalizer]: min value: 0.448547
[Normalizer]: max value: 1.779071
[Normalizer]: normalized value: 0.624182

[Normalizer]: noise value: 0.989963
[Normalizer]: min value: 0.448547
[Normalizer]: max value: 1.779071
[Normalizer]: normalized value: 0.406919

[Normalizer]: noise value: 1.335175
[Normalizer]: min value: 0.448547
[Normalizer]: max value: 1.779071
[Normalizer]: normalized value: 0.666375

[Normalizer]: noise value: 1.014738
[Normalizer]: min value: 0.448547
[Normalizer]: max value: 1.779071
[Normalizer]: normalized value: 0.425540

[Normalizer]: noise value: 1.160659
[Normalizer]: min value: 0.448547
[Normalizer]: max value: 1.779071
[Normalizer]: normalized value: 0.535212

[Normalizer]: noise value: 0.971076
[Normalizer]: min value: 0.448547
[Normalizer]: max value: 1.779071
[Normalizer]: normalized value: 0.392724

[Normalizer]: noise value: 1.169272
[Normalizer]: min value: 0.448547
[Normalizer]: max value: 1.779071
[Normalizer]: normalized value: 0.541685

[Normalizer]: noise value: 1.214057
[Normalizer]: min value: 0.448547
[Normalizer]: max value: 1.779071
[Normalizer]: normalized value: 0.575345

[Normalizer]: noise value: 1.058381
[Normalizer]: min value: 0.448547
[Normalizer]: max value: 1.779071
[Normalizer]: normalized value: 0.458341

[Normalizer]: noise value: 0.838424
[Normalizer]: min value: 0.448547
[Normalizer]: max value: 1.779071
[Normalizer]: normalized value: 0.293025

[Normalizer]: noise value: 1.078037
[Normalizer]: min value: 0.448547
[Normalizer]: max value: 1.779071
[Normalizer]: normalized value: 0.473114

[Normalizer]: noise value: 1.404583
[Normalizer]: min value: 0.448547
[Normalizer]: max value: 1.779071
[Normalizer]: normalized value: 0.718541

[Normalizer]: noise value: 1.362733
[Normalizer]: min value: 0.448547
[Normalizer]: max value: 1.779071
[Normalizer]: normalized value: 0.687087

[Normalizer]: noise value: 0.642186
[Normalizer]: min value: 0.448547
[Normalizer]: max value: 1.779071
[Normalizer]: normalized value: 0.145536

[Normalizer]: noise value: 1.116719
[Normalizer]: min value: 0.448547
[Normalizer]: max value: 1.779071
[Normalizer]: normalized value: 0.502187

[Normalizer]: noise value: 0.928930
[Normalizer]: min value: 0.448547
[Normalizer]: max value: 1.779071
[Normalizer]: normalized value: 0.361048

[Normalizer]: noise value: 1.151485
[Normalizer]: min value: 0.448547
[Normalizer]: max value: 1.779071
[Normalizer]: normalized value: 0.528317

[Normalizer]: noise value: 0.927315
[Normalizer]: min value: 0.448547
[Normalizer]: max value: 1.779071
[Normalizer]: normalized value: 0.359834

[Normalizer]: noise value: 0.775531
[Normalizer]: min value: 0.448547
[Normalizer]: max value: 1.779071
[Normalizer]: normalized value: 0.245756

[Normalizer]: noise value: 0.681960
[Normalizer]: min value: 0.448547
[Normalizer]: max value: 1.779071
[Normalizer]: normalized value: 0.175429

[Normalizer]: noise value: 1.094884
[Normalizer]: min value: 0.448547
[Normalizer]: max value: 1.779071
[Normalizer]: normalized value: 0.485776

[Normalizer]: noise value: 1.125999
[Normalizer]: min value: 0.448547
[Normalizer]: max value: 1.779071
[Normalizer]: normalized value: 0.509162

[Normalizer]: noise value: 1.129436
[Normalizer]: min value: 0.448547
[Normalizer]: max value: 1.779071
[Normalizer]: normalized value: 0.511745

[Normalizer]: noise value: 1.126669
[Normalizer]: min value: 0.448547
[Normalizer]: max value: 1.779071
[Normalizer]: normalized value: 0.509665

[Normalizer]: noise value: 1.396782
[Normalizer]: min value: 0.448547
[Normalizer]: max value: 1.779071
[Normalizer]: normalized value: 0.712677

[Normalizer]: noise value: 1.265715
[Normalizer]: min value: 0.448547
[Normalizer]: max value: 1.779071
[Normalizer]: normalized value: 0.614170

[Normalizer]: noise value: 1.043964
[Normalizer]: min value: 0.448547
[Normalizer]: max value: 1.779071
[Normalizer]: normalized value: 0.447506

[Normalizer]: noise value: 1.257178
[Normalizer]: min value: 0.448547
[Normalizer]: max value: 1.779071
[Normalizer]: normalized value: 0.607753

[Normalizer]: noise value: 1.073331
[Normalizer]: min value: 0.448547
[Normalizer]: max value: 1.779071
[Normalizer]: normalized value: 0.469577

[Normalizer]: noise value: 0.764798
[Normalizer]: min value: 0.448547
[Normalizer]: max value: 1.779071
[Normalizer]: normalized value: 0.237689

[Normalizer]: noise value: 1.054449
[Normalizer]: min value: 0.448547
[Normalizer]: max value: 1.779071
[Normalizer]: normalized value: 0.455386

[Normalizer]: noise value: 0.932500
[Normalizer]: min value: 0.448547
[Normalizer]: max value: 1.779071
[Normalizer]: normalized value: 0.363731

[Normalizer]: noise value: 1.263606
[Normalizer]: min value: 0.448547
[Normalizer]: max value: 1.779071
[Normalizer]: normalized value: 0.612585

[Normalizer]: noise value: 0.806641
[Normalizer]: min value: 0.448547
[Normalizer]: max value: 1.779071
[Normalizer]: normalized value: 0.269138

[Normalizer]: noise value: 1.291842
[Normalizer]: min value: 0.448547
[Normalizer]: max value: 1.779071
[Normalizer]: normalized value: 0.633807

[Normalizer]: noise value: 1.192467
[Normalizer]: min value: 0.448547
[Normalizer]: max value: 1.779071
[Normalizer]: normalized value: 0.559118

[Normalizer]: noise value: 1.319180
[Normalizer]: min value: 0.448547
[Normalizer]: max value: 1.779071
[Normalizer]: normalized value: 0.654353

[Normalizer]: noise value: 1.449753
[Normalizer]: min value: 0.448547
[Normalizer]: max value: 1.779071
[Normalizer]: normalized value: 0.752490

[Normalizer]: noise value: 1.104441
[Normalizer]: min value: 0.448547
[Normalizer]: max value: 1.779071
[Normalizer]: normalized value: 0.492959

[Normalizer]: noise value: 1.234657
[Normalizer]: min value: 0.448547
[Normalizer]: max value: 1.779071
[Normalizer]: normalized value: 0.590827

[Normalizer]: noise value: 0.936635
[Normalizer]: min value: 0.448547
[Normalizer]: max value: 1.779071
[Normalizer]: normalized value: 0.366839

[Normalizer]: noise value: 1.431428
[Normalizer]: min value: 0.448547
[Normalizer]: max value: 1.779071
[Normalizer]: normalized value: 0.738717

[Normalizer]: noise value: 1.508570
[Normalizer]: min value: 0.448547
[Normalizer]: max value: 1.779071
[Normalizer]: normalized value: 0.796695

[Normalizer]: noise value: 1.349716
[Normalizer]: min value: 0.448547
[Normalizer]: max value: 1.779071
[Normalizer]: normalized value: 0.677304

[Normalizer]: noise value: 0.789254
[Normalizer]: min value: 0.448547
[Normalizer]: max value: 1.779071
[Normalizer]: normalized value: 0.256070

[Normalizer]: noise value: 0.938171
[Normalizer]: min value: 0.448547
[Normalizer]: max value: 1.779071
[Normalizer]: normalized value: 0.367993

[Normalizer]: noise value: 0.948834
[Normalizer]: min value: 0.448547
[Normalizer]: max value: 1.779071
[Normalizer]: normalized value: 0.376008

[Normalizer]: noise value: 0.976526
[Normalizer]: min value: 0.448547
[Normalizer]: max value: 1.779071
[Normalizer]: normalized value: 0.396820

[Normalizer]: noise value: 0.951705
[Normalizer]: min value: 0.448547
[Normalizer]: max value: 1.779071
[Normalizer]: normalized value: 0.378165

[Normalizer]: noise value: 0.850795
[Normalizer]: min value: 0.448547
[Normalizer]: max value: 1.779071
[Normalizer]: normalized value: 0.302323

[Normalizer]: noise value: 1.186909
[Normalizer]: min value: 0.448547
[Normalizer]: max value: 1.779071
[Normalizer]: normalized value: 0.554940

[Normalizer]: noise value: 1.088534
[Normalizer]: min value: 0.448547
[Normalizer]: max value: 1.779071
[Normalizer]: normalized value: 0.481004

[Normalizer]: noise value: 1.039758
[Normalizer]: min value: 0.448547
[Normalizer]: max value: 1.779071
[Normalizer]: normalized value: 0.444344

[Normalizer]: noise value: 1.104441
[Normalizer]: min value: 0.448547
[Normalizer]: max value: 1.779071
[Normalizer]: normalized value: 0.492959

[Normalizer]: noise value: 0.927601
[Normalizer]: min value: 0.448547
[Normalizer]: max value: 1.779071
[Normalizer]: normalized value: 0.360049

[Normalizer]: noise value: 0.872546
[Normalizer]: min value: 0.448547
[Normalizer]: max value: 1.779071
[Normalizer]: normalized value: 0.318670

[Normalizer]: noise value: 1.197960
[Normalizer]: min value: 0.448547
[Normalizer]: max value: 1.779071
[Normalizer]: normalized value: 0.563246

