[Renderer.Renderer]: Logging init. Renderer in mode 1
[Normalizer]: noise value: 1.334766
[Normalizer]: min value: 0.499264
[Normalizer]: max value: 1.764171
[Normalizer]: normalized value: 0.660525

[Normalizer]: noise value: 1.468086
[Normalizer]: min value: 0.499264
[Normalizer]: max value: 1.764171
[Normalizer]: normalized value: 0.765924

[Normalizer]: noise value: 0.911461
[Normalizer]: min value: 0.499264
[Normalizer]: max value: 1.764171
[Normalizer]: normalized value: 0.325872

[Normalizer]: noise value: 1.070736
[Normalizer]: min value: 0.499264
[Normalizer]: max value: 1.764171
[Normalizer]: normalized value: 0.451790

[Normalizer]: noise value: 1.318915
[Normalizer]: min value: 0.499264
[Normalizer]: max value: 1.764171
[Normalizer]: normalized value: 0.647993

[Normalizer]: noise value: 0.716939
[Normalizer]: min value: 0.499264
[Normalizer]: max value: 1.764171
[Normalizer]: normalized value: 0.172088

[Normalizer]: noise value: 0.996171
[Normalizer]: min value: 0.499264
[Normalizer]: max value: 1.764171
[Normalizer]: normalized value: 0.392841

[Normalizer]: noise value: 1.419479
[Normalizer]: min value: 0.499264
[Normalizer]: max value: 1.764171
[Normalizer]: normalized value: 0.727496

[Normalizer]: noise value: 0.963462
[Normalizer]: min value: 0.499264
[Normalizer]: max value: 1.764171
[Normalizer]: normalized value: 0.366982

[Normalizer]: noise value: 1.194125
[Normalizer]: min value: 0.499264
[Normalizer]: max value: 1.764171
[Normalizer]: normalized value: 0.549338

[Normalizer]: noise value: 1.185262
[Normalizer]: min value: 0.499264
[Normalizer]: max value: 1.764171
[Normalizer]: normalized value: 0.542331

[Normalizer]: noise value: 0.873772
[Normalizer]: min value: 0.499264
[Normalizer]: max value: 1.764171
[Normalizer]: normalized value: 0.296075

[Normalizer]: noise value: 0.915724
[Normalizer]: min value: 0.499264
[Normalizer]: max value: 1.764171
[Normalizer]: normalized value: 0.329241

[Normalizer]: noise value: 1.516065
[Normalizer]: min value: 0.499264
[Normalizer]: max value: 1.764171
[Normalizer]: normalized value: 0.803854

[Normalizer]: noise value: 0.938960
[Normalizer]: min value: 0.499264
[Normalizer]: max value: 1.764171
[Normalizer]: normalized value: 0.347611

[Normalizer]: noise value: 1.248295
[Normalizer]: min value: 0.499264
[Normalizer]: max value: 1.764171
[Normalizer]: normalized value: 0.592163

[Normalizer]: noise value: 1.145985
[Normalizer]: min value: 0.499264
[Normalizer]: max value: 1.764171
[Normalizer]: normalized value: 0.511279

[Normalizer]: noise value: 1.354188
[Normalizer]: min value: 0.499264
[Normalizer]: max value: 1.764171
[Normalizer]: normalized value: 0.675880

[Normalizer]: noise value: 1.086625
[Normalizer]: min value: 0.499264
[Normalizer]: max value: 1.764171
[Normalizer]: normalized value: 0.464352

[Normalizer]: noise value: 1.310026
[Normalizer]: min value: 0.499264
[Normalizer]: max value: 1.764171
[Normalizer]: normalized value: 0.640966

[Normalizer]: noise value: 0.865234
[Normalizer]: min value: 0.499264
[Normalizer]: max value: 1.764171
[Normalizer]: normalized value: 0.289326

[Normalizer]: noise value: 1.286851
[Normalizer]: min value: 0.499264
[Normalizer]: max value: 1.764171
[Normalizer]: normalized value: 0.622645

[Normalizer]: noise value: 1.144853
[Normalizer]: min value: 0.499264
[Normalizer]: max value: 1.764171
[Normalizer]: normalized value: 0.510385

[Normalizer]: noise value: 0.913235
[Normalizer]: min value: 0.499264
[Normalizer]: max value: 1.764171
[Normalizer]: normalized value: 0.327274

[Normalizer]: noise value: 1.014716
[Normalizer]: min value: 0.499264
[Normalizer]: max value: 1.764171
[Normalizer]: normalized value: 0.407502

[Normalizer]: noise value: 1.189703
[Normalizer]: min value: 0.499264
[Normalizer]: max value: 1.764171
[Normalizer]: normalized value: 0.545842

[Normalizer]: noise value: 0.992689
[Normalizer]: min value: 0.499264
[Normalizer]: max value: 1.764171
[Normalizer]: normalized value: 0.390088

[Normalizer]: noise value: 1.194354
[Normalizer]: min value: 0.499264
[Normalizer]: max value: 1.764171
[Normalizer]: normalized value: 0.549519

[Normalizer]: noise value: 0.943609
[Normalizer]: min value: 0.499264
[Normalizer]: max value: 1.764171
[Normalizer]: normalized value: 0.351287

[Normalizer]: noise value: 0.820183
[Normalizer]: min value: 0.499264
[Normalizer]: max value: 1.764171
[Normalizer]: normalized value: 0.253710

[Normalizer]: noise value: 1.111719
[Normalizer]: min value: 0.499264
[Normalizer]: max value: 1.764171
[Normalizer]: normalized value: 0.484190

[Normalizer]: noise value: 0.971196
[Normalizer]: min value: 0.499264
[Normalizer]: max value: 1.764171
[Normalizer]: normalized value: 0.373096

[Normalizer]: noise value: 1.204081
[Normalizer]: min value: 0.499264
[Normalizer]: max value: 1.764171
[Normalizer]: normalized value: 0.557209

[Normalizer]: noise value: 1.059368
[Normalizer]: min value: 0.499264
[Normalizer]: max value: 1.764171
[Normalizer]: normalized value: 0.442803

[Normalizer]: noise value: 1.459944
[Normalizer]: min value: 0.499264
[Normalizer]: max value: 1.764171
[Normalizer]: normalized value: 0.759486

[Normalizer]: noise value: 1.237786
[Normalizer]: min value: 0.499264
[Normalizer]: max value: 1.764171
[Normalizer]: normalized value: 0.583855

[Normalizer]: noise value: 1.214221
[Normalizer]: min value: 0.499264
[Normalizer]: max value: 1.764171
[Normalizer]: normalized value: 0.565225

[Normalizer]: noise value: 1.207269
[Normalizer]: min value: 0.499264
[Normalizer]: max value: 1.764171
[Normalizer]: normalized value: 0.559729

[Normalizer]: noise value: 1.214608
[Normalizer]: min value: 0.499264
[Normalizer]: max value: 1.764171
[Normalizer]: normalized value: 0.565531

[Normalizer]: noise value: 0.979577
[Normalizer]: min value: 0.499264
[Normalizer]: max value: 1.764171
[Normalizer]: normalized value: 0.379722

[Normalizer]: noise value: 1.143642
[Normalizer]: min value: 0.499264
[Normalizer]: max value: 1.764171
[Normalizer]: normalized value: 0.509427

[Normalizer]: noise value: 0.827999
[Normalizer]: min value: 0.499264
[Normalizer]: max value: 1.764171
[Normalizer]: normalized value: 0.259889

[Normalizer]: noise value: 1.231588
[Normalizer]: min value: 0.499264
[Normalizer]: max value: 1.764171
[Normalizer]: normalized value: 0.578955

[Normalizer]: noise value: 1.042600
[Normalizer]: min value: 0.499264
[Normalizer]: max value: 1.764171
[Normalizer]: normalized value: 0.429546

[Normalizer]: noise value: 0.924285
[Normalizer]: min value: 0.499264
[Normalizer]: max value: 1.764171
[Normalizer]: normalized value: 0.336010

[Normalizer]: noise value: 1.029689
[Normalizer]: min value: 0.499264
[Normalizer]: max value: 1.764171
[Normalizer]: normalized value: 0.419339

[Normalizer]: noise value: 1.417678
[Normalizer]: min value: 0.499264
[Normalizer]: max value: 1.764171
[Normalizer]: normalized value: 0.726073

[Normalizer]: noise value: 1.143503
[Normalizer]: min value: 0.499264
[Normalizer]: max value: 1.764171
[Normalizer]: normalized value: 0.509318

[Normalizer]: noise value: 1.044350
[Normalizer]: min value: 0.499264
[Normalizer]: max value: 1.764171
[Normalizer]: normalized value: 0.430929

[Normalizer]: noise value: 1.090324
[Normalizer]: min value: 0.499264
[Normalizer]: max value: 1.764171
[Normalizer]: normalized value: 0.467275

[Normalizer]: noise value: 1.036966
[Normalizer]: min value: 0.499264
[Normalizer]: max value: 1.764171
[Normalizer]: normalized value: 0.425092

[Normalizer]: noise value: 1.034884
[Normalizer]: min value: 0.499264
[Normalizer]: max value: 1.764171
[Normalizer]: normalized value: 0.423446

[Normalizer]: noise value: 1.068778
[Normalizer]: min value: 0.499264
[Normalizer]: max value: 1.764171
[Normalizer]: normalized value: 0.450242

[Normalizer]: noise value: 1.037625
[Normalizer]: min value: 0.499264
[Normalizer]: max value: 1.764171
[Normalizer]: normalized value: 0.425613

[Normalizer]: noise value: 1.462105
[Normalizer]: min value: 0.499264
[Normalizer]: max value: 1.764171
[Normalizer]: normalized value: 0.761195

[Normalizer]: noise value: 1.264455
[Normalizer]: min value: 0.499264
[Normalizer]: max value: 1.764171
[Normalizer]: normalized value: 0.604939

[Normalizer]: noise value: 1.100741
[Normalizer]: min value: 0.499264
[Normalizer]: max value: 1.764171
[Normalizer]: normalized value: 0.475511

[Normalizer]: noise value: 0.852648
[Normalizer]: min value: 0.499264
[Normalizer]: max value: 1.764171
[Normalizer]: normalized value: 0.279376

[Normalizer]: noise value: 0.806632
[Normalizer]: min value: 0.499264
[Normalizer]: max value: 1.764171
[Normalizer]: normalized value: 0.242997

[Normalizer]: noise value: 1.139305
[Normalizer]: min value: 0.499264
[Normalizer]: max value: 1.764171
[Normalizer]: normalized value: 0.505998

[Normalizer]: noise value: 1.014738
[Normalizer]: min value: 0.499264
[Normalizer]: max value: 1.764171
[Normalizer]: normalized value: 0.407520

[Normalizer]: noise value: 1.227885
[Normalizer]: min value: 0.499264
[Normalizer]: max value: 1.764171
[Normalizer]: normalized value: 0.576027

[Normalizer]: noise value: 1.303449
[Normalizer]: min value: 0.499264
[Normalizer]: max value: 1.764171
[Normalizer]: normalized value: 0.635766

[Normalizer]: noise value: 1.202419
[Normalizer]: min value: 0.499264
[Normalizer]: max value: 1.764171
[Normalizer]: normalized value: 0.555894

[Normalizer]: noise value: 1.132879
[Normalizer]: min value: 0.499264
[Normalizer]: max value: 1.764171
[Normalizer]: normalized value: 0.500918

[Normalizer]: noise value: 1.073331
[Normalizer]: min value: 0.499264
[Normalizer]: max value: 1.764171
[Normalizer]: normalized value: 0.453841

[Normalizer]: noise value: 1.240176
[Normalizer]: min value: 0.499264
[Normalizer]: max value: 1.764171
[Normalizer]: normalized value: 0.585745

[Normalizer]: noise value: 1.126900
[Normalizer]: min value: 0.499264
[Normalizer]: max value: 1.764171
[Normalizer]: normalized value: 0.496191

[Normalizer]: noise value: 1.265591
[Normalizer]: min value: 0.499264
[Normalizer]: max value: 1.764171
[Normalizer]: normalized value: 0.605837

[Normalizer]: noise value: 0.797806
[Normalizer]: min value: 0.499264
[Normalizer]: max value: 1.764171
[Normalizer]: normalized value: 0.236019

[Normalizer]: noise value: 1.056358
[Normalizer]: min value: 0.499264
[Normalizer]: max value: 1.764171
[Normalizer]: normalized value: 0.440423

[Normalizer]: noise value: 1.128368
[Normalizer]: min value: 0.499264
[Normalizer]: max value: 1.764171
[Normalizer]: normalized value: 0.497352

[Normalizer]: noise value: 1.170591
[Normalizer]: min value: 0.499264
[Normalizer]: max value: 1.764171
[Normalizer]: normalized value: 0.530733

[Normalizer]: noise value: 1.166305
[Normalizer]: min value: 0.499264
[Normalizer]: max value: 1.764171
[Normalizer]: normalized value: 0.527344

[Normalizer]: noise value: 0.975263
[Normalizer]: min value: 0.499264
[Normalizer]: max value: 1.764171
[Normalizer]: normalized value: 0.376312

[Normalizer]: noise value: 0.716939
[Normalizer]: min value: 0.499264
[Normalizer]: max value: 1.764171
[Normalizer]: normalized value: 0.172088

[Normalizer]: noise value: 1.488890
[Normalizer]: min value: 0.499264
[Normalizer]: max value: 1.764171
[Normalizer]: normalized value: 0.782371

[Normalizer]: noise value: 1.204344
[Normalizer]: min value: 0.499264
[Normalizer]: max value: 1.764171
[Normalizer]: normalized value: 0.557416

[Normalizer]: noise value: 0.910191
[Normalizer]: min value: 0.499264
[Normalizer]: max value: 1.764171
[Normalizer]: normalized value: 0.324868

[Normalizer]: noise value: 1.128267
[Normalizer]: min value: 0.499264
[Normalizer]: max value: 1.764171
[Normalizer]: normalized value: 0.497272

[Normalizer]: noise value: 1.218394
[Normalizer]: min value: 0.499264
[Normalizer]: max value: 1.764171
[Normalizer]: normalized value: 0.568524

[Normalizer]: noise value: 1.187137
[Normalizer]: min value: 0.499264
[Normalizer]: max value: 1.764171
[Normalizer]: normalized value: 0.543813

[Normalizer]: noise value: 1.218952
[Normalizer]: min value: 0.499264
[Normalizer]: max value: 1.764171
[Normalizer]: normalized value: 0.568966

[Normalizer]: noise value: 1.405945
[Normalizer]: min value: 0.499264
[Normalizer]: max value: 1.764171
[Normalizer]: normalized value: 0.716797

[Normalizer]: noise value: 1.041380
[Normalizer]: min value: 0.499264
[Normalizer]: max value: 1.764171
[Normalizer]: normalized value: 0.428582

[Normalizer]: noise value: 1.148083
[Normalizer]: min value: 0.499264
[Normalizer]: max value: 1.764171
[Normalizer]: normalized value: 0.512939

[Normalizer]: noise value: 1.297038
[Normalizer]: min value: 0.499264
[Normalizer]: max value: 1.764171
[Normalizer]: normalized value: 0.630698

[Normalizer]: noise value: 1.277277
[Normalizer]: min value: 0.499264
[Normalizer]: max value: 1.764171
[Normalizer]: normalized value: 0.615075

[Normalizer]: noise value: 1.039472
[Normalizer]: min value: 0.499264
[Normalizer]: max value: 1.764171
[Normalizer]: normalized value: 0.427073

[Normalizer]: noise value: 1.258996
[Normalizer]: min value: 0.499264
[Normalizer]: max value: 1.764171
[Normalizer]: normalized value: 0.600623

[Normalizer]: noise value: 0.716939
[Normalizer]: min value: 0.499264
[Normalizer]: max value: 1.764171
[Normalizer]: normalized value: 0.172088

[Normalizer]: noise value: 1.407987
[Normalizer]: min value: 0.499264
[Normalizer]: max value: 1.764171
[Normalizer]: normalized value: 0.718411

[Normalizer]: noise value: 1.206066
[Normalizer]: min value: 0.499264
[Normalizer]: max value: 1.764171
[Normalizer]: normalized value: 0.558778

[Normalizer]: noise value: 0.893980
[Normalizer]: min value: 0.499264
[Normalizer]: max value: 1.764171
[Normalizer]: normalized value: 0.312051

[Normalizer]: noise value: 0.825200
[Normalizer]: min value: 0.499264
[Normalizer]: max value: 1.764171
[Normalizer]: normalized value: 0.257676

