[Normalizer]: noise value: 0.703328
[Normalizer]: min value: 0.486020
[Normalizer]: max value: 1.729634
[Normalizer]: normalized value: 0.174740

[Normalizer]: noise value: 0.990728
[Normalizer]: min value: 0.486020
[Normalizer]: max value: 1.729634
[Normalizer]: normalized value: 0.405840

[Normalizer]: noise value: 1.327244
[Normalizer]: min value: 0.486020
[Normalizer]: max value: 1.729634
[Normalizer]: normalized value: 0.676435

[Normalizer]: noise value: 1.306691
[Normalizer]: min value: 0.486020
[Normalizer]: max value: 1.729634
[Normalizer]: normalized value: 0.659908

[Normalizer]: noise value: 1.285574
[Normalizer]: min value: 0.486020
[Normalizer]: max value: 1.729634
[Normalizer]: normalized value: 0.642928

[Normalizer]: noise value: 0.837466
[Normalizer]: min value: 0.486020
[Normalizer]: max value: 1.729634
[Normalizer]: normalized value: 0.282600

[Normalizer]: noise value: 1.167090
[Normalizer]: min value: 0.486020
[Normalizer]: max value: 1.729634
[Normalizer]: normalized value: 0.547654

[Normalizer]: noise value: 1.191633
[Normalizer]: min value: 0.486020
[Normalizer]: max value: 1.729634
[Normalizer]: normalized value: 0.567389

[Normalizer]: noise value: 1.156247
[Normalizer]: min value: 0.486020
[Normalizer]: max value: 1.729634
[Normalizer]: normalized value: 0.538935

[Normalizer]: noise value: 1.059155
[Normalizer]: min value: 0.486020
[Normalizer]: max value: 1.729634
[Normalizer]: normalized value: 0.460863

[Normalizer]: noise value: 1.075049
[Normalizer]: min value: 0.486020
[Normalizer]: max value: 1.729634
[Normalizer]: normalized value: 0.473643

[Normalizer]: noise value: 1.104932
[Normalizer]: min value: 0.486020
[Normalizer]: max value: 1.729634
[Normalizer]: normalized value: 0.497672

[Normalizer]: noise value: 0.938758
[Normalizer]: min value: 0.486020
[Normalizer]: max value: 1.729634
[Normalizer]: normalized value: 0.364051

[Normalizer]: noise value: 1.028815
[Normalizer]: min value: 0.486020
[Normalizer]: max value: 1.729634
[Normalizer]: normalized value: 0.436466

[Normalizer]: noise value: 1.327072
[Normalizer]: min value: 0.486020
[Normalizer]: max value: 1.729634
[Normalizer]: normalized value: 0.676297

[Normalizer]: noise value: 1.044459
[Normalizer]: min value: 0.486020
[Normalizer]: max value: 1.729634
[Normalizer]: normalized value: 0.449045

[Normalizer]: noise value: 1.044498
[Normalizer]: min value: 0.486020
[Normalizer]: max value: 1.729634
[Normalizer]: normalized value: 0.449077

[Normalizer]: noise value: 1.172134
[Normalizer]: min value: 0.486020
[Normalizer]: max value: 1.729634
[Normalizer]: normalized value: 0.551710

[Normalizer]: noise value: 1.357375
[Normalizer]: min value: 0.486020
[Normalizer]: max value: 1.729634
[Normalizer]: normalized value: 0.700663

[Normalizer]: noise value: 1.282687
[Normalizer]: min value: 0.486020
[Normalizer]: max value: 1.729634
[Normalizer]: normalized value: 0.640606

[Normalizer]: noise value: 1.131036
[Normalizer]: min value: 0.486020
[Normalizer]: max value: 1.729634
[Normalizer]: normalized value: 0.518663

[Normalizer]: noise value: 1.025858
[Normalizer]: min value: 0.486020
[Normalizer]: max value: 1.729634
[Normalizer]: normalized value: 0.434088

[Normalizer]: noise value: 1.178072
[Normalizer]: min value: 0.486020
[Normalizer]: max value: 1.729634
[Normalizer]: normalized value: 0.556485

[Normalizer]: noise value: 1.069078
[Normalizer]: min value: 0.486020
[Normalizer]: max value: 1.729634
[Normalizer]: normalized value: 0.468841

[Normalizer]: noise value: 1.170093
[Normalizer]: min value: 0.486020
[Normalizer]: max value: 1.729634
[Normalizer]: normalized value: 0.550069

[Normalizer]: noise value: 1.043231
[Normalizer]: min value: 0.486020
[Normalizer]: max value: 1.729634
[Normalizer]: normalized value: 0.448058

[Normalizer]: noise value: 1.008627
[Normalizer]: min value: 0.486020
[Normalizer]: max value: 1.729634
[Normalizer]: normalized value: 0.420233

[Normalizer]: noise value: 1.175264
[Normalizer]: min value: 0.486020
[Normalizer]: max value: 1.729634
[Normalizer]: normalized value: 0.554227

[Normalizer]: noise value: 1.140878
[Normalizer]: min value: 0.486020
[Normalizer]: max value: 1.729634
[Normalizer]: normalized value: 0.526577

[Normalizer]: noise value: 1.489286
[Normalizer]: min value: 0.486020
[Normalizer]: max value: 1.729634
[Normalizer]: normalized value: 0.806734

[Normalizer]: noise value: 1.113755
[Normalizer]: min value: 0.486020
[Normalizer]: max value: 1.729634
[Normalizer]: normalized value: 0.504767

[Normalizer]: noise value: 1.097872
[Normalizer]: min value: 0.486020
[Normalizer]: max value: 1.729634
[Normalizer]: normalized value: 0.491995

[Normalizer]: noise value: 1.209476
[Normalizer]: min value: 0.486020
[Normalizer]: max value: 1.729634
[Normalizer]: normalized value: 0.581737

[Normalizer]: noise value: 1.078005
[Normalizer]: min value: 0.486020
[Normalizer]: max value: 1.729634
[Normalizer]: normalized value: 0.476020

[Normalizer]: noise value: 1.250572
[Normalizer]: min value: 0.486020
[Normalizer]: max value: 1.729634
[Normalizer]: normalized value: 0.614782

[Normalizer]: noise value: 0.547462
[Normalizer]: min value: 0.486020
[Normalizer]: max value: 1.729634
[Normalizer]: normalized value: 0.049406

[Normalizer]: noise value: 0.864307
[Normalizer]: min value: 0.486020
[Normalizer]: max value: 1.729634
[Normalizer]: normalized value: 0.304184

[Normalizer]: noise value: 0.783951
[Normalizer]: min value: 0.486020
[Normalizer]: max value: 1.729634
[Normalizer]: normalized value: 0.239569

[Normalizer]: noise value: 1.040433
[Normalizer]: min value: 0.486020
[Normalizer]: max value: 1.729634
[Normalizer]: normalized value: 0.445808

[Normalizer]: noise value: 1.044115
[Normalizer]: min value: 0.486020
[Normalizer]: max value: 1.729634
[Normalizer]: normalized value: 0.448769

[Normalizer]: noise value: 1.118326
[Normalizer]: min value: 0.486020
[Normalizer]: max value: 1.729634
[Normalizer]: normalized value: 0.508442

[Normalizer]: noise value: 0.928595
[Normalizer]: min value: 0.486020
[Normalizer]: max value: 1.729634
[Normalizer]: normalized value: 0.355879

[Normalizer]: noise value: 1.120446
[Normalizer]: min value: 0.486020
[Normalizer]: max value: 1.729634
[Normalizer]: normalized value: 0.510147

[Normalizer]: noise value: 1.277897
[Normalizer]: min value: 0.486020
[Normalizer]: max value: 1.729634
[Normalizer]: normalized value: 0.636755

[Normalizer]: noise value: 0.855206
[Normalizer]: min value: 0.486020
[Normalizer]: max value: 1.729634
[Normalizer]: normalized value: 0.296866

[Normalizer]: noise value: 0.842350
[Normalizer]: min value: 0.486020
[Normalizer]: max value: 1.729634
[Normalizer]: normalized value: 0.286528

[Normalizer]: noise value: 1.314660
[Normalizer]: min value: 0.486020
[Normalizer]: max value: 1.729634
[Normalizer]: normalized value: 0.666316

[Normalizer]: noise value: 1.354932
[Normalizer]: min value: 0.486020
[Normalizer]: max value: 1.729634
[Normalizer]: normalized value: 0.698699

[Normalizer]: noise value: 1.116903
[Normalizer]: min value: 0.486020
[Normalizer]: max value: 1.729634
[Normalizer]: normalized value: 0.507298

[Normalizer]: noise value: 1.209313
[Normalizer]: min value: 0.486020
[Normalizer]: max value: 1.729634
[Normalizer]: normalized value: 0.581606

[Normalizer]: noise value: 1.048817
[Normalizer]: min value: 0.486020
[Normalizer]: max value: 1.729634
[Normalizer]: normalized value: 0.452550

[Normalizer]: noise value: 1.062156
[Normalizer]: min value: 0.486020
[Normalizer]: max value: 1.729634
[Normalizer]: normalized value: 0.463276

[Normalizer]: noise value: 1.185000
[Normalizer]: min value: 0.486020
[Normalizer]: max value: 1.729634
[Normalizer]: normalized value: 0.562056

[Normalizer]: noise value: 1.226710
[Normalizer]: min value: 0.486020
[Normalizer]: max value: 1.729634
[Normalizer]: normalized value: 0.595595

[Normalizer]: noise value: 0.966263
[Normalizer]: min value: 0.486020
[Normalizer]: max value: 1.729634
[Normalizer]: normalized value: 0.386168

[Normalizer]: noise value: 1.077151
[Normalizer]: min value: 0.486020
[Normalizer]: max value: 1.729634
[Normalizer]: normalized value: 0.475333

[Normalizer]: noise value: 0.828105
[Normalizer]: min value: 0.486020
[Normalizer]: max value: 1.729634
[Normalizer]: normalized value: 0.275074

[Normalizer]: noise value: 1.364899
[Normalizer]: min value: 0.486020
[Normalizer]: max value: 1.729634
[Normalizer]: normalized value: 0.706713

[Normalizer]: noise value: 1.494178
[Normalizer]: min value: 0.486020
[Normalizer]: max value: 1.729634
[Normalizer]: normalized value: 0.810668

[Normalizer]: noise value: 1.515432
[Normalizer]: min value: 0.486020
[Normalizer]: max value: 1.729634
[Normalizer]: normalized value: 0.827759

[Normalizer]: noise value: 1.021510
[Normalizer]: min value: 0.486020
[Normalizer]: max value: 1.729634
[Normalizer]: normalized value: 0.430592

[Normalizer]: noise value: 0.889937
[Normalizer]: min value: 0.486020
[Normalizer]: max value: 1.729634
[Normalizer]: normalized value: 0.324793

[Normalizer]: noise value: 0.725466
[Normalizer]: min value: 0.486020
[Normalizer]: max value: 1.729634
[Normalizer]: normalized value: 0.192540

[Normalizer]: noise value: 0.805315
[Normalizer]: min value: 0.486020
[Normalizer]: max value: 1.729634
[Normalizer]: normalized value: 0.256748

[Normalizer]: noise value: 0.916146
[Normalizer]: min value: 0.486020
[Normalizer]: max value: 1.729634
[Normalizer]: normalized value: 0.345868

[Normalizer]: noise value: 1.127510
[Normalizer]: min value: 0.486020
[Normalizer]: max value: 1.729634
[Normalizer]: normalized value: 0.515827

[Normalizer]: noise value: 1.585206
[Normalizer]: min value: 0.486020
[Normalizer]: max value: 1.729634
[Normalizer]: normalized value: 0.883865

[Renderer.Renderer]: Logging init. Renderer in mode 1
