[Renderer.Renderer]: Logging init. Renderer in mode 1
[Normalizer]: noise value: 1.148083
[Normalizer]: min value: 0.446729
[Normalizer]: max value: 1.762776
[Normalizer]: normalized value: 0.532925

[Normalizer]: noise value: 1.347469
[Normalizer]: min value: 0.446729
[Normalizer]: max value: 1.762776
[Normalizer]: normalized value: 0.684428

[Normalizer]: noise value: 0.966167
[Normalizer]: min value: 0.446729
[Normalizer]: max value: 1.762776
[Normalizer]: normalized value: 0.394695

[Normalizer]: noise value: 1.021297
[Normalizer]: min value: 0.446729
[Normalizer]: max value: 1.762776
[Normalizer]: normalized value: 0.436586

[Normalizer]: noise value: 1.046690
[Normalizer]: min value: 0.446729
[Normalizer]: max value: 1.762776
[Normalizer]: normalized value: 0.455881

[Normalizer]: noise value: 0.716939
[Normalizer]: min value: 0.446729
[Normalizer]: max value: 1.762776
[Normalizer]: normalized value: 0.205319

[Normalizer]: noise value: 0.855196
[Normalizer]: min value: 0.446729
[Normalizer]: max value: 1.762776
[Normalizer]: normalized value: 0.310374

[Normalizer]: noise value: 1.069939
[Normalizer]: min value: 0.446729
[Normalizer]: max value: 1.762776
[Normalizer]: normalized value: 0.473546

[Normalizer]: noise value: 1.394188
[Normalizer]: min value: 0.446729
[Normalizer]: max value: 1.762776
[Normalizer]: normalized value: 0.719927

[Normalizer]: noise value: 1.220960
[Normalizer]: min value: 0.446729
[Normalizer]: max value: 1.762776
[Normalizer]: normalized value: 0.588300

[Normalizer]: noise value: 1.424469
[Normalizer]: min value: 0.446729
[Normalizer]: max value: 1.762776
[Normalizer]: normalized value: 0.742937

[Normalizer]: noise value: 1.028967
[Normalizer]: min value: 0.446729
[Normalizer]: max value: 1.762776
[Normalizer]: normalized value: 0.442414

[Normalizer]: noise value: 0.815489
[Normalizer]: min value: 0.446729
[Normalizer]: max value: 1.762776
[Normalizer]: normalized value: 0.280203

[Normalizer]: noise value: 0.873868
[Normalizer]: min value: 0.446729
[Normalizer]: max value: 1.762776
[Normalizer]: normalized value: 0.324562

[Normalizer]: noise value: 1.102384
[Normalizer]: min value: 0.446729
[Normalizer]: max value: 1.762776
[Normalizer]: normalized value: 0.498200

[Normalizer]: noise value: 1.111719
[Normalizer]: min value: 0.446729
[Normalizer]: max value: 1.762776
[Normalizer]: normalized value: 0.505293

[Normalizer]: noise value: 1.251435
[Normalizer]: min value: 0.446729
[Normalizer]: max value: 1.762776
[Normalizer]: normalized value: 0.611457

[Normalizer]: noise value: 1.027325
[Normalizer]: min value: 0.446729
[Normalizer]: max value: 1.762776
[Normalizer]: normalized value: 0.441166

[Normalizer]: noise value: 1.386585
[Normalizer]: min value: 0.446729
[Normalizer]: max value: 1.762776
[Normalizer]: normalized value: 0.714150

[Normalizer]: noise value: 1.384905
[Normalizer]: min value: 0.446729
[Normalizer]: max value: 1.762776
[Normalizer]: normalized value: 0.712874

[Normalizer]: noise value: 1.126669
[Normalizer]: min value: 0.446729
[Normalizer]: max value: 1.762776
[Normalizer]: normalized value: 0.516653

[Normalizer]: noise value: 0.834242
[Normalizer]: min value: 0.446729
[Normalizer]: max value: 1.762776
[Normalizer]: normalized value: 0.294452

[Normalizer]: noise value: 1.108533
[Normalizer]: min value: 0.446729
[Normalizer]: max value: 1.762776
[Normalizer]: normalized value: 0.502872

[Normalizer]: noise value: 0.967355
[Normalizer]: min value: 0.446729
[Normalizer]: max value: 1.762776
[Normalizer]: normalized value: 0.395598

[Normalizer]: noise value: 1.373124
[Normalizer]: min value: 0.446729
[Normalizer]: max value: 1.762776
[Normalizer]: normalized value: 0.703922

[Normalizer]: noise value: 1.143642
[Normalizer]: min value: 0.446729
[Normalizer]: max value: 1.762776
[Normalizer]: normalized value: 0.529550

[Normalizer]: noise value: 0.896326
[Normalizer]: min value: 0.446729
[Normalizer]: max value: 1.762776
[Normalizer]: normalized value: 0.341627

[Normalizer]: noise value: 1.438003
[Normalizer]: min value: 0.446729
[Normalizer]: max value: 1.762776
[Normalizer]: normalized value: 0.753220

[Normalizer]: noise value: 1.046940
[Normalizer]: min value: 0.446729
[Normalizer]: max value: 1.762776
[Normalizer]: normalized value: 0.456071

[Normalizer]: noise value: 1.105628
[Normalizer]: min value: 0.446729
[Normalizer]: max value: 1.762776
[Normalizer]: normalized value: 0.500665

[Normalizer]: noise value: 1.014738
[Normalizer]: min value: 0.446729
[Normalizer]: max value: 1.762776
[Normalizer]: normalized value: 0.431603

[Normalizer]: noise value: 1.315204
[Normalizer]: min value: 0.446729
[Normalizer]: max value: 1.762776
[Normalizer]: normalized value: 0.659911

[Normalizer]: noise value: 0.607178
[Normalizer]: min value: 0.446729
[Normalizer]: max value: 1.762776
[Normalizer]: normalized value: 0.121917

[Normalizer]: noise value: 1.125282
[Normalizer]: min value: 0.446729
[Normalizer]: max value: 1.762776
[Normalizer]: normalized value: 0.515599

[Normalizer]: noise value: 1.085856
[Normalizer]: min value: 0.446729
[Normalizer]: max value: 1.762776
[Normalizer]: normalized value: 0.485641

[Normalizer]: noise value: 1.073331
[Normalizer]: min value: 0.446729
[Normalizer]: max value: 1.762776
[Normalizer]: normalized value: 0.476124

[Normalizer]: noise value: 0.956752
[Normalizer]: min value: 0.446729
[Normalizer]: max value: 1.762776
[Normalizer]: normalized value: 0.387541

[Normalizer]: noise value: 0.962456
[Normalizer]: min value: 0.446729
[Normalizer]: max value: 1.762776
[Normalizer]: normalized value: 0.391875

[Normalizer]: noise value: 1.370983
[Normalizer]: min value: 0.446729
[Normalizer]: max value: 1.762776
[Normalizer]: normalized value: 0.702295

[Normalizer]: noise value: 1.233080
[Normalizer]: min value: 0.446729
[Normalizer]: max value: 1.762776
[Normalizer]: normalized value: 0.597510

[Normalizer]: noise value: 1.143642
[Normalizer]: min value: 0.446729
[Normalizer]: max value: 1.762776
[Normalizer]: normalized value: 0.529550

[Normalizer]: noise value: 1.103461
[Normalizer]: min value: 0.446729
[Normalizer]: max value: 1.762776
[Normalizer]: normalized value: 0.499019

[Normalizer]: noise value: 1.366156
[Normalizer]: min value: 0.446729
[Normalizer]: max value: 1.762776
[Normalizer]: normalized value: 0.698628

[Normalizer]: noise value: 1.552496
[Normalizer]: min value: 0.446729
[Normalizer]: max value: 1.762776
[Normalizer]: normalized value: 0.840218

[Normalizer]: noise value: 1.065891
[Normalizer]: min value: 0.446729
[Normalizer]: max value: 1.762776
[Normalizer]: normalized value: 0.470471

[Normalizer]: noise value: 0.908876
[Normalizer]: min value: 0.446729
[Normalizer]: max value: 1.762776
[Normalizer]: normalized value: 0.351163

[Normalizer]: noise value: 1.387091
[Normalizer]: min value: 0.446729
[Normalizer]: max value: 1.762776
[Normalizer]: normalized value: 0.714535

[Normalizer]: noise value: 1.060745
[Normalizer]: min value: 0.446729
[Normalizer]: max value: 1.762776
[Normalizer]: normalized value: 0.466561

[Normalizer]: noise value: 1.105680
[Normalizer]: min value: 0.446729
[Normalizer]: max value: 1.762776
[Normalizer]: normalized value: 0.500704

[Normalizer]: noise value: 1.125089
[Normalizer]: min value: 0.446729
[Normalizer]: max value: 1.762776
[Normalizer]: normalized value: 0.515453

[Normalizer]: noise value: 0.642186
[Normalizer]: min value: 0.446729
[Normalizer]: max value: 1.762776
[Normalizer]: normalized value: 0.148518

[Normalizer]: noise value: 0.930870
[Normalizer]: min value: 0.446729
[Normalizer]: max value: 1.762776
[Normalizer]: normalized value: 0.367875

[Normalizer]: noise value: 1.099303
[Normalizer]: min value: 0.446729
[Normalizer]: max value: 1.762776
[Normalizer]: normalized value: 0.495859

[Normalizer]: noise value: 1.483014
[Normalizer]: min value: 0.446729
[Normalizer]: max value: 1.762776
[Normalizer]: normalized value: 0.787422

[Normalizer]: noise value: 1.373702
[Normalizer]: min value: 0.446729
[Normalizer]: max value: 1.762776
[Normalizer]: normalized value: 0.704362

[Normalizer]: noise value: 1.264455
[Normalizer]: min value: 0.446729
[Normalizer]: max value: 1.762776
[Normalizer]: normalized value: 0.621350

[Normalizer]: noise value: 0.996040
[Normalizer]: min value: 0.446729
[Normalizer]: max value: 1.762776
[Normalizer]: normalized value: 0.417394

[Normalizer]: noise value: 1.119208
[Normalizer]: min value: 0.446729
[Normalizer]: max value: 1.762776
[Normalizer]: normalized value: 0.510984

[Normalizer]: noise value: 1.313403
[Normalizer]: min value: 0.446729
[Normalizer]: max value: 1.762776
[Normalizer]: normalized value: 0.658544

[Normalizer]: noise value: 1.340744
[Normalizer]: min value: 0.446729
[Normalizer]: max value: 1.762776
[Normalizer]: normalized value: 0.679318

[Normalizer]: noise value: 1.483061
[Normalizer]: min value: 0.446729
[Normalizer]: max value: 1.762776
[Normalizer]: normalized value: 0.787458

[Normalizer]: noise value: 1.174549
[Normalizer]: min value: 0.446729
[Normalizer]: max value: 1.762776
[Normalizer]: normalized value: 0.553035

[Normalizer]: noise value: 1.354255
[Normalizer]: min value: 0.446729
[Normalizer]: max value: 1.762776
[Normalizer]: normalized value: 0.689585

[Normalizer]: noise value: 0.886859
[Normalizer]: min value: 0.446729
[Normalizer]: max value: 1.762776
[Normalizer]: normalized value: 0.334433

[Normalizer]: noise value: 1.070873
[Normalizer]: min value: 0.446729
[Normalizer]: max value: 1.762776
[Normalizer]: normalized value: 0.474256

[Normalizer]: noise value: 1.397800
[Normalizer]: min value: 0.446729
[Normalizer]: max value: 1.762776
[Normalizer]: normalized value: 0.722672

[Normalizer]: noise value: 0.827912
[Normalizer]: min value: 0.446729
[Normalizer]: max value: 1.762776
[Normalizer]: normalized value: 0.289642

[Normalizer]: noise value: 0.950107
[Normalizer]: min value: 0.446729
[Normalizer]: max value: 1.762776
[Normalizer]: normalized value: 0.382492

[Normalizer]: noise value: 1.013249
[Normalizer]: min value: 0.446729
[Normalizer]: max value: 1.762776
[Normalizer]: normalized value: 0.430471

[Normalizer]: noise value: 1.125113
[Normalizer]: min value: 0.446729
[Normalizer]: max value: 1.762776
[Normalizer]: normalized value: 0.515471

[Normalizer]: noise value: 0.925036
[Normalizer]: min value: 0.446729
[Normalizer]: max value: 1.762776
[Normalizer]: normalized value: 0.363442

[Normalizer]: noise value: 0.938421
[Normalizer]: min value: 0.446729
[Normalizer]: max value: 1.762776
[Normalizer]: normalized value: 0.373613

[Normalizer]: noise value: 1.284308
[Normalizer]: min value: 0.446729
[Normalizer]: max value: 1.762776
[Normalizer]: normalized value: 0.636435

[Normalizer]: noise value: 1.177085
[Normalizer]: min value: 0.446729
[Normalizer]: max value: 1.762776
[Normalizer]: normalized value: 0.554961

[Normalizer]: noise value: 1.033583
[Normalizer]: min value: 0.446729
[Normalizer]: max value: 1.762776
[Normalizer]: normalized value: 0.445922

[Normalizer]: noise value: 1.233345
[Normalizer]: min value: 0.446729
[Normalizer]: max value: 1.762776
[Normalizer]: normalized value: 0.597711

[Normalizer]: noise value: 0.973032
[Normalizer]: min value: 0.446729
[Normalizer]: max value: 1.762776
[Normalizer]: normalized value: 0.399912

[Normalizer]: noise value: 1.360656
[Normalizer]: min value: 0.446729
[Normalizer]: max value: 1.762776
[Normalizer]: normalized value: 0.694448

[Normalizer]: noise value: 1.251166
[Normalizer]: min value: 0.446729
[Normalizer]: max value: 1.762776
[Normalizer]: normalized value: 0.611252

[Normalizer]: noise value: 0.873486
[Normalizer]: min value: 0.446729
[Normalizer]: max value: 1.762776
[Normalizer]: normalized value: 0.324272

[Normalizer]: noise value: 1.308097
[Normalizer]: min value: 0.446729
[Normalizer]: max value: 1.762776
[Normalizer]: normalized value: 0.654511

[Normalizer]: noise value: 0.908961
[Normalizer]: min value: 0.446729
[Normalizer]: max value: 1.762776
[Normalizer]: normalized value: 0.351227

[Normalizer]: noise value: 1.286355
[Normalizer]: min value: 0.446729
[Normalizer]: max value: 1.762776
[Normalizer]: normalized value: 0.637991

[Normalizer]: noise value: 1.226406
[Normalizer]: min value: 0.446729
[Normalizer]: max value: 1.762776
[Normalizer]: normalized value: 0.592438

[Normalizer]: noise value: 0.973172
[Normalizer]: min value: 0.446729
[Normalizer]: max value: 1.762776
[Normalizer]: normalized value: 0.400019

[Normalizer]: noise value: 0.876952
[Normalizer]: min value: 0.446729
[Normalizer]: max value: 1.762776
[Normalizer]: normalized value: 0.326906

[Normalizer]: noise value: 0.857993
[Normalizer]: min value: 0.446729
[Normalizer]: max value: 1.762776
[Normalizer]: normalized value: 0.312500

[Normalizer]: noise value: 0.883897
[Normalizer]: min value: 0.446729
[Normalizer]: max value: 1.762776
[Normalizer]: normalized value: 0.332182

[Normalizer]: noise value: 1.063477
[Normalizer]: min value: 0.446729
[Normalizer]: max value: 1.762776
[Normalizer]: normalized value: 0.468636

[Normalizer]: noise value: 1.287748
[Normalizer]: min value: 0.446729
[Normalizer]: max value: 1.762776
[Normalizer]: normalized value: 0.639049

[Normalizer]: noise value: 1.041407
[Normalizer]: min value: 0.446729
[Normalizer]: max value: 1.762776
[Normalizer]: normalized value: 0.451867

[Normalizer]: noise value: 1.330225
[Normalizer]: min value: 0.446729
[Normalizer]: max value: 1.762776
[Normalizer]: normalized value: 0.671325

[Normalizer]: noise value: 0.958505
[Normalizer]: min value: 0.446729
[Normalizer]: max value: 1.762776
[Normalizer]: normalized value: 0.388874

[Normalizer]: noise value: 0.975094
[Normalizer]: min value: 0.446729
[Normalizer]: max value: 1.762776
[Normalizer]: normalized value: 0.401478

[Normalizer]: noise value: 1.185576
[Normalizer]: min value: 0.446729
[Normalizer]: max value: 1.762776
[Normalizer]: normalized value: 0.561414

[Normalizer]: noise value: 0.983628
[Normalizer]: min value: 0.446729
[Normalizer]: max value: 1.762776
[Normalizer]: normalized value: 0.407963

[Normalizer]: noise value: 0.848897
[Normalizer]: min value: 0.446729
[Normalizer]: max value: 1.762776
[Normalizer]: normalized value: 0.305588

[Normalizer]: noise value: 1.032689
[Normalizer]: min value: 0.446729
[Normalizer]: max value: 1.762776
[Normalizer]: normalized value: 0.445242

[Normalizer]: noise value: 0.611446
[Normalizer]: min value: 0.446729
[Normalizer]: max value: 1.762776
[Normalizer]: normalized value: 0.125160

[Normalizer]: noise value: 1.583619
[Normalizer]: min value: 0.446729
[Normalizer]: max value: 1.762776
[Normalizer]: normalized value: 0.863867

[Normalizer]: noise value: 1.125055
[Normalizer]: min value: 0.446729
[Normalizer]: max value: 1.762776
[Normalizer]: normalized value: 0.515427

[Normalizer]: noise value: 0.942912
[Normalizer]: min value: 0.446729
[Normalizer]: max value: 1.762776
[Normalizer]: normalized value: 0.377025

[Normalizer]: noise value: 1.214603
[Normalizer]: min value: 0.446729
[Normalizer]: max value: 1.762776
[Normalizer]: normalized value: 0.583470

[Normalizer]: noise value: 1.046158
[Normalizer]: min value: 0.446729
[Normalizer]: max value: 1.762776
[Normalizer]: normalized value: 0.455477

[Normalizer]: noise value: 0.917713
[Normalizer]: min value: 0.446729
[Normalizer]: max value: 1.762776
[Normalizer]: normalized value: 0.357878

[Normalizer]: noise value: 1.196796
[Normalizer]: min value: 0.446729
[Normalizer]: max value: 1.762776
[Normalizer]: normalized value: 0.569939

[Normalizer]: noise value: 1.070832
[Normalizer]: min value: 0.446729
[Normalizer]: max value: 1.762776
[Normalizer]: normalized value: 0.474225

[Normalizer]: noise value: 0.960032
[Normalizer]: min value: 0.446729
[Normalizer]: max value: 1.762776
[Normalizer]: normalized value: 0.390034

[Normalizer]: noise value: 1.372226
[Normalizer]: min value: 0.446729
[Normalizer]: max value: 1.762776
[Normalizer]: normalized value: 0.703240

[Normalizer]: noise value: 0.686895
[Normalizer]: min value: 0.446729
[Normalizer]: max value: 1.762776
[Normalizer]: normalized value: 0.182490

[Normalizer]: noise value: 0.723007
[Normalizer]: min value: 0.446729
[Normalizer]: max value: 1.762776
[Normalizer]: normalized value: 0.209930

[Normalizer]: noise value: 1.114601
[Normalizer]: min value: 0.446729
[Normalizer]: max value: 1.762776
[Normalizer]: normalized value: 0.507483

[Normalizer]: noise value: 0.925851
[Normalizer]: min value: 0.446729
[Normalizer]: max value: 1.762776
[Normalizer]: normalized value: 0.364062

[Normalizer]: noise value: 0.745538
[Normalizer]: min value: 0.446729
[Normalizer]: max value: 1.762776
[Normalizer]: normalized value: 0.227050

[Normalizer]: noise value: 1.140808
[Normalizer]: min value: 0.446729
[Normalizer]: max value: 1.762776
[Normalizer]: normalized value: 0.527396

[Normalizer]: noise value: 0.813746
[Normalizer]: min value: 0.446729
[Normalizer]: max value: 1.762776
[Normalizer]: normalized value: 0.278878

[Normalizer]: noise value: 1.229204
[Normalizer]: min value: 0.446729
[Normalizer]: max value: 1.762776
[Normalizer]: normalized value: 0.594564

[Normalizer]: noise value: 1.345447
[Normalizer]: min value: 0.446729
[Normalizer]: max value: 1.762776
[Normalizer]: normalized value: 0.682892

[Normalizer]: noise value: 1.344769
[Normalizer]: min value: 0.446729
[Normalizer]: max value: 1.762776
[Normalizer]: normalized value: 0.682376

[Normalizer]: noise value: 1.206481
[Normalizer]: min value: 0.446729
[Normalizer]: max value: 1.762776
[Normalizer]: normalized value: 0.577298

[Normalizer]: noise value: 1.017575
[Normalizer]: min value: 0.446729
[Normalizer]: max value: 1.762776
[Normalizer]: normalized value: 0.433758

[Normalizer]: noise value: 1.159241
[Normalizer]: min value: 0.446729
[Normalizer]: max value: 1.762776
[Normalizer]: normalized value: 0.541403

[Normalizer]: noise value: 0.572258
[Normalizer]: min value: 0.446729
[Normalizer]: max value: 1.762776
[Normalizer]: normalized value: 0.095383

[Normalizer]: noise value: 1.160660
[Normalizer]: min value: 0.446729
[Normalizer]: max value: 1.762776
[Normalizer]: normalized value: 0.542481

[Normalizer]: noise value: 0.753238
[Normalizer]: min value: 0.446729
[Normalizer]: max value: 1.762776
[Normalizer]: normalized value: 0.232901

[Normalizer]: noise value: 0.939472
[Normalizer]: min value: 0.446729
[Normalizer]: max value: 1.762776
[Normalizer]: normalized value: 0.374411

[Normalizer]: noise value: 1.340438
[Normalizer]: min value: 0.446729
[Normalizer]: max value: 1.762776
[Normalizer]: normalized value: 0.679086

[Normalizer]: noise value: 0.842307
[Normalizer]: min value: 0.446729
[Normalizer]: max value: 1.762776
[Normalizer]: normalized value: 0.300580

[Normalizer]: noise value: 0.964171
[Normalizer]: min value: 0.446729
[Normalizer]: max value: 1.762776
[Normalizer]: normalized value: 0.393179

[Normalizer]: noise value: 1.069493
[Normalizer]: min value: 0.446729
[Normalizer]: max value: 1.762776
[Normalizer]: normalized value: 0.473208

[Normalizer]: noise value: 0.926165
[Normalizer]: min value: 0.446729
[Normalizer]: max value: 1.762776
[Normalizer]: normalized value: 0.364300

[Normalizer]: noise value: 0.687304
[Normalizer]: min value: 0.446729
[Normalizer]: max value: 1.762776
[Normalizer]: normalized value: 0.182801

[Normalizer]: noise value: 1.368811
[Normalizer]: min value: 0.446729
[Normalizer]: max value: 1.762776
[Normalizer]: normalized value: 0.700645

[Normalizer]: noise value: 1.418028
[Normalizer]: min value: 0.446729
[Normalizer]: max value: 1.762776
[Normalizer]: normalized value: 0.738042

[Normalizer]: noise value: 1.500210
[Normalizer]: min value: 0.446729
[Normalizer]: max value: 1.762776
[Normalizer]: normalized value: 0.800488

[Normalizer]: noise value: 0.866850
[Normalizer]: min value: 0.446729
[Normalizer]: max value: 1.762776
[Normalizer]: normalized value: 0.319229

[Normalizer]: noise value: 1.136109
[Normalizer]: min value: 0.446729
[Normalizer]: max value: 1.762776
[Normalizer]: normalized value: 0.523826

[Normalizer]: noise value: 0.901895
[Normalizer]: min value: 0.446729
[Normalizer]: max value: 1.762776
[Normalizer]: normalized value: 0.345858

[Normalizer]: noise value: 1.143880
[Normalizer]: min value: 0.446729
[Normalizer]: max value: 1.762776
[Normalizer]: normalized value: 0.529731

[Normalizer]: noise value: 0.993654
[Normalizer]: min value: 0.446729
[Normalizer]: max value: 1.762776
[Normalizer]: normalized value: 0.415582

[Normalizer]: noise value: 0.872530
[Normalizer]: min value: 0.446729
[Normalizer]: max value: 1.762776
[Normalizer]: normalized value: 0.323546

[Normalizer]: noise value: 1.350281
[Normalizer]: min value: 0.446729
[Normalizer]: max value: 1.762776
[Normalizer]: normalized value: 0.686565

[Normalizer]: noise value: 0.801839
[Normalizer]: min value: 0.446729
[Normalizer]: max value: 1.762776
[Normalizer]: normalized value: 0.269831

[Normalizer]: noise value: 1.160075
[Normalizer]: min value: 0.446729
[Normalizer]: max value: 1.762776
[Normalizer]: normalized value: 0.542037

[Normalizer]: noise value: 0.934754
[Normalizer]: min value: 0.446729
[Normalizer]: max value: 1.762776
[Normalizer]: normalized value: 0.370826

[Normalizer]: noise value: 0.913873
[Normalizer]: min value: 0.446729
[Normalizer]: max value: 1.762776
[Normalizer]: normalized value: 0.354960

[Normalizer]: noise value: 1.006679
[Normalizer]: min value: 0.446729
[Normalizer]: max value: 1.762776
[Normalizer]: normalized value: 0.425478

[Normalizer]: noise value: 1.300103
[Normalizer]: min value: 0.446729
[Normalizer]: max value: 1.762776
[Normalizer]: normalized value: 0.648437

[Normalizer]: noise value: 1.249019
[Normalizer]: min value: 0.446729
[Normalizer]: max value: 1.762776
[Normalizer]: normalized value: 0.609621

[Normalizer]: noise value: 0.890696
[Normalizer]: min value: 0.446729
[Normalizer]: max value: 1.762776
[Normalizer]: normalized value: 0.337348

[Normalizer]: noise value: 1.090129
[Normalizer]: min value: 0.446729
[Normalizer]: max value: 1.762776
[Normalizer]: normalized value: 0.488888

[Normalizer]: noise value: 1.074463
[Normalizer]: min value: 0.446729
[Normalizer]: max value: 1.762776
[Normalizer]: normalized value: 0.476984

[Normalizer]: noise value: 1.156826
[Normalizer]: min value: 0.446729
[Normalizer]: max value: 1.762776
[Normalizer]: normalized value: 0.539568

[Normalizer]: noise value: 0.890329
[Normalizer]: min value: 0.446729
[Normalizer]: max value: 1.762776
[Normalizer]: normalized value: 0.337070

[Normalizer]: noise value: 1.191150
[Normalizer]: min value: 0.446729
[Normalizer]: max value: 1.762776
[Normalizer]: normalized value: 0.565649

[Normalizer]: noise value: 1.157989
[Normalizer]: min value: 0.446729
[Normalizer]: max value: 1.762776
[Normalizer]: normalized value: 0.540452

[Normalizer]: noise value: 1.382848
[Normalizer]: min value: 0.446729
[Normalizer]: max value: 1.762776
[Normalizer]: normalized value: 0.711311

[Normalizer]: noise value: 1.173397
[Normalizer]: min value: 0.446729
[Normalizer]: max value: 1.762776
[Normalizer]: normalized value: 0.552160

[Normalizer]: noise value: 1.054928
[Normalizer]: min value: 0.446729
[Normalizer]: max value: 1.762776
[Normalizer]: normalized value: 0.462141

[Normalizer]: noise value: 0.856724
[Normalizer]: min value: 0.446729
[Normalizer]: max value: 1.762776
[Normalizer]: normalized value: 0.311535

[Normalizer]: noise value: 0.878085
[Normalizer]: min value: 0.446729
[Normalizer]: max value: 1.762776
[Normalizer]: normalized value: 0.327766

[Normalizer]: noise value: 1.431694
[Normalizer]: min value: 0.446729
[Normalizer]: max value: 1.762776
[Normalizer]: normalized value: 0.748427

[Normalizer]: noise value: 1.452855
[Normalizer]: min value: 0.446729
[Normalizer]: max value: 1.762776
[Normalizer]: normalized value: 0.764506

[Normalizer]: noise value: 1.291488
[Normalizer]: min value: 0.446729
[Normalizer]: max value: 1.762776
[Normalizer]: normalized value: 0.641891

[Normalizer]: noise value: 1.089088
[Normalizer]: min value: 0.446729
[Normalizer]: max value: 1.762776
[Normalizer]: normalized value: 0.488097

[Normalizer]: noise value: 1.150365
[Normalizer]: min value: 0.446729
[Normalizer]: max value: 1.762776
[Normalizer]: normalized value: 0.534658

[Normalizer]: noise value: 1.406722
[Normalizer]: min value: 0.446729
[Normalizer]: max value: 1.762776
[Normalizer]: normalized value: 0.729452

[Normalizer]: noise value: 0.557663
[Normalizer]: min value: 0.446729
[Normalizer]: max value: 1.762776
[Normalizer]: normalized value: 0.084293

[Normalizer]: noise value: 0.984272
[Normalizer]: min value: 0.446729
[Normalizer]: max value: 1.762776
[Normalizer]: normalized value: 0.408452

[Normalizer]: noise value: 1.175029
[Normalizer]: min value: 0.446729
[Normalizer]: max value: 1.762776
[Normalizer]: normalized value: 0.553399

[Normalizer]: noise value: 1.394047
[Normalizer]: min value: 0.446729
[Normalizer]: max value: 1.762776
[Normalizer]: normalized value: 0.719820

[Normalizer]: noise value: 1.403347
[Normalizer]: min value: 0.446729
[Normalizer]: max value: 1.762776
[Normalizer]: normalized value: 0.726887

[Normalizer]: noise value: 1.087826
[Normalizer]: min value: 0.446729
[Normalizer]: max value: 1.762776
[Normalizer]: normalized value: 0.487138

[Normalizer]: noise value: 0.904659
[Normalizer]: min value: 0.446729
[Normalizer]: max value: 1.762776
[Normalizer]: normalized value: 0.347959

[Normalizer]: noise value: 1.299297
[Normalizer]: min value: 0.446729
[Normalizer]: max value: 1.762776
[Normalizer]: normalized value: 0.647825

[Normalizer]: noise value: 1.248812
[Normalizer]: min value: 0.446729
[Normalizer]: max value: 1.762776
[Normalizer]: normalized value: 0.609464

[Normalizer]: noise value: 1.109983
[Normalizer]: min value: 0.446729
[Normalizer]: max value: 1.762776
[Normalizer]: normalized value: 0.503974

[Normalizer]: noise value: 1.126407
[Normalizer]: min value: 0.446729
[Normalizer]: max value: 1.762776
[Normalizer]: normalized value: 0.516454

[Normalizer]: noise value: 1.125118
[Normalizer]: min value: 0.446729
[Normalizer]: max value: 1.762776
[Normalizer]: normalized value: 0.515474

[Normalizer]: noise value: 1.019566
[Normalizer]: min value: 0.446729
[Normalizer]: max value: 1.762776
[Normalizer]: normalized value: 0.435271

[Normalizer]: noise value: 1.033817
[Normalizer]: min value: 0.446729
[Normalizer]: max value: 1.762776
[Normalizer]: normalized value: 0.446099

[Normalizer]: noise value: 1.330623
[Normalizer]: min value: 0.446729
[Normalizer]: max value: 1.762776
[Normalizer]: normalized value: 0.671628

[Normalizer]: noise value: 1.321618
[Normalizer]: min value: 0.446729
[Normalizer]: max value: 1.762776
[Normalizer]: normalized value: 0.664785

[Normalizer]: noise value: 1.567759
[Normalizer]: min value: 0.446729
[Normalizer]: max value: 1.762776
[Normalizer]: normalized value: 0.851816

[Normalizer]: noise value: 1.232740
[Normalizer]: min value: 0.446729
[Normalizer]: max value: 1.762776
[Normalizer]: normalized value: 0.597251

[Normalizer]: noise value: 1.467384
[Normalizer]: min value: 0.446729
[Normalizer]: max value: 1.762776
[Normalizer]: normalized value: 0.775546

[Normalizer]: noise value: 1.096402
[Normalizer]: min value: 0.446729
[Normalizer]: max value: 1.762776
[Normalizer]: normalized value: 0.493655

[Normalizer]: noise value: 1.341228
[Normalizer]: min value: 0.446729
[Normalizer]: max value: 1.762776
[Normalizer]: normalized value: 0.679686

[Normalizer]: noise value: 0.959821
[Normalizer]: min value: 0.446729
[Normalizer]: max value: 1.762776
[Normalizer]: normalized value: 0.389874

[Normalizer]: noise value: 1.256566
[Normalizer]: min value: 0.446729
[Normalizer]: max value: 1.762776
[Normalizer]: normalized value: 0.615356

[Normalizer]: noise value: 1.546574
[Normalizer]: min value: 0.446729
[Normalizer]: max value: 1.762776
[Normalizer]: normalized value: 0.835718

[Normalizer]: noise value: 0.943335
[Normalizer]: min value: 0.446729
[Normalizer]: max value: 1.762776
[Normalizer]: normalized value: 0.377346

[Normalizer]: noise value: 1.354713
[Normalizer]: min value: 0.446729
[Normalizer]: max value: 1.762776
[Normalizer]: normalized value: 0.689933

[Normalizer]: noise value: 1.181063
[Normalizer]: min value: 0.446729
[Normalizer]: max value: 1.762776
[Normalizer]: normalized value: 0.557984

[Normalizer]: noise value: 1.415874
[Normalizer]: min value: 0.446729
[Normalizer]: max value: 1.762776
[Normalizer]: normalized value: 0.736406

[Normalizer]: noise value: 0.949367
[Normalizer]: min value: 0.446729
[Normalizer]: max value: 1.762776
[Normalizer]: normalized value: 0.381930

[Normalizer]: noise value: 1.216413
[Normalizer]: min value: 0.446729
[Normalizer]: max value: 1.762776
[Normalizer]: normalized value: 0.584845

[Normalizer]: noise value: 1.251234
[Normalizer]: min value: 0.446729
[Normalizer]: max value: 1.762776
[Normalizer]: normalized value: 0.611304

[Normalizer]: noise value: 1.041547
[Normalizer]: min value: 0.446729
[Normalizer]: max value: 1.762776
[Normalizer]: normalized value: 0.451973

[Normalizer]: noise value: 0.796799
[Normalizer]: min value: 0.446729
[Normalizer]: max value: 1.762776
[Normalizer]: normalized value: 0.266001

[Normalizer]: noise value: 1.140010
[Normalizer]: min value: 0.446729
[Normalizer]: max value: 1.762776
[Normalizer]: normalized value: 0.526790

[Normalizer]: noise value: 0.808165
[Normalizer]: min value: 0.446729
[Normalizer]: max value: 1.762776
[Normalizer]: normalized value: 0.274637

[Normalizer]: noise value: 1.218349
[Normalizer]: min value: 0.446729
[Normalizer]: max value: 1.762776
[Normalizer]: normalized value: 0.586316

[Normalizer]: noise value: 1.129859
[Normalizer]: min value: 0.446729
[Normalizer]: max value: 1.762776
[Normalizer]: normalized value: 0.519077

[Normalizer]: noise value: 0.856488
[Normalizer]: min value: 0.446729
[Normalizer]: max value: 1.762776
[Normalizer]: normalized value: 0.311356

[Normalizer]: noise value: 1.354513
[Normalizer]: min value: 0.446729
[Normalizer]: max value: 1.762776
[Normalizer]: normalized value: 0.689781

[Normalizer]: noise value: 0.975123
[Normalizer]: min value: 0.446729
[Normalizer]: max value: 1.762776
[Normalizer]: normalized value: 0.401501

[Normalizer]: noise value: 1.127518
[Normalizer]: min value: 0.446729
[Normalizer]: max value: 1.762776
[Normalizer]: normalized value: 0.517299

[Normalizer]: noise value: 1.036897
[Normalizer]: min value: 0.446729
[Normalizer]: max value: 1.762776
[Normalizer]: normalized value: 0.448440

[Normalizer]: noise value: 0.823752
[Normalizer]: min value: 0.446729
[Normalizer]: max value: 1.762776
[Normalizer]: normalized value: 0.286482

[Normalizer]: noise value: 1.152740
[Normalizer]: min value: 0.446729
[Normalizer]: max value: 1.762776
[Normalizer]: normalized value: 0.536463

[Normalizer]: noise value: 1.264348
[Normalizer]: min value: 0.446729
[Normalizer]: max value: 1.762776
[Normalizer]: normalized value: 0.621269

[Normalizer]: noise value: 1.167448
[Normalizer]: min value: 0.446729
[Normalizer]: max value: 1.762776
[Normalizer]: normalized value: 0.547639

[Normalizer]: noise value: 1.461319
[Normalizer]: min value: 0.446729
[Normalizer]: max value: 1.762776
[Normalizer]: normalized value: 0.770937

[Normalizer]: noise value: 1.475438
[Normalizer]: min value: 0.446729
[Normalizer]: max value: 1.762776
[Normalizer]: normalized value: 0.781665

[Normalizer]: noise value: 1.111797
[Normalizer]: min value: 0.446729
[Normalizer]: max value: 1.762776
[Normalizer]: normalized value: 0.505353

[Normalizer]: noise value: 1.273456
[Normalizer]: min value: 0.446729
[Normalizer]: max value: 1.762776
[Normalizer]: normalized value: 0.628189

[Normalizer]: noise value: 0.932742
[Normalizer]: min value: 0.446729
[Normalizer]: max value: 1.762776
[Normalizer]: normalized value: 0.369297

[Normalizer]: noise value: 1.114103
[Normalizer]: min value: 0.446729
[Normalizer]: max value: 1.762776
[Normalizer]: normalized value: 0.507105

[Normalizer]: noise value: 1.006007
[Normalizer]: min value: 0.446729
[Normalizer]: max value: 1.762776
[Normalizer]: normalized value: 0.424968

[Normalizer]: noise value: 0.907662
[Normalizer]: min value: 0.446729
[Normalizer]: max value: 1.762776
[Normalizer]: normalized value: 0.350241

[Normalizer]: noise value: 1.076862
[Normalizer]: min value: 0.446729
[Normalizer]: max value: 1.762776
[Normalizer]: normalized value: 0.478808

[Normalizer]: noise value: 0.840859
[Normalizer]: min value: 0.446729
[Normalizer]: max value: 1.762776
[Normalizer]: normalized value: 0.299480

[Normalizer]: noise value: 1.176731
[Normalizer]: min value: 0.446729
[Normalizer]: max value: 1.762776
[Normalizer]: normalized value: 0.554693

[Normalizer]: noise value: 1.418153
[Normalizer]: min value: 0.446729
[Normalizer]: max value: 1.762776
[Normalizer]: normalized value: 0.738137

[Normalizer]: noise value: 0.859551
[Normalizer]: min value: 0.446729
[Normalizer]: max value: 1.762776
[Normalizer]: normalized value: 0.313683

[Normalizer]: noise value: 1.456963
[Normalizer]: min value: 0.446729
[Normalizer]: max value: 1.762776
[Normalizer]: normalized value: 0.767627

[Normalizer]: noise value: 1.330216
[Normalizer]: min value: 0.446729
[Normalizer]: max value: 1.762776
[Normalizer]: normalized value: 0.671319

[Normalizer]: noise value: 1.072756
[Normalizer]: min value: 0.446729
[Normalizer]: max value: 1.762776
[Normalizer]: normalized value: 0.475687

[Normalizer]: noise value: 1.603531
[Normalizer]: min value: 0.446729
[Normalizer]: max value: 1.762776
[Normalizer]: normalized value: 0.878997

[Normalizer]: noise value: 1.403874
[Normalizer]: min value: 0.446729
[Normalizer]: max value: 1.762776
[Normalizer]: normalized value: 0.727288

[Normalizer]: noise value: 0.963447
[Normalizer]: min value: 0.446729
[Normalizer]: max value: 1.762776
[Normalizer]: normalized value: 0.392629

[Normalizer]: noise value: 1.100939
[Normalizer]: min value: 0.446729
[Normalizer]: max value: 1.762776
[Normalizer]: normalized value: 0.497102

[Normalizer]: noise value: 1.175417
[Normalizer]: min value: 0.446729
[Normalizer]: max value: 1.762776
[Normalizer]: normalized value: 0.553695

[Normalizer]: noise value: 0.744176
[Normalizer]: min value: 0.446729
[Normalizer]: max value: 1.762776
[Normalizer]: normalized value: 0.226015

[Normalizer]: noise value: 1.180417
[Normalizer]: min value: 0.446729
[Normalizer]: max value: 1.762776
[Normalizer]: normalized value: 0.557493

[Normalizer]: noise value: 1.068066
[Normalizer]: min value: 0.446729
[Normalizer]: max value: 1.762776
[Normalizer]: normalized value: 0.472123

[Normalizer]: noise value: 0.966148
[Normalizer]: min value: 0.446729
[Normalizer]: max value: 1.762776
[Normalizer]: normalized value: 0.394681

[Normalizer]: noise value: 1.193325
[Normalizer]: min value: 0.446729
[Normalizer]: max value: 1.762776
[Normalizer]: normalized value: 0.567302

[Normalizer]: noise value: 1.185285
[Normalizer]: min value: 0.446729
[Normalizer]: max value: 1.762776
[Normalizer]: normalized value: 0.561193

[Normalizer]: noise value: 0.663099
[Normalizer]: min value: 0.446729
[Normalizer]: max value: 1.762776
[Normalizer]: normalized value: 0.164409

[Normalizer]: noise value: 1.342614
[Normalizer]: min value: 0.446729
[Normalizer]: max value: 1.762776
[Normalizer]: normalized value: 0.680739

[Normalizer]: noise value: 1.229748
[Normalizer]: min value: 0.446729
[Normalizer]: max value: 1.762776
[Normalizer]: normalized value: 0.594978

[Normalizer]: noise value: 1.444015
[Normalizer]: min value: 0.446729
[Normalizer]: max value: 1.762776
[Normalizer]: normalized value: 0.757789

[Normalizer]: noise value: 1.360572
[Normalizer]: min value: 0.446729
[Normalizer]: max value: 1.762776
[Normalizer]: normalized value: 0.694384

[Normalizer]: noise value: 1.172817
[Normalizer]: min value: 0.446729
[Normalizer]: max value: 1.762776
[Normalizer]: normalized value: 0.551719

[Normalizer]: noise value: 1.179813
[Normalizer]: min value: 0.446729
[Normalizer]: max value: 1.762776
[Normalizer]: normalized value: 0.557035

[Normalizer]: noise value: 0.751688
[Normalizer]: min value: 0.446729
[Normalizer]: max value: 1.762776
[Normalizer]: normalized value: 0.231723

[Normalizer]: noise value: 0.810657
[Normalizer]: min value: 0.446729
[Normalizer]: max value: 1.762776
[Normalizer]: normalized value: 0.276531

[Normalizer]: noise value: 1.041872
[Normalizer]: min value: 0.446729
[Normalizer]: max value: 1.762776
[Normalizer]: normalized value: 0.452220

[Normalizer]: noise value: 1.255813
[Normalizer]: min value: 0.446729
[Normalizer]: max value: 1.762776
[Normalizer]: normalized value: 0.614783

[Normalizer]: noise value: 1.174920
[Normalizer]: min value: 0.446729
[Normalizer]: max value: 1.762776
[Normalizer]: normalized value: 0.553317

[Normalizer]: noise value: 0.840970
[Normalizer]: min value: 0.446729
[Normalizer]: max value: 1.762776
[Normalizer]: normalized value: 0.299565

[Normalizer]: noise value: 1.052443
[Normalizer]: min value: 0.446729
[Normalizer]: max value: 1.762776
[Normalizer]: normalized value: 0.460253

[Normalizer]: noise value: 1.404801
[Normalizer]: min value: 0.446729
[Normalizer]: max value: 1.762776
[Normalizer]: normalized value: 0.727992

[Normalizer]: noise value: 1.296768
[Normalizer]: min value: 0.446729
[Normalizer]: max value: 1.762776
[Normalizer]: normalized value: 0.645903

[Normalizer]: noise value: 1.026001
[Normalizer]: min value: 0.446729
[Normalizer]: max value: 1.762776
[Normalizer]: normalized value: 0.440160

[Normalizer]: noise value: 1.464143
[Normalizer]: min value: 0.446729
[Normalizer]: max value: 1.762776
[Normalizer]: normalized value: 0.773083

[Normalizer]: noise value: 0.952542
[Normalizer]: min value: 0.446729
[Normalizer]: max value: 1.762776
[Normalizer]: normalized value: 0.384343

[Normalizer]: noise value: 0.701376
[Normalizer]: min value: 0.446729
[Normalizer]: max value: 1.762776
[Normalizer]: normalized value: 0.193493

[Normalizer]: noise value: 0.816318
[Normalizer]: min value: 0.446729
[Normalizer]: max value: 1.762776
[Normalizer]: normalized value: 0.280833

[Normalizer]: noise value: 1.365029
[Normalizer]: min value: 0.446729
[Normalizer]: max value: 1.762776
[Normalizer]: normalized value: 0.697771

[Normalizer]: noise value: 1.216365
[Normalizer]: min value: 0.446729
[Normalizer]: max value: 1.762776
[Normalizer]: normalized value: 0.584809

[Normalizer]: noise value: 0.854003
[Normalizer]: min value: 0.446729
[Normalizer]: max value: 1.762776
[Normalizer]: normalized value: 0.309468

[Normalizer]: noise value: 1.434636
[Normalizer]: min value: 0.446729
[Normalizer]: max value: 1.762776
[Normalizer]: normalized value: 0.750662

[Normalizer]: noise value: 1.162166
[Normalizer]: min value: 0.446729
[Normalizer]: max value: 1.762776
[Normalizer]: normalized value: 0.543626

[Normalizer]: noise value: 1.094228
[Normalizer]: min value: 0.446729
[Normalizer]: max value: 1.762776
[Normalizer]: normalized value: 0.492002

[Normalizer]: noise value: 0.708059
[Normalizer]: min value: 0.446729
[Normalizer]: max value: 1.762776
[Normalizer]: normalized value: 0.198572

[Normalizer]: noise value: 1.133678
[Normalizer]: min value: 0.446729
[Normalizer]: max value: 1.762776
[Normalizer]: normalized value: 0.521979

[Normalizer]: noise value: 1.506620
[Normalizer]: min value: 0.446729
[Normalizer]: max value: 1.762776
[Normalizer]: normalized value: 0.805359

[Normalizer]: noise value: 1.184432
[Normalizer]: min value: 0.446729
[Normalizer]: max value: 1.762776
[Normalizer]: normalized value: 0.560545

[Normalizer]: noise value: 1.224634
[Normalizer]: min value: 0.446729
[Normalizer]: max value: 1.762776
[Normalizer]: normalized value: 0.591092

[Normalizer]: noise value: 0.956849
[Normalizer]: min value: 0.446729
[Normalizer]: max value: 1.762776
[Normalizer]: normalized value: 0.387615

[Normalizer]: noise value: 1.535870
[Normalizer]: min value: 0.446729
[Normalizer]: max value: 1.762776
[Normalizer]: normalized value: 0.827585

[Normalizer]: noise value: 0.858327
[Normalizer]: min value: 0.446729
[Normalizer]: max value: 1.762776
[Normalizer]: normalized value: 0.312753

[Normalizer]: noise value: 1.135936
[Normalizer]: min value: 0.446729
[Normalizer]: max value: 1.762776
[Normalizer]: normalized value: 0.523695

[Normalizer]: noise value: 0.985626
[Normalizer]: min value: 0.446729
[Normalizer]: max value: 1.762776
[Normalizer]: normalized value: 0.409482

[Normalizer]: noise value: 1.419641
[Normalizer]: min value: 0.446729
[Normalizer]: max value: 1.762776
[Normalizer]: normalized value: 0.739268

[Normalizer]: noise value: 1.386640
[Normalizer]: min value: 0.446729
[Normalizer]: max value: 1.762776
[Normalizer]: normalized value: 0.714192

[Normalizer]: noise value: 0.878043
[Normalizer]: min value: 0.446729
[Normalizer]: max value: 1.762776
[Normalizer]: normalized value: 0.327735

[Normalizer]: noise value: 0.948611
[Normalizer]: min value: 0.446729
[Normalizer]: max value: 1.762776
[Normalizer]: normalized value: 0.381355

[Normalizer]: noise value: 1.271927
[Normalizer]: min value: 0.446729
[Normalizer]: max value: 1.762776
[Normalizer]: normalized value: 0.627027

[Normalizer]: noise value: 1.233435
[Normalizer]: min value: 0.446729
[Normalizer]: max value: 1.762776
[Normalizer]: normalized value: 0.597779

[Normalizer]: noise value: 0.893001
[Normalizer]: min value: 0.446729
[Normalizer]: max value: 1.762776
[Normalizer]: normalized value: 0.339101

[Normalizer]: noise value: 0.862970
[Normalizer]: min value: 0.446729
[Normalizer]: max value: 1.762776
[Normalizer]: normalized value: 0.316281

[Normalizer]: noise value: 1.285199
[Normalizer]: min value: 0.446729
[Normalizer]: max value: 1.762776
[Normalizer]: normalized value: 0.637112

[Normalizer]: noise value: 0.755199
[Normalizer]: min value: 0.446729
[Normalizer]: max value: 1.762776
[Normalizer]: normalized value: 0.234392

[Normalizer]: noise value: 1.008929
[Normalizer]: min value: 0.446729
[Normalizer]: max value: 1.762776
[Normalizer]: normalized value: 0.427188

[Normalizer]: noise value: 1.421135
[Normalizer]: min value: 0.446729
[Normalizer]: max value: 1.762776
[Normalizer]: normalized value: 0.740403

[Normalizer]: noise value: 1.159819
[Normalizer]: min value: 0.446729
[Normalizer]: max value: 1.762776
[Normalizer]: normalized value: 0.541842

[Normalizer]: noise value: 1.135323
[Normalizer]: min value: 0.446729
[Normalizer]: max value: 1.762776
[Normalizer]: normalized value: 0.523229

[Normalizer]: noise value: 1.244532
[Normalizer]: min value: 0.446729
[Normalizer]: max value: 1.762776
[Normalizer]: normalized value: 0.606211

[Normalizer]: noise value: 1.020493
[Normalizer]: min value: 0.446729
[Normalizer]: max value: 1.762776
[Normalizer]: normalized value: 0.435975

[Normalizer]: noise value: 1.146163
[Normalizer]: min value: 0.446729
[Normalizer]: max value: 1.762776
[Normalizer]: normalized value: 0.531465

[Normalizer]: noise value: 1.212027
[Normalizer]: min value: 0.446729
[Normalizer]: max value: 1.762776
[Normalizer]: normalized value: 0.581513

[Normalizer]: noise value: 1.285639
[Normalizer]: min value: 0.446729
[Normalizer]: max value: 1.762776
[Normalizer]: normalized value: 0.637446

[Normalizer]: noise value: 1.302521
[Normalizer]: min value: 0.446729
[Normalizer]: max value: 1.762776
[Normalizer]: normalized value: 0.650274

[Normalizer]: noise value: 0.880177
[Normalizer]: min value: 0.446729
[Normalizer]: max value: 1.762776
[Normalizer]: normalized value: 0.329356

[Normalizer]: noise value: 0.835738
[Normalizer]: min value: 0.446729
[Normalizer]: max value: 1.762776
[Normalizer]: normalized value: 0.295589

[Normalizer]: noise value: 1.323726
[Normalizer]: min value: 0.446729
[Normalizer]: max value: 1.762776
[Normalizer]: normalized value: 0.666387

[Normalizer]: noise value: 1.141572
[Normalizer]: min value: 0.446729
[Normalizer]: max value: 1.762776
[Normalizer]: normalized value: 0.527977

[Normalizer]: noise value: 1.108036
[Normalizer]: min value: 0.446729
[Normalizer]: max value: 1.762776
[Normalizer]: normalized value: 0.502494

[Normalizer]: noise value: 1.098538
[Normalizer]: min value: 0.446729
[Normalizer]: max value: 1.762776
[Normalizer]: normalized value: 0.495277

[Normalizer]: noise value: 1.569018
[Normalizer]: min value: 0.446729
[Normalizer]: max value: 1.762776
[Normalizer]: normalized value: 0.852772

[Normalizer]: noise value: 0.994286
[Normalizer]: min value: 0.446729
[Normalizer]: max value: 1.762776
[Normalizer]: normalized value: 0.416062

[Normalizer]: noise value: 1.351226
[Normalizer]: min value: 0.446729
[Normalizer]: max value: 1.762776
[Normalizer]: normalized value: 0.687283

[Normalizer]: noise value: 0.903269
[Normalizer]: min value: 0.446729
[Normalizer]: max value: 1.762776
[Normalizer]: normalized value: 0.346902

[Normalizer]: noise value: 1.326554
[Normalizer]: min value: 0.446729
[Normalizer]: max value: 1.762776
[Normalizer]: normalized value: 0.668536

[Normalizer]: noise value: 0.940222
[Normalizer]: min value: 0.446729
[Normalizer]: max value: 1.762776
[Normalizer]: normalized value: 0.374981

[Normalizer]: noise value: 1.208841
[Normalizer]: min value: 0.446729
[Normalizer]: max value: 1.762776
[Normalizer]: normalized value: 0.579091

[Normalizer]: noise value: 1.207003
[Normalizer]: min value: 0.446729
[Normalizer]: max value: 1.762776
[Normalizer]: normalized value: 0.577695

[Normalizer]: noise value: 1.074401
[Normalizer]: min value: 0.446729
[Normalizer]: max value: 1.762776
[Normalizer]: normalized value: 0.476937

[Normalizer]: noise value: 0.946245
[Normalizer]: min value: 0.446729
[Normalizer]: max value: 1.762776
[Normalizer]: normalized value: 0.379557

[Normalizer]: noise value: 0.785825
[Normalizer]: min value: 0.446729
[Normalizer]: max value: 1.762776
[Normalizer]: normalized value: 0.257663

[Normalizer]: noise value: 1.058280
[Normalizer]: min value: 0.446729
[Normalizer]: max value: 1.762776
[Normalizer]: normalized value: 0.464688

[Normalizer]: noise value: 0.969136
[Normalizer]: min value: 0.446729
[Normalizer]: max value: 1.762776
[Normalizer]: normalized value: 0.396952

[Normalizer]: noise value: 1.020108
[Normalizer]: min value: 0.446729
[Normalizer]: max value: 1.762776
[Normalizer]: normalized value: 0.435683

[Normalizer]: noise value: 1.107444
[Normalizer]: min value: 0.446729
[Normalizer]: max value: 1.762776
[Normalizer]: normalized value: 0.502045

[Normalizer]: noise value: 1.020852
[Normalizer]: min value: 0.446729
[Normalizer]: max value: 1.762776
[Normalizer]: normalized value: 0.436248

[Normalizer]: noise value: 1.525408
[Normalizer]: min value: 0.446729
[Normalizer]: max value: 1.762776
[Normalizer]: normalized value: 0.819635

[Normalizer]: noise value: 1.208112
[Normalizer]: min value: 0.446729
[Normalizer]: max value: 1.762776
[Normalizer]: normalized value: 0.578538

[Normalizer]: noise value: 0.965072
[Normalizer]: min value: 0.446729
[Normalizer]: max value: 1.762776
[Normalizer]: normalized value: 0.393863

[Normalizer]: noise value: 0.860566
[Normalizer]: min value: 0.446729
[Normalizer]: max value: 1.762776
[Normalizer]: normalized value: 0.314454

[Normalizer]: noise value: 1.031060
[Normalizer]: min value: 0.446729
[Normalizer]: max value: 1.762776
[Normalizer]: normalized value: 0.444005

[Normalizer]: noise value: 1.181889
[Normalizer]: min value: 0.446729
[Normalizer]: max value: 1.762776
[Normalizer]: normalized value: 0.558612

[Normalizer]: noise value: 1.089277
[Normalizer]: min value: 0.446729
[Normalizer]: max value: 1.762776
[Normalizer]: normalized value: 0.488240

[Normalizer]: noise value: 1.076771
[Normalizer]: min value: 0.446729
[Normalizer]: max value: 1.762776
[Normalizer]: normalized value: 0.478738

[Normalizer]: noise value: 1.000387
[Normalizer]: min value: 0.446729
[Normalizer]: max value: 1.762776
[Normalizer]: normalized value: 0.420697

[Normalizer]: noise value: 1.220689
[Normalizer]: min value: 0.446729
[Normalizer]: max value: 1.762776
[Normalizer]: normalized value: 0.588095

[Normalizer]: noise value: 0.840489
[Normalizer]: min value: 0.446729
[Normalizer]: max value: 1.762776
[Normalizer]: normalized value: 0.299199

[Normalizer]: noise value: 0.764698
[Normalizer]: min value: 0.446729
[Normalizer]: max value: 1.762776
[Normalizer]: normalized value: 0.241609

[Normalizer]: noise value: 0.836856
[Normalizer]: min value: 0.446729
[Normalizer]: max value: 1.762776
[Normalizer]: normalized value: 0.296438

[Normalizer]: noise value: 0.625233
[Normalizer]: min value: 0.446729
[Normalizer]: max value: 1.762776
[Normalizer]: normalized value: 0.135636

[Normalizer]: noise value: 1.504745
[Normalizer]: min value: 0.446729
[Normalizer]: max value: 1.762776
[Normalizer]: normalized value: 0.803935

[Normalizer]: noise value: 0.971724
[Normalizer]: min value: 0.446729
[Normalizer]: max value: 1.762776
[Normalizer]: normalized value: 0.398918

[Normalizer]: noise value: 1.116425
[Normalizer]: min value: 0.446729
[Normalizer]: max value: 1.762776
[Normalizer]: normalized value: 0.508869

[Normalizer]: noise value: 1.489327
[Normalizer]: min value: 0.446729
[Normalizer]: max value: 1.762776
[Normalizer]: normalized value: 0.792219

[Normalizer]: noise value: 1.054263
[Normalizer]: min value: 0.446729
[Normalizer]: max value: 1.762776
[Normalizer]: normalized value: 0.461635

[Normalizer]: noise value: 1.400394
[Normalizer]: min value: 0.446729
[Normalizer]: max value: 1.762776
[Normalizer]: normalized value: 0.724644

[Normalizer]: noise value: 1.037689
[Normalizer]: min value: 0.446729
[Normalizer]: max value: 1.762776
[Normalizer]: normalized value: 0.449041

[Normalizer]: noise value: 1.194258
[Normalizer]: min value: 0.446729
[Normalizer]: max value: 1.762776
[Normalizer]: normalized value: 0.568010

[Normalizer]: noise value: 1.363794
[Normalizer]: min value: 0.446729
[Normalizer]: max value: 1.762776
[Normalizer]: normalized value: 0.696833

[Normalizer]: noise value: 1.579762
[Normalizer]: min value: 0.446729
[Normalizer]: max value: 1.762776
[Normalizer]: normalized value: 0.860936

[Normalizer]: noise value: 0.979967
[Normalizer]: min value: 0.446729
[Normalizer]: max value: 1.762776
[Normalizer]: normalized value: 0.405182

[Normalizer]: noise value: 0.713888
[Normalizer]: min value: 0.446729
[Normalizer]: max value: 1.762776
[Normalizer]: normalized value: 0.203001

[Normalizer]: noise value: 1.172904
[Normalizer]: min value: 0.446729
[Normalizer]: max value: 1.762776
[Normalizer]: normalized value: 0.551785

[Normalizer]: noise value: 0.712948
[Normalizer]: min value: 0.446729
[Normalizer]: max value: 1.762776
[Normalizer]: normalized value: 0.202287

[Normalizer]: noise value: 1.045532
[Normalizer]: min value: 0.446729
[Normalizer]: max value: 1.762776
[Normalizer]: normalized value: 0.455001

[Normalizer]: noise value: 0.978957
[Normalizer]: min value: 0.446729
[Normalizer]: max value: 1.762776
[Normalizer]: normalized value: 0.404414

[Normalizer]: noise value: 1.120529
[Normalizer]: min value: 0.446729
[Normalizer]: max value: 1.762776
[Normalizer]: normalized value: 0.511988

[Normalizer]: noise value: 1.310026
[Normalizer]: min value: 0.446729
[Normalizer]: max value: 1.762776
[Normalizer]: normalized value: 0.655977

[Normalizer]: noise value: 0.669522
[Normalizer]: min value: 0.446729
[Normalizer]: max value: 1.762776
[Normalizer]: normalized value: 0.169290

[Normalizer]: noise value: 1.300960
[Normalizer]: min value: 0.446729
[Normalizer]: max value: 1.762776
[Normalizer]: normalized value: 0.649089

[Normalizer]: noise value: 1.078921
[Normalizer]: min value: 0.446729
[Normalizer]: max value: 1.762776
[Normalizer]: normalized value: 0.480371

[Normalizer]: noise value: 1.125396
[Normalizer]: min value: 0.446729
[Normalizer]: max value: 1.762776
[Normalizer]: normalized value: 0.515686

[Normalizer]: noise value: 1.045062
[Normalizer]: min value: 0.446729
[Normalizer]: max value: 1.762776
[Normalizer]: normalized value: 0.454644

[Normalizer]: noise value: 1.017439
[Normalizer]: min value: 0.446729
[Normalizer]: max value: 1.762776
[Normalizer]: normalized value: 0.433655

[Normalizer]: noise value: 0.906630
[Normalizer]: min value: 0.446729
[Normalizer]: max value: 1.762776
[Normalizer]: normalized value: 0.349456

[Normalizer]: noise value: 1.215083
[Normalizer]: min value: 0.446729
[Normalizer]: max value: 1.762776
[Normalizer]: normalized value: 0.583835

[Normalizer]: noise value: 1.187815
[Normalizer]: min value: 0.446729
[Normalizer]: max value: 1.762776
[Normalizer]: normalized value: 0.563115

[Normalizer]: noise value: 0.842578
[Normalizer]: min value: 0.446729
[Normalizer]: max value: 1.762776
[Normalizer]: normalized value: 0.300786

[Normalizer]: noise value: 1.308061
[Normalizer]: min value: 0.446729
[Normalizer]: max value: 1.762776
[Normalizer]: normalized value: 0.654484

[Normalizer]: noise value: 1.580386
[Normalizer]: min value: 0.446729
[Normalizer]: max value: 1.762776
[Normalizer]: normalized value: 0.861410

[Normalizer]: noise value: 1.175488
[Normalizer]: min value: 0.446729
[Normalizer]: max value: 1.762776
[Normalizer]: normalized value: 0.553748

[Normalizer]: noise value: 0.889911
[Normalizer]: min value: 0.446729
[Normalizer]: max value: 1.762776
[Normalizer]: normalized value: 0.336752

[Normalizer]: noise value: 0.585335
[Normalizer]: min value: 0.446729
[Normalizer]: max value: 1.762776
[Normalizer]: normalized value: 0.105320

[Normalizer]: noise value: 1.194843
[Normalizer]: min value: 0.446729
[Normalizer]: max value: 1.762776
[Normalizer]: normalized value: 0.568456

[Normalizer]: noise value: 1.347134
[Normalizer]: min value: 0.446729
[Normalizer]: max value: 1.762776
[Normalizer]: normalized value: 0.684173

[Normalizer]: noise value: 0.745632
[Normalizer]: min value: 0.446729
[Normalizer]: max value: 1.762776
[Normalizer]: normalized value: 0.227121

[Normalizer]: noise value: 1.238821
[Normalizer]: min value: 0.446729
[Normalizer]: max value: 1.762776
[Normalizer]: normalized value: 0.601872

[Normalizer]: noise value: 0.847209
[Normalizer]: min value: 0.446729
[Normalizer]: max value: 1.762776
[Normalizer]: normalized value: 0.304305

[Normalizer]: noise value: 1.155003
[Normalizer]: min value: 0.446729
[Normalizer]: max value: 1.762776
[Normalizer]: normalized value: 0.538183

[Normalizer]: noise value: 1.299581
[Normalizer]: min value: 0.446729
[Normalizer]: max value: 1.762776
[Normalizer]: normalized value: 0.648040

[Normalizer]: noise value: 0.822415
[Normalizer]: min value: 0.446729
[Normalizer]: max value: 1.762776
[Normalizer]: normalized value: 0.285466

[Normalizer]: noise value: 1.330109
[Normalizer]: min value: 0.446729
[Normalizer]: max value: 1.762776
[Normalizer]: normalized value: 0.671237

[Normalizer]: noise value: 1.152442
[Normalizer]: min value: 0.446729
[Normalizer]: max value: 1.762776
[Normalizer]: normalized value: 0.536237

[Normalizer]: noise value: 0.844194
[Normalizer]: min value: 0.446729
[Normalizer]: max value: 1.762776
[Normalizer]: normalized value: 0.302014

[Normalizer]: noise value: 0.880757
[Normalizer]: min value: 0.446729
[Normalizer]: max value: 1.762776
[Normalizer]: normalized value: 0.329796

[Normalizer]: noise value: 0.985002
[Normalizer]: min value: 0.446729
[Normalizer]: max value: 1.762776
[Normalizer]: normalized value: 0.409007

[Normalizer]: noise value: 1.187946
[Normalizer]: min value: 0.446729
[Normalizer]: max value: 1.762776
[Normalizer]: normalized value: 0.563214

[Normalizer]: noise value: 1.258029
[Normalizer]: min value: 0.446729
[Normalizer]: max value: 1.762776
[Normalizer]: normalized value: 0.616467

[Normalizer]: noise value: 1.340869
[Normalizer]: min value: 0.446729
[Normalizer]: max value: 1.762776
[Normalizer]: normalized value: 0.679413

[Normalizer]: noise value: 0.809288
[Normalizer]: min value: 0.446729
[Normalizer]: max value: 1.762776
[Normalizer]: normalized value: 0.275491

[Normalizer]: noise value: 1.215726
[Normalizer]: min value: 0.446729
[Normalizer]: max value: 1.762776
[Normalizer]: normalized value: 0.584323

[Normalizer]: noise value: 1.093997
[Normalizer]: min value: 0.446729
[Normalizer]: max value: 1.762776
[Normalizer]: normalized value: 0.491827

[Normalizer]: noise value: 0.880155
[Normalizer]: min value: 0.446729
[Normalizer]: max value: 1.762776
[Normalizer]: normalized value: 0.329339

[Normalizer]: noise value: 0.620082
[Normalizer]: min value: 0.446729
[Normalizer]: max value: 1.762776
[Normalizer]: normalized value: 0.131722

[Normalizer]: noise value: 0.906414
[Normalizer]: min value: 0.446729
[Normalizer]: max value: 1.762776
[Normalizer]: normalized value: 0.349292

[Normalizer]: noise value: 1.092567
[Normalizer]: min value: 0.446729
[Normalizer]: max value: 1.762776
[Normalizer]: normalized value: 0.490741

[Normalizer]: noise value: 1.249413
[Normalizer]: min value: 0.446729
[Normalizer]: max value: 1.762776
[Normalizer]: normalized value: 0.609920

[Normalizer]: noise value: 1.196158
[Normalizer]: min value: 0.446729
[Normalizer]: max value: 1.762776
[Normalizer]: normalized value: 0.569455

[Normalizer]: noise value: 1.018432
[Normalizer]: min value: 0.446729
[Normalizer]: max value: 1.762776
[Normalizer]: normalized value: 0.434409

[Normalizer]: noise value: 1.267154
[Normalizer]: min value: 0.446729
[Normalizer]: max value: 1.762776
[Normalizer]: normalized value: 0.623401

[Normalizer]: noise value: 1.127755
[Normalizer]: min value: 0.446729
[Normalizer]: max value: 1.762776
[Normalizer]: normalized value: 0.517478

[Normalizer]: noise value: 1.246375
[Normalizer]: min value: 0.446729
[Normalizer]: max value: 1.762776
[Normalizer]: normalized value: 0.607612

[Normalizer]: noise value: 1.016222
[Normalizer]: min value: 0.446729
[Normalizer]: max value: 1.762776
[Normalizer]: normalized value: 0.432730

[Normalizer]: noise value: 0.638324
[Normalizer]: min value: 0.446729
[Normalizer]: max value: 1.762776
[Normalizer]: normalized value: 0.145584

[Normalizer]: noise value: 1.029563
[Normalizer]: min value: 0.446729
[Normalizer]: max value: 1.762776
[Normalizer]: normalized value: 0.442867

[Normalizer]: noise value: 1.175281
[Normalizer]: min value: 0.446729
[Normalizer]: max value: 1.762776
[Normalizer]: normalized value: 0.553591

[Normalizer]: noise value: 1.162921
[Normalizer]: min value: 0.446729
[Normalizer]: max value: 1.762776
[Normalizer]: normalized value: 0.544199

[Normalizer]: noise value: 1.065164
[Normalizer]: min value: 0.446729
[Normalizer]: max value: 1.762776
[Normalizer]: normalized value: 0.469918

[Normalizer]: noise value: 0.845428
[Normalizer]: min value: 0.446729
[Normalizer]: max value: 1.762776
[Normalizer]: normalized value: 0.302952

[Normalizer]: noise value: 0.876014
[Normalizer]: min value: 0.446729
[Normalizer]: max value: 1.762776
[Normalizer]: normalized value: 0.326193

[Normalizer]: noise value: 1.022673
[Normalizer]: min value: 0.446729
[Normalizer]: max value: 1.762776
[Normalizer]: normalized value: 0.437632

[Normalizer]: noise value: 0.606911
[Normalizer]: min value: 0.446729
[Normalizer]: max value: 1.762776
[Normalizer]: normalized value: 0.121714

[Normalizer]: noise value: 1.521592
[Normalizer]: min value: 0.446729
[Normalizer]: max value: 1.762776
[Normalizer]: normalized value: 0.816736

[Normalizer]: noise value: 1.563329
[Normalizer]: min value: 0.446729
[Normalizer]: max value: 1.762776
[Normalizer]: normalized value: 0.848449

[Normalizer]: noise value: 1.056911
[Normalizer]: min value: 0.446729
[Normalizer]: max value: 1.762776
[Normalizer]: normalized value: 0.463647

[Normalizer]: noise value: 1.149468
[Normalizer]: min value: 0.446729
[Normalizer]: max value: 1.762776
[Normalizer]: normalized value: 0.533977

[Normalizer]: noise value: 0.866305
[Normalizer]: min value: 0.446729
[Normalizer]: max value: 1.762776
[Normalizer]: normalized value: 0.318815

[Normalizer]: noise value: 1.376378
[Normalizer]: min value: 0.446729
[Normalizer]: max value: 1.762776
[Normalizer]: normalized value: 0.706395

[Normalizer]: noise value: 1.057832
[Normalizer]: min value: 0.446729
[Normalizer]: max value: 1.762776
[Normalizer]: normalized value: 0.464348

[Normalizer]: noise value: 1.249477
[Normalizer]: min value: 0.446729
[Normalizer]: max value: 1.762776
[Normalizer]: normalized value: 0.609969

[Normalizer]: noise value: 1.008108
[Normalizer]: min value: 0.446729
[Normalizer]: max value: 1.762776
[Normalizer]: normalized value: 0.426564

[Normalizer]: noise value: 1.261838
[Normalizer]: min value: 0.446729
[Normalizer]: max value: 1.762776
[Normalizer]: normalized value: 0.619362

[Normalizer]: noise value: 1.462370
[Normalizer]: min value: 0.446729
[Normalizer]: max value: 1.762776
[Normalizer]: normalized value: 0.771736

[Normalizer]: noise value: 1.078334
[Normalizer]: min value: 0.446729
[Normalizer]: max value: 1.762776
[Normalizer]: normalized value: 0.479925

[Normalizer]: noise value: 1.020600
[Normalizer]: min value: 0.446729
[Normalizer]: max value: 1.762776
[Normalizer]: normalized value: 0.436057

[Normalizer]: noise value: 1.429470
[Normalizer]: min value: 0.446729
[Normalizer]: max value: 1.762776
[Normalizer]: normalized value: 0.746737

[Normalizer]: noise value: 1.051354
[Normalizer]: min value: 0.446729
[Normalizer]: max value: 1.762776
[Normalizer]: normalized value: 0.459425

[Normalizer]: noise value: 1.090274
[Normalizer]: min value: 0.446729
[Normalizer]: max value: 1.762776
[Normalizer]: normalized value: 0.488999

[Normalizer]: noise value: 1.388436
[Normalizer]: min value: 0.446729
[Normalizer]: max value: 1.762776
[Normalizer]: normalized value: 0.715557

[Normalizer]: noise value: 0.974601
[Normalizer]: min value: 0.446729
[Normalizer]: max value: 1.762776
[Normalizer]: normalized value: 0.401104

[Normalizer]: noise value: 0.834365
[Normalizer]: min value: 0.446729
[Normalizer]: max value: 1.762776
[Normalizer]: normalized value: 0.294546

[Normalizer]: noise value: 0.976611
[Normalizer]: min value: 0.446729
[Normalizer]: max value: 1.762776
[Normalizer]: normalized value: 0.402631

[Normalizer]: noise value: 1.060462
[Normalizer]: min value: 0.446729
[Normalizer]: max value: 1.762776
[Normalizer]: normalized value: 0.466346

[Normalizer]: noise value: 1.043838
[Normalizer]: min value: 0.446729
[Normalizer]: max value: 1.762776
[Normalizer]: normalized value: 0.453714

[Normalizer]: noise value: 1.053769
[Normalizer]: min value: 0.446729
[Normalizer]: max value: 1.762776
[Normalizer]: normalized value: 0.461260

[Normalizer]: noise value: 1.089648
[Normalizer]: min value: 0.446729
[Normalizer]: max value: 1.762776
[Normalizer]: normalized value: 0.488523

[Normalizer]: noise value: 1.432680
[Normalizer]: min value: 0.446729
[Normalizer]: max value: 1.762776
[Normalizer]: normalized value: 0.749176

[Normalizer]: noise value: 0.775938
[Normalizer]: min value: 0.446729
[Normalizer]: max value: 1.762776
[Normalizer]: normalized value: 0.250149

[Normalizer]: noise value: 0.664063
[Normalizer]: min value: 0.446729
[Normalizer]: max value: 1.762776
[Normalizer]: normalized value: 0.165142

[Normalizer]: noise value: 1.143887
[Normalizer]: min value: 0.446729
[Normalizer]: max value: 1.762776
[Normalizer]: normalized value: 0.529736

[Normalizer]: noise value: 0.984686
[Normalizer]: min value: 0.446729
[Normalizer]: max value: 1.762776
[Normalizer]: normalized value: 0.408768

[Normalizer]: noise value: 1.086704
[Normalizer]: min value: 0.446729
[Normalizer]: max value: 1.762776
[Normalizer]: normalized value: 0.486286

[Normalizer]: noise value: 1.181943
[Normalizer]: min value: 0.446729
[Normalizer]: max value: 1.762776
[Normalizer]: normalized value: 0.558653

[Normalizer]: noise value: 1.448812
[Normalizer]: min value: 0.446729
[Normalizer]: max value: 1.762776
[Normalizer]: normalized value: 0.761434

[Normalizer]: noise value: 1.386408
[Normalizer]: min value: 0.446729
[Normalizer]: max value: 1.762776
[Normalizer]: normalized value: 0.714016

[Normalizer]: noise value: 1.231093
[Normalizer]: min value: 0.446729
[Normalizer]: max value: 1.762776
[Normalizer]: normalized value: 0.596000

[Normalizer]: noise value: 1.122438
[Normalizer]: min value: 0.446729
[Normalizer]: max value: 1.762776
[Normalizer]: normalized value: 0.513438

[Normalizer]: noise value: 1.083116
[Normalizer]: min value: 0.446729
[Normalizer]: max value: 1.762776
[Normalizer]: normalized value: 0.483559

[Normalizer]: noise value: 1.378210
[Normalizer]: min value: 0.446729
[Normalizer]: max value: 1.762776
[Normalizer]: normalized value: 0.707787

[Normalizer]: noise value: 1.484645
[Normalizer]: min value: 0.446729
[Normalizer]: max value: 1.762776
[Normalizer]: normalized value: 0.788662

[Normalizer]: noise value: 1.392257
[Normalizer]: min value: 0.446729
[Normalizer]: max value: 1.762776
[Normalizer]: normalized value: 0.718461

[Normalizer]: noise value: 0.850992
[Normalizer]: min value: 0.446729
[Normalizer]: max value: 1.762776
[Normalizer]: normalized value: 0.307179

[Normalizer]: noise value: 1.165076
[Normalizer]: min value: 0.446729
[Normalizer]: max value: 1.762776
[Normalizer]: normalized value: 0.545837

[Normalizer]: noise value: 1.063757
[Normalizer]: min value: 0.446729
[Normalizer]: max value: 1.762776
[Normalizer]: normalized value: 0.468849

[Normalizer]: noise value: 1.067548
[Normalizer]: min value: 0.446729
[Normalizer]: max value: 1.762776
[Normalizer]: normalized value: 0.471730

[Normalizer]: noise value: 1.019238
[Normalizer]: min value: 0.446729
[Normalizer]: max value: 1.762776
[Normalizer]: normalized value: 0.435021

[Normalizer]: noise value: 1.209654
[Normalizer]: min value: 0.446729
[Normalizer]: max value: 1.762776
[Normalizer]: normalized value: 0.579709

[Normalizer]: noise value: 0.993493
[Normalizer]: min value: 0.446729
[Normalizer]: max value: 1.762776
[Normalizer]: normalized value: 0.415459

[Normalizer]: noise value: 0.960742
[Normalizer]: min value: 0.446729
[Normalizer]: max value: 1.762776
[Normalizer]: normalized value: 0.390573

[Normalizer]: noise value: 1.483817
[Normalizer]: min value: 0.446729
[Normalizer]: max value: 1.762776
[Normalizer]: normalized value: 0.788032

[Normalizer]: noise value: 1.347222
[Normalizer]: min value: 0.446729
[Normalizer]: max value: 1.762776
[Normalizer]: normalized value: 0.684241

[Normalizer]: noise value: 0.972205
[Normalizer]: min value: 0.446729
[Normalizer]: max value: 1.762776
[Normalizer]: normalized value: 0.399284

[Normalizer]: noise value: 1.076995
[Normalizer]: min value: 0.446729
[Normalizer]: max value: 1.762776
[Normalizer]: normalized value: 0.478908

[Normalizer]: noise value: 0.843265
[Normalizer]: min value: 0.446729
[Normalizer]: max value: 1.762776
[Normalizer]: normalized value: 0.301308

[Normalizer]: noise value: 0.999026
[Normalizer]: min value: 0.446729
[Normalizer]: max value: 1.762776
[Normalizer]: normalized value: 0.419663

