[Normalizer]: noise value: 1.041242
[Normalizer]: min value: 0.390205
[Normalizer]: max value: 1.810006
[Normalizer]: normalized value: 0.458541

[Normalizer]: noise value: 1.035066
[Normalizer]: min value: 0.390205
[Normalizer]: max value: 1.810006
[Normalizer]: normalized value: 0.454191

[Normalizer]: noise value: 1.194681
[Normalizer]: min value: 0.390205
[Normalizer]: max value: 1.810006
[Normalizer]: normalized value: 0.566612

[Normalizer]: noise value: 1.289457
[Normalizer]: min value: 0.390205
[Normalizer]: max value: 1.810006
[Normalizer]: normalized value: 0.633365

[Normalizer]: noise value: 1.064549
[Normalizer]: min value: 0.390205
[Normalizer]: max value: 1.810006
[Normalizer]: normalized value: 0.474957

[Normalizer]: noise value: 1.226751
[Normalizer]: min value: 0.390205
[Normalizer]: max value: 1.810006
[Normalizer]: normalized value: 0.589200

[Normalizer]: noise value: 1.083965
[Normalizer]: min value: 0.390205
[Normalizer]: max value: 1.810006
[Normalizer]: normalized value: 0.488632

[Normalizer]: noise value: 1.461638
[Normalizer]: min value: 0.390205
[Normalizer]: max value: 1.810006
[Normalizer]: normalized value: 0.754636

[Normalizer]: noise value: 0.740384
[Normalizer]: min value: 0.390205
[Normalizer]: max value: 1.810006
[Normalizer]: normalized value: 0.246640

[Normalizer]: noise value: 1.044027
[Normalizer]: min value: 0.390205
[Normalizer]: max value: 1.810006
[Normalizer]: normalized value: 0.460502

[Normalizer]: noise value: 1.153195
[Normalizer]: min value: 0.390205
[Normalizer]: max value: 1.810006
[Normalizer]: normalized value: 0.537392

[Normalizer]: noise value: 1.126327
[Normalizer]: min value: 0.390205
[Normalizer]: max value: 1.810006
[Normalizer]: normalized value: 0.518469

[Normalizer]: noise value: 1.278996
[Normalizer]: min value: 0.390205
[Normalizer]: max value: 1.810006
[Normalizer]: normalized value: 0.625997

[Normalizer]: noise value: 0.954873
[Normalizer]: min value: 0.390205
[Normalizer]: max value: 1.810006
[Normalizer]: normalized value: 0.397709

[Normalizer]: noise value: 1.551584
[Normalizer]: min value: 0.390205
[Normalizer]: max value: 1.810006
[Normalizer]: normalized value: 0.817987

[Normalizer]: noise value: 1.066661
[Normalizer]: min value: 0.390205
[Normalizer]: max value: 1.810006
[Normalizer]: normalized value: 0.476444

[Normalizer]: noise value: 1.023788
[Normalizer]: min value: 0.390205
[Normalizer]: max value: 1.810006
[Normalizer]: normalized value: 0.446248

[Normalizer]: noise value: 1.352916
[Normalizer]: min value: 0.390205
[Normalizer]: max value: 1.810006
[Normalizer]: normalized value: 0.678061

[Normalizer]: noise value: 0.796879
[Normalizer]: min value: 0.390205
[Normalizer]: max value: 1.810006
[Normalizer]: normalized value: 0.286430

[Normalizer]: noise value: 1.240177
[Normalizer]: min value: 0.390205
[Normalizer]: max value: 1.810006
[Normalizer]: normalized value: 0.598656

[Normalizer]: noise value: 1.225627
[Normalizer]: min value: 0.390205
[Normalizer]: max value: 1.810006
[Normalizer]: normalized value: 0.588408

[Normalizer]: noise value: 0.909867
[Normalizer]: min value: 0.390205
[Normalizer]: max value: 1.810006
[Normalizer]: normalized value: 0.366010

[Normalizer]: noise value: 0.558246
[Normalizer]: min value: 0.390205
[Normalizer]: max value: 1.810006
[Normalizer]: normalized value: 0.118356

[Normalizer]: noise value: 1.350498
[Normalizer]: min value: 0.390205
[Normalizer]: max value: 1.810006
[Normalizer]: normalized value: 0.676358

[Normalizer]: noise value: 1.291833
[Normalizer]: min value: 0.390205
[Normalizer]: max value: 1.810006
[Normalizer]: normalized value: 0.635038

[Normalizer]: noise value: 1.062138
[Normalizer]: min value: 0.390205
[Normalizer]: max value: 1.810006
[Normalizer]: normalized value: 0.473259

[Normalizer]: noise value: 1.205837
[Normalizer]: min value: 0.390205
[Normalizer]: max value: 1.810006
[Normalizer]: normalized value: 0.574469

[Normalizer]: noise value: 0.947399
[Normalizer]: min value: 0.390205
[Normalizer]: max value: 1.810006
[Normalizer]: normalized value: 0.392445

[Normalizer]: noise value: 1.047917
[Normalizer]: min value: 0.390205
[Normalizer]: max value: 1.810006
[Normalizer]: normalized value: 0.463243

[Normalizer]: noise value: 1.115065
[Normalizer]: min value: 0.390205
[Normalizer]: max value: 1.810006
[Normalizer]: normalized value: 0.510537

[Normalizer]: noise value: 1.255441
[Normalizer]: min value: 0.390205
[Normalizer]: max value: 1.810006
[Normalizer]: normalized value: 0.609406

[Normalizer]: noise value: 0.874032
[Normalizer]: min value: 0.390205
[Normalizer]: max value: 1.810006
[Normalizer]: normalized value: 0.340771

[Normalizer]: noise value: 0.629473
[Normalizer]: min value: 0.390205
[Normalizer]: max value: 1.810006
[Normalizer]: normalized value: 0.168523

[Normalizer]: noise value: 1.322451
[Normalizer]: min value: 0.390205
[Normalizer]: max value: 1.810006
[Normalizer]: normalized value: 0.656603

[Normalizer]: noise value: 1.156959
[Normalizer]: min value: 0.390205
[Normalizer]: max value: 1.810006
[Normalizer]: normalized value: 0.540043

[Normalizer]: noise value: 1.162207
[Normalizer]: min value: 0.390205
[Normalizer]: max value: 1.810006
[Normalizer]: normalized value: 0.543740

[Normalizer]: noise value: 0.790600
[Normalizer]: min value: 0.390205
[Normalizer]: max value: 1.810006
[Normalizer]: normalized value: 0.282008

[Normalizer]: noise value: 1.269467
[Normalizer]: min value: 0.390205
[Normalizer]: max value: 1.810006
[Normalizer]: normalized value: 0.619286

[Normalizer]: noise value: 1.011736
[Normalizer]: min value: 0.390205
[Normalizer]: max value: 1.810006
[Normalizer]: normalized value: 0.437759

[Normalizer]: noise value: 1.437183
[Normalizer]: min value: 0.390205
[Normalizer]: max value: 1.810006
[Normalizer]: normalized value: 0.737412

[Normalizer]: noise value: 1.443896
[Normalizer]: min value: 0.390205
[Normalizer]: max value: 1.810006
[Normalizer]: normalized value: 0.742140

[Normalizer]: noise value: 1.027397
[Normalizer]: min value: 0.390205
[Normalizer]: max value: 1.810006
[Normalizer]: normalized value: 0.448790

[Normalizer]: noise value: 0.852384
[Normalizer]: min value: 0.390205
[Normalizer]: max value: 1.810006
[Normalizer]: normalized value: 0.325524

[Normalizer]: noise value: 1.355717
[Normalizer]: min value: 0.390205
[Normalizer]: max value: 1.810006
[Normalizer]: normalized value: 0.680034

[Normalizer]: noise value: 1.116160
[Normalizer]: min value: 0.390205
[Normalizer]: max value: 1.810006
[Normalizer]: normalized value: 0.511308

[Normalizer]: noise value: 1.054079
[Normalizer]: min value: 0.390205
[Normalizer]: max value: 1.810006
[Normalizer]: normalized value: 0.467583

[Normalizer]: noise value: 0.664046
[Normalizer]: min value: 0.390205
[Normalizer]: max value: 1.810006
[Normalizer]: normalized value: 0.192873

[Normalizer]: noise value: 1.000550
[Normalizer]: min value: 0.390205
[Normalizer]: max value: 1.810006
[Normalizer]: normalized value: 0.429881

[Normalizer]: noise value: 1.040814
[Normalizer]: min value: 0.390205
[Normalizer]: max value: 1.810006
[Normalizer]: normalized value: 0.458240

[Normalizer]: noise value: 0.800234
[Normalizer]: min value: 0.390205
[Normalizer]: max value: 1.810006
[Normalizer]: normalized value: 0.288793

[Normalizer]: noise value: 1.014754
[Normalizer]: min value: 0.390205
[Normalizer]: max value: 1.810006
[Normalizer]: normalized value: 0.439885

[Normalizer]: noise value: 1.121671
[Normalizer]: min value: 0.390205
[Normalizer]: max value: 1.810006
[Normalizer]: normalized value: 0.515189

[Normalizer]: noise value: 0.729209
[Normalizer]: min value: 0.390205
[Normalizer]: max value: 1.810006
[Normalizer]: normalized value: 0.238769

[Normalizer]: noise value: 1.125217
[Normalizer]: min value: 0.390205
[Normalizer]: max value: 1.810006
[Normalizer]: normalized value: 0.517687

[Normalizer]: noise value: 1.075263
[Normalizer]: min value: 0.390205
[Normalizer]: max value: 1.810006
[Normalizer]: normalized value: 0.482503

[Normalizer]: noise value: 1.238013
[Normalizer]: min value: 0.390205
[Normalizer]: max value: 1.810006
[Normalizer]: normalized value: 0.597132

[Normalizer]: noise value: 1.404671
[Normalizer]: min value: 0.390205
[Normalizer]: max value: 1.810006
[Normalizer]: normalized value: 0.714513

[Normalizer]: noise value: 1.287459
[Normalizer]: min value: 0.390205
[Normalizer]: max value: 1.810006
[Normalizer]: normalized value: 0.631958

[Normalizer]: noise value: 1.341094
[Normalizer]: min value: 0.390205
[Normalizer]: max value: 1.810006
[Normalizer]: normalized value: 0.669734

[Normalizer]: noise value: 1.191050
[Normalizer]: min value: 0.390205
[Normalizer]: max value: 1.810006
[Normalizer]: normalized value: 0.564055

[Normalizer]: noise value: 1.061318
[Normalizer]: min value: 0.390205
[Normalizer]: max value: 1.810006
[Normalizer]: normalized value: 0.472681

[Normalizer]: noise value: 1.463347
[Normalizer]: min value: 0.390205
[Normalizer]: max value: 1.810006
[Normalizer]: normalized value: 0.755840

[Normalizer]: noise value: 1.484806
[Normalizer]: min value: 0.390205
[Normalizer]: max value: 1.810006
[Normalizer]: normalized value: 0.770954

[Normalizer]: noise value: 0.798414
[Normalizer]: min value: 0.390205
[Normalizer]: max value: 1.810006
[Normalizer]: normalized value: 0.287512

[Normalizer]: noise value: 0.897673
[Normalizer]: min value: 0.390205
[Normalizer]: max value: 1.810006
[Normalizer]: normalized value: 0.357422

[Normalizer]: noise value: 0.959436
[Normalizer]: min value: 0.390205
[Normalizer]: max value: 1.810006
[Normalizer]: normalized value: 0.400923

[Normalizer]: noise value: 1.279885
[Normalizer]: min value: 0.390205
[Normalizer]: max value: 1.810006
[Normalizer]: normalized value: 0.626623

[Normalizer]: noise value: 1.253266
[Normalizer]: min value: 0.390205
[Normalizer]: max value: 1.810006
[Normalizer]: normalized value: 0.607875

[Normalizer]: noise value: 0.749788
[Normalizer]: min value: 0.390205
[Normalizer]: max value: 1.810006
[Normalizer]: normalized value: 0.253263

[Normalizer]: noise value: 0.957188
[Normalizer]: min value: 0.390205
[Normalizer]: max value: 1.810006
[Normalizer]: normalized value: 0.399340

[Normalizer]: noise value: 1.526094
[Normalizer]: min value: 0.390205
[Normalizer]: max value: 1.810006
[Normalizer]: normalized value: 0.800034

[Normalizer]: noise value: 1.219380
[Normalizer]: min value: 0.390205
[Normalizer]: max value: 1.810006
[Normalizer]: normalized value: 0.584008

[Normalizer]: noise value: 0.946444
[Normalizer]: min value: 0.390205
[Normalizer]: max value: 1.810006
[Normalizer]: normalized value: 0.391772

[Normalizer]: noise value: 0.908807
[Normalizer]: min value: 0.390205
[Normalizer]: max value: 1.810006
[Normalizer]: normalized value: 0.365264

[Normalizer]: noise value: 0.765393
[Normalizer]: min value: 0.390205
[Normalizer]: max value: 1.810006
[Normalizer]: normalized value: 0.264254

[Normalizer]: noise value: 1.271027
[Normalizer]: min value: 0.390205
[Normalizer]: max value: 1.810006
[Normalizer]: normalized value: 0.620384

[Normalizer]: noise value: 0.942441
[Normalizer]: min value: 0.390205
[Normalizer]: max value: 1.810006
[Normalizer]: normalized value: 0.388953

[Normalizer]: noise value: 1.179558
[Normalizer]: min value: 0.390205
[Normalizer]: max value: 1.810006
[Normalizer]: normalized value: 0.555961

[Normalizer]: noise value: 1.166034
[Normalizer]: min value: 0.390205
[Normalizer]: max value: 1.810006
[Normalizer]: normalized value: 0.546435

[Normalizer]: noise value: 0.768267
[Normalizer]: min value: 0.390205
[Normalizer]: max value: 1.810006
[Normalizer]: normalized value: 0.266279

[Normalizer]: noise value: 1.068489
[Normalizer]: min value: 0.390205
[Normalizer]: max value: 1.810006
[Normalizer]: normalized value: 0.477732

[Normalizer]: noise value: 1.007932
[Normalizer]: min value: 0.390205
[Normalizer]: max value: 1.810006
[Normalizer]: normalized value: 0.435080

[Normalizer]: noise value: 1.251162
[Normalizer]: min value: 0.390205
[Normalizer]: max value: 1.810006
[Normalizer]: normalized value: 0.606393

[Normalizer]: noise value: 1.364191
[Normalizer]: min value: 0.390205
[Normalizer]: max value: 1.810006
[Normalizer]: normalized value: 0.686002

[Normalizer]: noise value: 1.149357
[Normalizer]: min value: 0.390205
[Normalizer]: max value: 1.810006
[Normalizer]: normalized value: 0.534689

[Normalizer]: noise value: 1.372176
[Normalizer]: min value: 0.390205
[Normalizer]: max value: 1.810006
[Normalizer]: normalized value: 0.691626

[Normalizer]: noise value: 1.166908
[Normalizer]: min value: 0.390205
[Normalizer]: max value: 1.810006
[Normalizer]: normalized value: 0.547051

[Normalizer]: noise value: 1.413279
[Normalizer]: min value: 0.390205
[Normalizer]: max value: 1.810006
[Normalizer]: normalized value: 0.720576

[Normalizer]: noise value: 1.145027
[Normalizer]: min value: 0.390205
[Normalizer]: max value: 1.810006
[Normalizer]: normalized value: 0.531640

[Normalizer]: noise value: 0.787855
[Normalizer]: min value: 0.390205
[Normalizer]: max value: 1.810006
[Normalizer]: normalized value: 0.280074

[Normalizer]: noise value: 1.274471
[Normalizer]: min value: 0.390205
[Normalizer]: max value: 1.810006
[Normalizer]: normalized value: 0.622810

[Normalizer]: noise value: 1.023156
[Normalizer]: min value: 0.390205
[Normalizer]: max value: 1.810006
[Normalizer]: normalized value: 0.445803

[Normalizer]: noise value: 0.742631
[Normalizer]: min value: 0.390205
[Normalizer]: max value: 1.810006
[Normalizer]: normalized value: 0.248222

[Normalizer]: noise value: 1.337912
[Normalizer]: min value: 0.390205
[Normalizer]: max value: 1.810006
[Normalizer]: normalized value: 0.667493

[Normalizer]: noise value: 1.052942
[Normalizer]: min value: 0.390205
[Normalizer]: max value: 1.810006
[Normalizer]: normalized value: 0.466782

[Normalizer]: noise value: 1.255552
[Normalizer]: min value: 0.390205
[Normalizer]: max value: 1.810006
[Normalizer]: normalized value: 0.609485

[Normalizer]: noise value: 0.963011
[Normalizer]: min value: 0.390205
[Normalizer]: max value: 1.810006
[Normalizer]: normalized value: 0.403441

[Normalizer]: noise value: 0.883253
[Normalizer]: min value: 0.390205
[Normalizer]: max value: 1.810006
[Normalizer]: normalized value: 0.347266

[Normalizer]: noise value: 0.866493
[Normalizer]: min value: 0.390205
[Normalizer]: max value: 1.810006
[Normalizer]: normalized value: 0.335461

[Normalizer]: noise value: 1.095398
[Normalizer]: min value: 0.390205
[Normalizer]: max value: 1.810006
[Normalizer]: normalized value: 0.496685

[Normalizer]: noise value: 0.839575
[Normalizer]: min value: 0.390205
[Normalizer]: max value: 1.810006
[Normalizer]: normalized value: 0.316502

[Normalizer]: noise value: 0.695040
[Normalizer]: min value: 0.390205
[Normalizer]: max value: 1.810006
[Normalizer]: normalized value: 0.214703

[Normalizer]: noise value: 1.374030
[Normalizer]: min value: 0.390205
[Normalizer]: max value: 1.810006
[Normalizer]: normalized value: 0.692932

[Normalizer]: noise value: 1.299791
[Normalizer]: min value: 0.390205
[Normalizer]: max value: 1.810006
[Normalizer]: normalized value: 0.640643

[Normalizer]: noise value: 1.768178
[Normalizer]: min value: 0.390205
[Normalizer]: max value: 1.810006
[Normalizer]: normalized value: 0.970539

[Normalizer]: noise value: 0.958698
[Normalizer]: min value: 0.390205
[Normalizer]: max value: 1.810006
[Normalizer]: normalized value: 0.400404

[Normalizer]: noise value: 1.157424
[Normalizer]: min value: 0.390205
[Normalizer]: max value: 1.810006
[Normalizer]: normalized value: 0.540371

[Normalizer]: noise value: 1.155909
[Normalizer]: min value: 0.390205
[Normalizer]: max value: 1.810006
[Normalizer]: normalized value: 0.539304

[Normalizer]: noise value: 1.086558
[Normalizer]: min value: 0.390205
[Normalizer]: max value: 1.810006
[Normalizer]: normalized value: 0.490458

[Normalizer]: noise value: 1.062804
[Normalizer]: min value: 0.390205
[Normalizer]: max value: 1.810006
[Normalizer]: normalized value: 0.473728

[Normalizer]: noise value: 0.689230
[Normalizer]: min value: 0.390205
[Normalizer]: max value: 1.810006
[Normalizer]: normalized value: 0.210611

[Normalizer]: noise value: 1.017904
[Normalizer]: min value: 0.390205
[Normalizer]: max value: 1.810006
[Normalizer]: normalized value: 0.442103

[Normalizer]: noise value: 1.049265
[Normalizer]: min value: 0.390205
[Normalizer]: max value: 1.810006
[Normalizer]: normalized value: 0.464192

[Normalizer]: noise value: 1.316696
[Normalizer]: min value: 0.390205
[Normalizer]: max value: 1.810006
[Normalizer]: normalized value: 0.652550

[Normalizer]: noise value: 1.287414
[Normalizer]: min value: 0.390205
[Normalizer]: max value: 1.810006
[Normalizer]: normalized value: 0.631926

[Normalizer]: noise value: 0.852838
[Normalizer]: min value: 0.390205
[Normalizer]: max value: 1.810006
[Normalizer]: normalized value: 0.325844

[Normalizer]: noise value: 1.141411
[Normalizer]: min value: 0.390205
[Normalizer]: max value: 1.810006
[Normalizer]: normalized value: 0.529092

[Normalizer]: noise value: 1.203290
[Normalizer]: min value: 0.390205
[Normalizer]: max value: 1.810006
[Normalizer]: normalized value: 0.572675

[Normalizer]: noise value: 0.917119
[Normalizer]: min value: 0.390205
[Normalizer]: max value: 1.810006
[Normalizer]: normalized value: 0.371119

[Normalizer]: noise value: 1.257617
[Normalizer]: min value: 0.390205
[Normalizer]: max value: 1.810006
[Normalizer]: normalized value: 0.610939

[Normalizer]: noise value: 1.287678
[Normalizer]: min value: 0.390205
[Normalizer]: max value: 1.810006
[Normalizer]: normalized value: 0.632112

[Normalizer]: noise value: 1.085462
[Normalizer]: min value: 0.390205
[Normalizer]: max value: 1.810006
[Normalizer]: normalized value: 0.489686

[Normalizer]: noise value: 1.341832
[Normalizer]: min value: 0.390205
[Normalizer]: max value: 1.810006
[Normalizer]: normalized value: 0.670254

[Normalizer]: noise value: 1.068424
[Normalizer]: min value: 0.390205
[Normalizer]: max value: 1.810006
[Normalizer]: normalized value: 0.477686

[Normalizer]: noise value: 1.332464
[Normalizer]: min value: 0.390205
[Normalizer]: max value: 1.810006
[Normalizer]: normalized value: 0.663656

[Normalizer]: noise value: 1.545321
[Normalizer]: min value: 0.390205
[Normalizer]: max value: 1.810006
[Normalizer]: normalized value: 0.813576

[Normalizer]: noise value: 1.430242
[Normalizer]: min value: 0.390205
[Normalizer]: max value: 1.810006
[Normalizer]: normalized value: 0.732524

[Normalizer]: noise value: 0.893081
[Normalizer]: min value: 0.390205
[Normalizer]: max value: 1.810006
[Normalizer]: normalized value: 0.354188

[Normalizer]: noise value: 1.074378
[Normalizer]: min value: 0.390205
[Normalizer]: max value: 1.810006
[Normalizer]: normalized value: 0.481879

[Normalizer]: noise value: 1.193502
[Normalizer]: min value: 0.390205
[Normalizer]: max value: 1.810006
[Normalizer]: normalized value: 0.565782

[Normalizer]: noise value: 1.033381
[Normalizer]: min value: 0.390205
[Normalizer]: max value: 1.810006
[Normalizer]: normalized value: 0.453005

[Normalizer]: noise value: 1.318619
[Normalizer]: min value: 0.390205
[Normalizer]: max value: 1.810006
[Normalizer]: normalized value: 0.653904

[Normalizer]: noise value: 0.991067
[Normalizer]: min value: 0.390205
[Normalizer]: max value: 1.810006
[Normalizer]: normalized value: 0.423202

[Normalizer]: noise value: 1.277500
[Normalizer]: min value: 0.390205
[Normalizer]: max value: 1.810006
[Normalizer]: normalized value: 0.624944

[Normalizer]: noise value: 1.131219
[Normalizer]: min value: 0.390205
[Normalizer]: max value: 1.810006
[Normalizer]: normalized value: 0.521914

[Normalizer]: noise value: 1.285603
[Normalizer]: min value: 0.390205
[Normalizer]: max value: 1.810006
[Normalizer]: normalized value: 0.630651

[Normalizer]: noise value: 0.718222
[Normalizer]: min value: 0.390205
[Normalizer]: max value: 1.810006
[Normalizer]: normalized value: 0.231030

[Normalizer]: noise value: 0.655142
[Normalizer]: min value: 0.390205
[Normalizer]: max value: 1.810006
[Normalizer]: normalized value: 0.186602

[Normalizer]: noise value: 1.150974
[Normalizer]: min value: 0.390205
[Normalizer]: max value: 1.810006
[Normalizer]: normalized value: 0.535828

[Normalizer]: noise value: 1.220642
[Normalizer]: min value: 0.390205
[Normalizer]: max value: 1.810006
[Normalizer]: normalized value: 0.584897

[Normalizer]: noise value: 0.935022
[Normalizer]: min value: 0.390205
[Normalizer]: max value: 1.810006
[Normalizer]: normalized value: 0.383728

[Normalizer]: noise value: 0.806326
[Normalizer]: min value: 0.390205
[Normalizer]: max value: 1.810006
[Normalizer]: normalized value: 0.293084

[Normalizer]: noise value: 0.813799
[Normalizer]: min value: 0.390205
[Normalizer]: max value: 1.810006
[Normalizer]: normalized value: 0.298348

[Normalizer]: noise value: 1.334025
[Normalizer]: min value: 0.390205
[Normalizer]: max value: 1.810006
[Normalizer]: normalized value: 0.664755

[Normalizer]: noise value: 1.012557
[Normalizer]: min value: 0.390205
[Normalizer]: max value: 1.810006
[Normalizer]: normalized value: 0.438337

[Normalizer]: noise value: 1.062313
[Normalizer]: min value: 0.390205
[Normalizer]: max value: 1.810006
[Normalizer]: normalized value: 0.473382

[Normalizer]: noise value: 1.067806
[Normalizer]: min value: 0.390205
[Normalizer]: max value: 1.810006
[Normalizer]: normalized value: 0.477251

[Normalizer]: noise value: 0.879882
[Normalizer]: min value: 0.390205
[Normalizer]: max value: 1.810006
[Normalizer]: normalized value: 0.344892

[Normalizer]: noise value: 1.010900
[Normalizer]: min value: 0.390205
[Normalizer]: max value: 1.810006
[Normalizer]: normalized value: 0.437171

[Normalizer]: noise value: 0.907213
[Normalizer]: min value: 0.390205
[Normalizer]: max value: 1.810006
[Normalizer]: normalized value: 0.364141

[Normalizer]: noise value: 0.600026
[Normalizer]: min value: 0.390205
[Normalizer]: max value: 1.810006
[Normalizer]: normalized value: 0.147782

[Normalizer]: noise value: 0.602740
[Normalizer]: min value: 0.390205
[Normalizer]: max value: 1.810006
[Normalizer]: normalized value: 0.149693

[Normalizer]: noise value: 1.483433
[Normalizer]: min value: 0.390205
[Normalizer]: max value: 1.810006
[Normalizer]: normalized value: 0.769987

[Normalizer]: noise value: 1.381752
[Normalizer]: min value: 0.390205
[Normalizer]: max value: 1.810006
[Normalizer]: normalized value: 0.698371

[Normalizer]: noise value: 1.116757
[Normalizer]: min value: 0.390205
[Normalizer]: max value: 1.810006
[Normalizer]: normalized value: 0.511728

[Normalizer]: noise value: 0.693185
[Normalizer]: min value: 0.390205
[Normalizer]: max value: 1.810006
[Normalizer]: normalized value: 0.213396

[Normalizer]: noise value: 1.350150
[Normalizer]: min value: 0.390205
[Normalizer]: max value: 1.810006
[Normalizer]: normalized value: 0.676113

[Normalizer]: noise value: 0.903097
[Normalizer]: min value: 0.390205
[Normalizer]: max value: 1.810006
[Normalizer]: normalized value: 0.361243

[Normalizer]: noise value: 1.129893
[Normalizer]: min value: 0.390205
[Normalizer]: max value: 1.810006
[Normalizer]: normalized value: 0.520980

[Normalizer]: noise value: 1.157352
[Normalizer]: min value: 0.390205
[Normalizer]: max value: 1.810006
[Normalizer]: normalized value: 0.540320

[Normalizer]: noise value: 1.258563
[Normalizer]: min value: 0.390205
[Normalizer]: max value: 1.810006
[Normalizer]: normalized value: 0.611606

[Normalizer]: noise value: 1.172474
[Normalizer]: min value: 0.390205
[Normalizer]: max value: 1.810006
[Normalizer]: normalized value: 0.550971

[Normalizer]: noise value: 1.321418
[Normalizer]: min value: 0.390205
[Normalizer]: max value: 1.810006
[Normalizer]: normalized value: 0.655876

[Normalizer]: noise value: 0.860273
[Normalizer]: min value: 0.390205
[Normalizer]: max value: 1.810006
[Normalizer]: normalized value: 0.331081

[Normalizer]: noise value: 1.639199
[Normalizer]: min value: 0.390205
[Normalizer]: max value: 1.810006
[Normalizer]: normalized value: 0.879696

[Normalizer]: noise value: 1.177347
[Normalizer]: min value: 0.390205
[Normalizer]: max value: 1.810006
[Normalizer]: normalized value: 0.554403

[Normalizer]: noise value: 1.098355
[Normalizer]: min value: 0.390205
[Normalizer]: max value: 1.810006
[Normalizer]: normalized value: 0.498767

[Normalizer]: noise value: 0.999045
[Normalizer]: min value: 0.390205
[Normalizer]: max value: 1.810006
[Normalizer]: normalized value: 0.428821

[Normalizer]: noise value: 1.088464
[Normalizer]: min value: 0.390205
[Normalizer]: max value: 1.810006
[Normalizer]: normalized value: 0.491801

[Normalizer]: noise value: 1.246479
[Normalizer]: min value: 0.390205
[Normalizer]: max value: 1.810006
[Normalizer]: normalized value: 0.603095

[Normalizer]: noise value: 0.974028
[Normalizer]: min value: 0.390205
[Normalizer]: max value: 1.810006
[Normalizer]: normalized value: 0.411201

[Normalizer]: noise value: 1.539928
[Normalizer]: min value: 0.390205
[Normalizer]: max value: 1.810006
[Normalizer]: normalized value: 0.809778

[Normalizer]: noise value: 1.073736
[Normalizer]: min value: 0.390205
[Normalizer]: max value: 1.810006
[Normalizer]: normalized value: 0.481428

[Normalizer]: noise value: 0.691598
[Normalizer]: min value: 0.390205
[Normalizer]: max value: 1.810006
[Normalizer]: normalized value: 0.212279

[Normalizer]: noise value: 0.953269
[Normalizer]: min value: 0.390205
[Normalizer]: max value: 1.810006
[Normalizer]: normalized value: 0.396580

[Normalizer]: noise value: 1.030207
[Normalizer]: min value: 0.390205
[Normalizer]: max value: 1.810006
[Normalizer]: normalized value: 0.450769

[Normalizer]: noise value: 0.758649
[Normalizer]: min value: 0.390205
[Normalizer]: max value: 1.810006
[Normalizer]: normalized value: 0.259504

[Normalizer]: noise value: 1.436618
[Normalizer]: min value: 0.390205
[Normalizer]: max value: 1.810006
[Normalizer]: normalized value: 0.737014

[Normalizer]: noise value: 1.202024
[Normalizer]: min value: 0.390205
[Normalizer]: max value: 1.810006
[Normalizer]: normalized value: 0.571784

[Normalizer]: noise value: 1.104883
[Normalizer]: min value: 0.390205
[Normalizer]: max value: 1.810006
[Normalizer]: normalized value: 0.503365

[Normalizer]: noise value: 1.027136
[Normalizer]: min value: 0.390205
[Normalizer]: max value: 1.810006
[Normalizer]: normalized value: 0.448606

[Normalizer]: noise value: 1.131426
[Normalizer]: min value: 0.390205
[Normalizer]: max value: 1.810006
[Normalizer]: normalized value: 0.522060

[Normalizer]: noise value: 0.793945
[Normalizer]: min value: 0.390205
[Normalizer]: max value: 1.810006
[Normalizer]: normalized value: 0.284364

[Normalizer]: noise value: 1.032866
[Normalizer]: min value: 0.390205
[Normalizer]: max value: 1.810006
[Normalizer]: normalized value: 0.452642

[Normalizer]: noise value: 1.281992
[Normalizer]: min value: 0.390205
[Normalizer]: max value: 1.810006
[Normalizer]: normalized value: 0.628107

[Normalizer]: noise value: 1.369275
[Normalizer]: min value: 0.390205
[Normalizer]: max value: 1.810006
[Normalizer]: normalized value: 0.689583

[Normalizer]: noise value: 1.054283
[Normalizer]: min value: 0.390205
[Normalizer]: max value: 1.810006
[Normalizer]: normalized value: 0.467726

[Normalizer]: noise value: 1.175535
[Normalizer]: min value: 0.390205
[Normalizer]: max value: 1.810006
[Normalizer]: normalized value: 0.553127

[Normalizer]: noise value: 1.002271
[Normalizer]: min value: 0.390205
[Normalizer]: max value: 1.810006
[Normalizer]: normalized value: 0.431093

[Normalizer]: noise value: 1.010764
[Normalizer]: min value: 0.390205
[Normalizer]: max value: 1.810006
[Normalizer]: normalized value: 0.437075

[Normalizer]: noise value: 0.885140
[Normalizer]: min value: 0.390205
[Normalizer]: max value: 1.810006
[Normalizer]: normalized value: 0.348595

[Normalizer]: noise value: 1.215591
[Normalizer]: min value: 0.390205
[Normalizer]: max value: 1.810006
[Normalizer]: normalized value: 0.581339

[Normalizer]: noise value: 1.343626
[Normalizer]: min value: 0.390205
[Normalizer]: max value: 1.810006
[Normalizer]: normalized value: 0.671518

[Normalizer]: noise value: 0.835222
[Normalizer]: min value: 0.390205
[Normalizer]: max value: 1.810006
[Normalizer]: normalized value: 0.313437

[Normalizer]: noise value: 1.506589
[Normalizer]: min value: 0.390205
[Normalizer]: max value: 1.810006
[Normalizer]: normalized value: 0.786296

[Normalizer]: noise value: 1.340624
[Normalizer]: min value: 0.390205
[Normalizer]: max value: 1.810006
[Normalizer]: normalized value: 0.669403

[Normalizer]: noise value: 0.993116
[Normalizer]: min value: 0.390205
[Normalizer]: max value: 1.810006
[Normalizer]: normalized value: 0.424645

[Normalizer]: noise value: 1.370380
[Normalizer]: min value: 0.390205
[Normalizer]: max value: 1.810006
[Normalizer]: normalized value: 0.690361

[Normalizer]: noise value: 1.078177
[Normalizer]: min value: 0.390205
[Normalizer]: max value: 1.810006
[Normalizer]: normalized value: 0.484555

[Normalizer]: noise value: 1.092380
[Normalizer]: min value: 0.390205
[Normalizer]: max value: 1.810006
[Normalizer]: normalized value: 0.494559

[Normalizer]: noise value: 0.740776
[Normalizer]: min value: 0.390205
[Normalizer]: max value: 1.810006
[Normalizer]: normalized value: 0.246916

[Normalizer]: noise value: 1.081107
[Normalizer]: min value: 0.390205
[Normalizer]: max value: 1.810006
[Normalizer]: normalized value: 0.486619

[Normalizer]: noise value: 1.209866
[Normalizer]: min value: 0.390205
[Normalizer]: max value: 1.810006
[Normalizer]: normalized value: 0.577307

[Normalizer]: noise value: 1.097167
[Normalizer]: min value: 0.390205
[Normalizer]: max value: 1.810006
[Normalizer]: normalized value: 0.497931

[Normalizer]: noise value: 1.105107
[Normalizer]: min value: 0.390205
[Normalizer]: max value: 1.810006
[Normalizer]: normalized value: 0.503523

[Normalizer]: noise value: 1.168354
[Normalizer]: min value: 0.390205
[Normalizer]: max value: 1.810006
[Normalizer]: normalized value: 0.548069

[Normalizer]: noise value: 0.854601
[Normalizer]: min value: 0.390205
[Normalizer]: max value: 1.810006
[Normalizer]: normalized value: 0.327085

[Normalizer]: noise value: 1.150903
[Normalizer]: min value: 0.390205
[Normalizer]: max value: 1.810006
[Normalizer]: normalized value: 0.535778

[Normalizer]: noise value: 1.291229
[Normalizer]: min value: 0.390205
[Normalizer]: max value: 1.810006
[Normalizer]: normalized value: 0.634613

[Normalizer]: noise value: 1.510910
[Normalizer]: min value: 0.390205
[Normalizer]: max value: 1.810006
[Normalizer]: normalized value: 0.789340

[Normalizer]: noise value: 1.179933
[Normalizer]: min value: 0.390205
[Normalizer]: max value: 1.810006
[Normalizer]: normalized value: 0.556225

[Normalizer]: noise value: 1.309978
[Normalizer]: min value: 0.390205
[Normalizer]: max value: 1.810006
[Normalizer]: normalized value: 0.647818

[Normalizer]: noise value: 0.983997
[Normalizer]: min value: 0.390205
[Normalizer]: max value: 1.810006
[Normalizer]: normalized value: 0.418222

[Normalizer]: noise value: 1.278856
[Normalizer]: min value: 0.390205
[Normalizer]: max value: 1.810006
[Normalizer]: normalized value: 0.625898

[Normalizer]: noise value: 0.889575
[Normalizer]: min value: 0.390205
[Normalizer]: max value: 1.810006
[Normalizer]: normalized value: 0.351718

[Normalizer]: noise value: 1.130175
[Normalizer]: min value: 0.390205
[Normalizer]: max value: 1.810006
[Normalizer]: normalized value: 0.521179

[Normalizer]: noise value: 1.453591
[Normalizer]: min value: 0.390205
[Normalizer]: max value: 1.810006
[Normalizer]: normalized value: 0.748968

[Normalizer]: noise value: 1.294345
[Normalizer]: min value: 0.390205
[Normalizer]: max value: 1.810006
[Normalizer]: normalized value: 0.636807

[Normalizer]: noise value: 0.967587
[Normalizer]: min value: 0.390205
[Normalizer]: max value: 1.810006
[Normalizer]: normalized value: 0.406664

[Normalizer]: noise value: 1.112209
[Normalizer]: min value: 0.390205
[Normalizer]: max value: 1.810006
[Normalizer]: normalized value: 0.508525

[Normalizer]: noise value: 1.301342
[Normalizer]: min value: 0.390205
[Normalizer]: max value: 1.810006
[Normalizer]: normalized value: 0.641736

[Normalizer]: noise value: 1.246419
[Normalizer]: min value: 0.390205
[Normalizer]: max value: 1.810006
[Normalizer]: normalized value: 0.603053

[Normalizer]: noise value: 0.751495
[Normalizer]: min value: 0.390205
[Normalizer]: max value: 1.810006
[Normalizer]: normalized value: 0.254466

[Normalizer]: noise value: 1.019534
[Normalizer]: min value: 0.390205
[Normalizer]: max value: 1.810006
[Normalizer]: normalized value: 0.443252

[Normalizer]: noise value: 0.873658
[Normalizer]: min value: 0.390205
[Normalizer]: max value: 1.810006
[Normalizer]: normalized value: 0.340508

[Normalizer]: noise value: 1.189146
[Normalizer]: min value: 0.390205
[Normalizer]: max value: 1.810006
[Normalizer]: normalized value: 0.562714

[Normalizer]: noise value: 1.321994
[Normalizer]: min value: 0.390205
[Normalizer]: max value: 1.810006
[Normalizer]: normalized value: 0.656282

[Normalizer]: noise value: 0.810420
[Normalizer]: min value: 0.390205
[Normalizer]: max value: 1.810006
[Normalizer]: normalized value: 0.295968

[Normalizer]: noise value: 1.427967
[Normalizer]: min value: 0.390205
[Normalizer]: max value: 1.810006
[Normalizer]: normalized value: 0.730921

[Normalizer]: noise value: 1.106700
[Normalizer]: min value: 0.390205
[Normalizer]: max value: 1.810006
[Normalizer]: normalized value: 0.504645

[Normalizer]: noise value: 0.849788
[Normalizer]: min value: 0.390205
[Normalizer]: max value: 1.810006
[Normalizer]: normalized value: 0.323696

[Normalizer]: noise value: 1.113641
[Normalizer]: min value: 0.390205
[Normalizer]: max value: 1.810006
[Normalizer]: normalized value: 0.509534

[Normalizer]: noise value: 1.195807
[Normalizer]: min value: 0.390205
[Normalizer]: max value: 1.810006
[Normalizer]: normalized value: 0.567405

[Normalizer]: noise value: 1.323736
[Normalizer]: min value: 0.390205
[Normalizer]: max value: 1.810006
[Normalizer]: normalized value: 0.657509

[Normalizer]: noise value: 0.903842
[Normalizer]: min value: 0.390205
[Normalizer]: max value: 1.810006
[Normalizer]: normalized value: 0.361767

[Normalizer]: noise value: 1.208288
[Normalizer]: min value: 0.390205
[Normalizer]: max value: 1.810006
[Normalizer]: normalized value: 0.576196

[Normalizer]: noise value: 1.175811
[Normalizer]: min value: 0.390205
[Normalizer]: max value: 1.810006
[Normalizer]: normalized value: 0.553322

[Normalizer]: noise value: 1.051671
[Normalizer]: min value: 0.390205
[Normalizer]: max value: 1.810006
[Normalizer]: normalized value: 0.465887

[Renderer.Renderer]: Logging init. Renderer in mode 1
